2025-05-31 22:01:05.471 [info] Started local extension host with pid 385180.
2025-05-31 22:01:05.484 [info] ComputeTargetPlatform: linux-x64
2025-05-31 22:01:05.616 [error] Extension 'luma.jupyter' wants API proposal 'notebookConcatTextDocument' but that proposal DOES NOT EXIST. Likely, the proposal has been finalized (check 'vscode.d.ts') or was abandoned.
2025-05-31 22:01:05.616 [error] Extension 'luma.jupyter' wants API proposal 'notebookControllerKind' but that proposal DOES NOT EXIST. Likely, the proposal has been finalized (check 'vscode.d.ts') or was abandoned.
2025-05-31 22:01:05.616 [error] Extension 'luma.jupyter' wants API proposal 'notebookDebugOptions' but that proposal DOES NOT EXIST. Likely, the proposal has been finalized (check 'vscode.d.ts') or was abandoned.
2025-05-31 22:01:05.616 [error] Extension 'luma.jupyter' wants API proposal 'notebookEditor' but that proposal DOES NOT EXIST. Likely, the proposal has been finalized (check 'vscode.d.ts') or was abandoned.
2025-05-31 22:01:05.616 [error] Extension 'luma.jupyter' wants API proposal 'notebookEditorDecorationType' but that proposal DOES NOT EXIST. Likely, the proposal has been finalized (check 'vscode.d.ts') or was abandoned.
2025-05-31 22:01:05.616 [error] Extension 'luma.jupyter' wants API proposal 'notebookEditorEdit' but that proposal DOES NOT EXIST. Likely, the proposal has been finalized (check 'vscode.d.ts') or was abandoned.
2025-05-31 22:01:05.616 [error] Extension 'luma.jupyter' wants API proposal 'textDocumentNotebook' but that proposal DOES NOT EXIST. Likely, the proposal has been finalized (check 'vscode.d.ts') or was abandoned.
2025-05-31 22:01:05.617 [error] Extension 'luma.jupyter CANNOT USE these API proposals 'notebookDeprecated, notebookMessaging, notebookMime, notebookCellExecutionState, portsAttributes, quickPickSortByLabel'. You MUST start in extension development mode or use the --enable-proposed-api command line flag
2025-05-31 22:01:05.628 [info] [luma.jupyter]: Command `jupyter.selectNativeJupyterUriFromToolBar` already registered by Jupyter (luma.jupyter)
2025-05-31 22:01:05.629 [info] [ms-toolsai.jupyter]: Command `dataScience.ClearCache` already registered by Jupyter (luma.jupyter)
2025-05-31 22:01:05.629 [info] [ms-toolsai.jupyter]: Command `jupyter.replayPylanceLog` already registered by Jupyter (luma.jupyter)
2025-05-31 22:01:05.629 [info] [ms-toolsai.jupyter]: Command `jupyter.replayPylanceLogStep` already registered by Jupyter (luma.jupyter)
2025-05-31 22:01:05.629 [info] [ms-toolsai.jupyter]: Command `jupyter.filterKernels` already registered by Jupyter (luma.jupyter)
2025-05-31 22:01:05.629 [info] [ms-toolsai.jupyter]: Command `jupyter.runByLine` already registered by Jupyter (luma.jupyter)
2025-05-31 22:01:05.629 [info] [ms-toolsai.jupyter]: Command `jupyter.runAndDebugCell` already registered by Jupyter (luma.jupyter)
2025-05-31 22:01:05.630 [info] [ms-toolsai.jupyter]: Command `jupyter.runByLineNext` already registered by Jupyter (luma.jupyter)
2025-05-31 22:01:05.630 [info] [ms-toolsai.jupyter]: Command `jupyter.runByLineStop` already registered by Jupyter (luma.jupyter)
2025-05-31 22:01:05.630 [info] [ms-toolsai.jupyter]: Command `jupyter.viewOutput` already registered by Jupyter (luma.jupyter)
2025-05-31 22:01:05.630 [info] [ms-toolsai.jupyter]: Command `jupyter.notebookeditor.export` already registered by Jupyter (luma.jupyter)
2025-05-31 22:01:05.630 [info] [ms-toolsai.jupyter]: Command `jupyter.export` already registered by Jupyter (luma.jupyter)
2025-05-31 22:01:05.630 [info] [ms-toolsai.jupyter]: Command `jupyter.exportAsPythonScript` already registered by Jupyter (luma.jupyter)
2025-05-31 22:01:05.630 [info] [ms-toolsai.jupyter]: Command `jupyter.exportToHTML` already registered by Jupyter (luma.jupyter)
2025-05-31 22:01:05.631 [info] [ms-toolsai.jupyter]: Command `jupyter.exportToPDF` already registered by Jupyter (luma.jupyter)
2025-05-31 22:01:05.631 [info] [ms-toolsai.jupyter]: Command `jupyter.selectJupyterInterpreter` already registered by Jupyter (luma.jupyter)
2025-05-31 22:01:05.631 [info] [ms-toolsai.jupyter]: Command `jupyter.runcurrentcell` already registered by Jupyter (luma.jupyter)
2025-05-31 22:01:05.631 [info] [ms-toolsai.jupyter]: Command `jupyter.debugcell` already registered by Jupyter (luma.jupyter)
2025-05-31 22:01:05.631 [info] [ms-toolsai.jupyter]: Command `jupyter.debugstepover` already registered by Jupyter (luma.jupyter)
2025-05-31 22:01:05.631 [info] [ms-toolsai.jupyter]: Command `jupyter.debugstop` already registered by Jupyter (luma.jupyter)
2025-05-31 22:01:05.632 [info] [ms-toolsai.jupyter]: Command `jupyter.debugcontinue` already registered by Jupyter (luma.jupyter)
2025-05-31 22:01:05.632 [info] [ms-toolsai.jupyter]: Command `jupyter.insertCellBelowPosition` already registered by Jupyter (luma.jupyter)
2025-05-31 22:01:05.632 [info] [ms-toolsai.jupyter]: Command `jupyter.insertCellBelow` already registered by Jupyter (luma.jupyter)
2025-05-31 22:01:05.632 [info] [ms-toolsai.jupyter]: Command `jupyter.insertCellAbove` already registered by Jupyter (luma.jupyter)
2025-05-31 22:01:05.632 [info] [ms-toolsai.jupyter]: Command `jupyter.deleteCells` already registered by Jupyter (luma.jupyter)
2025-05-31 22:01:05.632 [info] [ms-toolsai.jupyter]: Command `jupyter.selectCell` already registered by Jupyter (luma.jupyter)
2025-05-31 22:01:05.632 [info] [ms-toolsai.jupyter]: Command `jupyter.selectCellContents` already registered by Jupyter (luma.jupyter)
2025-05-31 22:01:05.632 [info] [ms-toolsai.jupyter]: Command `jupyter.extendSelectionByCellAbove` already registered by Jupyter (luma.jupyter)
2025-05-31 22:01:05.633 [info] [ms-toolsai.jupyter]: Command `jupyter.extendSelectionByCellBelow` already registered by Jupyter (luma.jupyter)
2025-05-31 22:01:05.633 [info] [ms-toolsai.jupyter]: Command `jupyter.moveCellsUp` already registered by Jupyter (luma.jupyter)
2025-05-31 22:01:05.633 [info] [ms-toolsai.jupyter]: Command `jupyter.moveCellsDown` already registered by Jupyter (luma.jupyter)
2025-05-31 22:01:05.633 [info] [ms-toolsai.jupyter]: Command `jupyter.changeCellToMarkdown` already registered by Jupyter (luma.jupyter)
2025-05-31 22:01:05.633 [info] [ms-toolsai.jupyter]: Command `jupyter.changeCellToCode` already registered by Jupyter (luma.jupyter)
2025-05-31 22:01:05.633 [info] [ms-toolsai.jupyter]: Command `jupyter.gotoNextCellInFile` already registered by Jupyter (luma.jupyter)
2025-05-31 22:01:05.633 [info] [ms-toolsai.jupyter]: Command `jupyter.gotoPrevCellInFile` already registered by Jupyter (luma.jupyter)
2025-05-31 22:01:05.633 [info] [ms-toolsai.jupyter]: Command `jupyter.runcurrentcelladvance` already registered by Jupyter (luma.jupyter)
2025-05-31 22:01:05.634 [info] [ms-toolsai.jupyter]: Command `jupyter.runcurrentcellandallbelow.palette` already registered by Jupyter (luma.jupyter)
2025-05-31 22:01:05.634 [info] [ms-toolsai.jupyter]: Command `jupyter.runallcellsabove.palette` already registered by Jupyter (luma.jupyter)
2025-05-31 22:01:05.634 [info] [ms-toolsai.jupyter]: Command `jupyter.debugcurrentcell.palette` already registered by Jupyter (luma.jupyter)
2025-05-31 22:01:05.634 [info] [ms-toolsai.jupyter]: Command `jupyter.execSelectionInteractive` already registered by Jupyter (luma.jupyter)
2025-05-31 22:01:05.634 [info] [ms-toolsai.jupyter]: Command `jupyter.createnewinteractive` already registered by Jupyter (luma.jupyter)
2025-05-31 22:01:05.634 [info] [ms-toolsai.jupyter]: Command `jupyter.runFileInteractive` already registered by Jupyter (luma.jupyter)
2025-05-31 22:01:05.634 [info] [ms-toolsai.jupyter]: Command `jupyter.debugFileInteractive` already registered by Jupyter (luma.jupyter)
2025-05-31 22:01:05.634 [info] [ms-toolsai.jupyter]: Command `jupyter.runallcells` already registered by Jupyter (luma.jupyter)
2025-05-31 22:01:05.635 [info] [ms-toolsai.jupyter]: Command `jupyter.runallcellsabove` already registered by Jupyter (luma.jupyter)
2025-05-31 22:01:05.635 [info] [ms-toolsai.jupyter]: Command `jupyter.runcellandallbelow` already registered by Jupyter (luma.jupyter)
2025-05-31 22:01:05.635 [info] [ms-toolsai.jupyter]: Command `jupyter.runcell` already registered by Jupyter (luma.jupyter)
2025-05-31 22:01:05.635 [info] [ms-toolsai.jupyter]: Command `jupyter.runtoline` already registered by Jupyter (luma.jupyter)
2025-05-31 22:01:05.635 [info] [ms-toolsai.jupyter]: Command `jupyter.runfromline` already registered by Jupyter (luma.jupyter)
2025-05-31 22:01:05.635 [info] [ms-toolsai.jupyter]: Command `jupyter.importnotebook` already registered by Jupyter (luma.jupyter)
2025-05-31 22:01:05.635 [info] [ms-toolsai.jupyter]: Command `jupyter.importnotebookfile` already registered by Jupyter (luma.jupyter)
2025-05-31 22:01:05.636 [info] [ms-toolsai.jupyter]: Command `jupyter.exportoutputasnotebook` already registered by Jupyter (luma.jupyter)
2025-05-31 22:01:05.636 [info] [ms-toolsai.jupyter]: Command `jupyter.exportfileasnotebook` already registered by Jupyter (luma.jupyter)
2025-05-31 22:01:05.636 [info] [ms-toolsai.jupyter]: Command `jupyter.exportfileandoutputasnotebook` already registered by Jupyter (luma.jupyter)
2025-05-31 22:01:05.636 [info] [ms-toolsai.jupyter]: Command `jupyter.interruptkernel` already registered by Jupyter (luma.jupyter)
2025-05-31 22:01:05.636 [info] [ms-toolsai.jupyter]: Command `jupyter.restartkernel` already registered by Jupyter (luma.jupyter)
2025-05-31 22:01:05.636 [info] [ms-toolsai.jupyter]: Command `jupyter.notebookeditor.addcellbelow` already registered by Jupyter (luma.jupyter)
2025-05-31 22:01:05.636 [info] [ms-toolsai.jupyter]: Command `jupyter.notebookeditor.removeallcells` already registered by Jupyter (luma.jupyter)
2025-05-31 22:01:05.637 [info] [ms-toolsai.jupyter]: Command `jupyter.expandallcells` already registered by Jupyter (luma.jupyter)
2025-05-31 22:01:05.637 [info] [ms-toolsai.jupyter]: Command `jupyter.collapseallcells` already registered by Jupyter (luma.jupyter)
2025-05-31 22:01:05.637 [info] [ms-toolsai.jupyter]: Command `jupyter.addcellbelow` already registered by Jupyter (luma.jupyter)
2025-05-31 22:01:05.637 [info] [ms-toolsai.jupyter]: Command `jupyter.createnewnotebook` already registered by Jupyter (luma.jupyter)
2025-05-31 22:01:05.637 [info] [ms-toolsai.jupyter]: Command `jupyter.scrolltocell` already registered by Jupyter (luma.jupyter)
2025-05-31 22:01:05.637 [info] [ms-toolsai.jupyter]: Command `jupyter.latestExtension` already registered by Jupyter (luma.jupyter)
2025-05-31 22:01:05.637 [info] [ms-toolsai.jupyter]: Command `jupyter.showDataViewer` already registered by Jupyter (luma.jupyter)
2025-05-31 22:01:05.637 [info] [ms-toolsai.jupyter]: Command `jupyter.clearSavedJupyterUris` already registered by Jupyter (luma.jupyter)
2025-05-31 22:01:05.638 [info] [ms-toolsai.jupyter]: Command `jupyter.openVariableView` already registered by Jupyter (luma.jupyter)
2025-05-31 22:01:05.638 [info] [ms-toolsai.jupyter]: Command `jupyter.openOutlineView` already registered by Jupyter (luma.jupyter)
2025-05-31 22:01:05.638 [info] [ms-toolsai.jupyter]: Command `jupyter.refreshDataViewer` already registered by Jupyter (luma.jupyter)
2025-05-31 22:01:05.638 [info] [ms-toolsai.jupyter]: Command `jupyter.interactive.clearAllCells` already registered by Jupyter (luma.jupyter)
2025-05-31 22:01:05.638 [info] [ms-toolsai.jupyter]: Command `jupyter.interactive.goToCode` already registered by Jupyter (luma.jupyter)
2025-05-31 22:01:05.638 [info] [ms-toolsai.jupyter]: Command `jupyter.interactive.exportasnotebook` already registered by Jupyter (luma.jupyter)
2025-05-31 22:01:05.638 [info] [ms-toolsai.jupyter]: Command `jupyter.interactive.exportas` already registered by Jupyter (luma.jupyter)
2025-05-31 22:01:05.639 [info] [ms-toolsai.jupyter]: Command `jupyter.interactive.copyCell` already registered by Jupyter (luma.jupyter)
2025-05-31 22:01:05.642 [warning] [ms-toolsai.jupyter]: Cannot register 'jupyter.experiments.enabled'. This property is already registered.
2025-05-31 22:01:05.642 [warning] [ms-toolsai.jupyter]: Cannot register 'jupyter.showVariableViewWhenDebugging'. This property is already registered.
2025-05-31 22:01:05.642 [warning] [ms-toolsai.jupyter]: Cannot register 'jupyter.logging.level'. This property is already registered.
2025-05-31 22:01:05.643 [warning] [ms-toolsai.jupyter]: Cannot register 'jupyter.experiments.optInto'. This property is already registered.
2025-05-31 22:01:05.643 [warning] [ms-toolsai.jupyter]: Cannot register 'jupyter.experiments.optOutFrom'. This property is already registered.
2025-05-31 22:01:05.643 [warning] [ms-toolsai.jupyter]: Cannot register 'jupyter.widgetScriptSources'. This property is already registered.
2025-05-31 22:01:05.643 [warning] [ms-toolsai.jupyter]: Cannot register 'jupyter.askForLargeDataFrames'. This property is already registered.
2025-05-31 22:01:05.643 [warning] [ms-toolsai.jupyter]: Cannot register 'jupyter.askForKernelRestart'. This property is already registered.
2025-05-31 22:01:05.643 [warning] [ms-toolsai.jupyter]: Cannot register 'jupyter.exportWithOutputEnabled'. This property is already registered.
2025-05-31 22:01:05.644 [warning] [ms-toolsai.jupyter]: Cannot register 'jupyter.jupyterLaunchTimeout'. This property is already registered.
2025-05-31 22:01:05.644 [warning] [ms-toolsai.jupyter]: Cannot register 'jupyter.jupyterLaunchRetries'. This property is already registered.
2025-05-31 22:01:05.644 [warning] [ms-toolsai.jupyter]: Cannot register 'jupyter.jupyterCommandLineArguments'. This property is already registered.
2025-05-31 22:01:05.644 [warning] [ms-toolsai.jupyter]: Cannot register 'jupyter.notebookFileRoot'. This property is already registered.
2025-05-31 22:01:05.644 [warning] [ms-toolsai.jupyter]: Cannot register 'jupyter.useDefaultConfigForJupyter'. This property is already registered.
2025-05-31 22:01:05.645 [warning] [ms-toolsai.jupyter]: Cannot register 'jupyter.jupyterInterruptTimeout'. This property is already registered.
2025-05-31 22:01:05.645 [warning] [ms-toolsai.jupyter]: Cannot register 'jupyter.variableExplorerExclude'. This property is already registered.
2025-05-31 22:01:05.645 [warning] [ms-toolsai.jupyter]: Cannot register 'jupyter.themeMatplotlibPlots'. This property is already registered.
2025-05-31 22:01:05.645 [warning] [ms-toolsai.jupyter]: Cannot register 'jupyter.allowUnauthorizedRemoteConnection'. This property is already registered.
2025-05-31 22:01:05.645 [warning] [ms-toolsai.jupyter]: Cannot register 'jupyter.debugpyDistPath'. This property is already registered.
2025-05-31 22:01:05.645 [warning] [ms-toolsai.jupyter]: Cannot register 'jupyter.stopOnFirstLineWhileDebugging'. This property is already registered.
2025-05-31 22:01:05.646 [warning] [ms-toolsai.jupyter]: Cannot register 'jupyter.disableJupyterAutoStart'. This property is already registered.
2025-05-31 22:01:05.646 [warning] [ms-toolsai.jupyter]: Cannot register 'jupyter.pythonExportMethod'. This property is already registered.
2025-05-31 22:01:05.646 [warning] [ms-toolsai.jupyter]: Cannot register 'jupyter.runStartupCommands'. This property is already registered.
2025-05-31 22:01:05.646 [warning] [ms-toolsai.jupyter]: Cannot register 'jupyter.debugJustMyCode'. This property is already registered.
2025-05-31 22:01:05.646 [warning] [ms-toolsai.jupyter]: Cannot register 'jupyter.showOutlineButtonInNotebookToolbar'. This property is already registered.
2025-05-31 22:01:05.646 [warning] [ms-toolsai.jupyter]: Cannot register 'jupyter.pythonCompletionTriggerCharacters'. This property is already registered.
2025-05-31 22:01:05.647 [warning] [ms-toolsai.jupyter]: Cannot register 'jupyter.logKernelOutputSeparately'. This property is already registered.
2025-05-31 22:01:05.665 [error] [ms-toolsai.jupyter]: Cannot register multiple views with same id `jupyterViewVariables`
2025-05-31 22:01:07.674 [error] [Extension Host] extension activation failed TypeError: s.notebooks.onDidChangeCellMetadata is not a function
    at u.onDidChangeCellMetadata [as addEventHandlers] (/home/dimgerasimou/.vscode-oss/extensions/luma.jupyter-2022.3.108-universal/src/client/common/application/notebook.ts:73:32)
    at new addEventHandlers (/home/dimgerasimou/.vscode-oss/extensions/luma.jupyter-2022.3.108-universal/src/client/common/application/notebook.ts:24:14)
    at Object.t.resolveInstance (/home/dimgerasimou/.vscode-oss/extensions/luma.jupyter-2022.3.108-universal/node_modules/inversify/lib/resolution/instantiation.js:21:12)
    at resolveInstance (/home/dimgerasimou/.vscode-oss/extensions/luma.jupyter-2022.3.108-universal/node_modules/inversify/lib/resolution/resolver.js:72:42)
    at Array.map (<anonymous>)
    at Object.map [as resolveInstance] (/home/dimgerasimou/.vscode-oss/extensions/luma.jupyter-2022.3.108-universal/node_modules/inversify/lib/resolution/instantiation.js:40:67)
    at resolveInstance (/home/dimgerasimou/.vscode-oss/extensions/luma.jupyter-2022.3.108-universal/node_modules/inversify/lib/resolution/resolver.js:72:42)
    at _f (/home/dimgerasimou/.vscode-oss/extensions/luma.jupyter-2022.3.108-universal/node_modules/inversify/lib/resolution/resolver.js:34:24)
    at Array.map (<anonymous>)
    at map (/home/dimgerasimou/.vscode-oss/extensions/luma.jupyter-2022.3.108-universal/node_modules/inversify/lib/resolution/resolver.js:32:34)
    at Array.map (<anonymous>)
    at Object.map [as resolveInstance] (/home/dimgerasimou/.vscode-oss/extensions/luma.jupyter-2022.3.108-universal/node_modules/inversify/lib/resolution/instantiation.js:40:67)
    at resolveInstance (/home/dimgerasimou/.vscode-oss/extensions/luma.jupyter-2022.3.108-universal/node_modules/inversify/lib/resolution/resolver.js:72:42)
    at Object._f [as resolve] (/home/dimgerasimou/.vscode-oss/extensions/luma.jupyter-2022.3.108-universal/node_modules/inversify/lib/resolution/resolver.js:96:12)
    at resolve (/home/dimgerasimou/.vscode-oss/extensions/luma.jupyter-2022.3.108-universal/node_modules/inversify/lib/container/container.js:319:37)
    at e.this (/home/dimgerasimou/.vscode-oss/extensions/luma.jupyter-2022.3.108-universal/node_modules/inversify/lib/container/container.js:310:22)
    at e._get [as get] (/home/dimgerasimou/.vscode-oss/extensions/luma.jupyter-2022.3.108-universal/node_modules/inversify/lib/container/container.js:230:21)
    at a.get (/home/dimgerasimou/.vscode-oss/extensions/luma.jupyter-2022.3.108-universal/src/client/ioc/container.ts:24:89)
    at get (/home/dimgerasimou/.vscode-oss/extensions/luma.jupyter-2022.3.108-universal/src/client/extensionActivation.ts:90:38)
    at activationPromise (/home/dimgerasimou/.vscode-oss/extensions/luma.jupyter-2022.3.108-universal/src/client/extension.ts:67:17)
    at serviceContainer (/home/dimgerasimou/.vscode-oss/extensions/luma.jupyter-2022.3.108-universal/src/client/extension.ts:30:22)
    at Nw._activate (file:///opt/vscodium-bin/resources/app/out/vs/workbench/api/node/extensionHostProcess.js:119:16269)
    at Nw._waitForDepsThenActivate (file:///opt/vscodium-bin/resources/app/out/vs/workbench/api/node/extensionHostProcess.js:119:16211)
    at Nw._initialize (file:///opt/vscodium-bin/resources/app/out/vs/workbench/api/node/extensionHostProcess.js:119:15574)
2025-05-31 22:01:10.095 [info] [perf] Render performance baseline is 16ms
2025-05-31 22:01:11.379 [info] Auto updating outdated extensions. vadimcn.vscode-lldb
2025-05-31 23:46:27.057 [info] [lifecycle]: Shutdown was prevented by final veto (id: veto.backups)
2025-05-31 23:46:34.637 [warning] [backup tracker] suspended, ignoring dirty change event file:///home/dimgerasimou/Numerical_Analysis/numerical_project.ipynb notebook/jupyter-notebook/jupyter-notebook
