make all --print-data-base --no-builtin-variables --no-builtin-rules --question
# GNU Make 4.4.1
# Built for x86_64-pc-linux-gnu
# Copyright (C) 1988-2023 Free Software Foundation, Inc.
# License GPLv3+: GNU GPL version 3 or later <https://gnu.org/licenses/gpl.html>
# This is free software: you are free to change and redistribute it.
# There is NO WARRANTY, to the extent permitted by law.

# Make data base, printed on Mon Aug  5 21:00:01 2024

# Variables

# environment
GDK_BACKEND = x11
# environment
LC_ALL = C
# environment
NO_AT_BRIDGE = 1
# environment
VSCODE_CRASH_REPORTER_PROCESS_TYPE = extensionHost
# environment
VSCODE_CWD = /home/dimgerasimou
# default
MAKE_COMMAND := make
# automatic
@D = $(patsubst %/,%,$(dir $@))
# environment
VSCODE_HANDLES_UNCAUGHT_ERRORS = true
# default
.VARIABLES := 
# environment
PWD = /home/dimgerasimou/.local/src/xrandr-setup
# automatic
%D = $(patsubst %/,%,$(dir $%))
# environment
MAIL = /var/spool/mail/dimgerasimou
# environment
OLDPWD = /home/dimgerasimou
# automatic
^D = $(patsubst %/,%,$(dir $^))
# automatic
%F = $(notdir $%)
# environment
VSCODE_CODE_CACHE_PATH = /home/dimgerasimou/.config/VSCodium/CachedData/8512cb3341b26a5dba985a9a17eed8d7c3362886
# environment
XDG_SESSION_PATH = /org/freedesktop/DisplayManager/Session3
# environment
LANG = C
# environment
XAUTHORITY = /tmp/xauth_oChJva
# default
.LOADED := 
# default
.INCLUDE_DIRS := /usr/local/include /usr/include
# makefile
MAKEFLAGS = pqrR
# makefile
CURDIR := /home/dimgerasimou/.local/src/xrandr-setup
# automatic
*D = $(patsubst %/,%,$(dir $*))
# environment
MFLAGS = -pqrR
# default
.SHELLFLAGS := -c
# automatic
+D = $(patsubst %/,%,$(dir $+))
# environment
XDG_SESSION_DESKTOP = DWM
# makefile (from 'Makefile', line 1)
MAKEFILE_LIST := Makefile
# automatic
@F = $(notdir $@)
# environment
VSCODE_PID = 28393
# environment
XDG_SESSION_TYPE = x11
# automatic
?D = $(patsubst %/,%,$(dir $?))
# automatic
*F = $(notdir $*)
# environment
QT_QPA_PLATFORMTHEME = qt6ct
# environment
CHROME_DESKTOP = codium-url-handler.desktop
# environment
DBUS_SESSION_BUS_ADDRESS = unix:path=/run/user/1000/bus
# automatic
<D = $(patsubst %/,%,$(dir $<))
# environment
VSCODE_NLS_CONFIG = {"locale":"en-us","osLocale":"en-us","availableLanguages":{},"_languagePackSupport":true}
# default
MAKE_HOST := x86_64-pc-linux-gnu
# makefile
SHELL = /bin/sh
# default
MAKECMDGOALS := all
# environment
SHLVL = 3
# environment
MAKELEVEL := 0
# default
MAKE = $(MAKE_COMMAND)
# environment
PATH = /usr/local/sbin:/usr/local/bin:/usr/bin:/usr/bin/site_perl:/usr/bin/vendor_perl:/usr/bin/core_perl
# default
MAKEFILES := 
# environment
MOTD_SHOWN = pam
# automatic
^F = $(notdir $^)
# makefile (from 'Makefile', line 4)
PREFIX := /usr/local/bin
# automatic
?F = $(notdir $?)
# environment
XDG_SEAT = seat0
# environment
XDG_CURRENT_DESKTOP = DWM
# automatic
+F = $(notdir $+)
# environment
XDG_SEAT_PATH = /org/freedesktop/DisplayManager/Seat0
# environment
DESKTOP_SESSION = dwm
# environment
ORIGINAL_XDG_CURRENT_DESKTOP = DWM
# 'override' directive
GNUMAKEFLAGS := 
# environment
LOGNAME = dimgerasimou
# environment
XDG_VTNR = 2
# makefile
.DEFAULT_GOAL := all
# environment
DISPLAY = :0
# environment
GTK_MODULES = canberra-gtk-module
# environment
USER = dimgerasimou
# default
MAKE_VERSION := 4.4.1
# makefile (from 'Makefile', line 7)
LDFLAGS := -lX11 -lXrandr
# environment
DEBUGINFOD_URLS = https://debuginfod.archlinux.org 
# environment
_ = /usr/bin/make
# environment
XDG_RUNTIME_DIR = /run/user/1000
# makefile (from 'Makefile', line 6)
CFLAGS := -std=c99 -pedantic -Wall -Wextra -Werror -Wno-deprecated-declarations -Os
# environment
XDG_SESSION_CLASS = user
# environment
VSCODE_AMD_ENTRYPOINT = vs/workbench/api/node/extensionHostProcess
# environment
HOME = /home/dimgerasimou
# environment
ELECTRON_RUN_AS_NODE = 1
# environment
VSCODE_IPC_HOOK = /run/user/1000/vscode-0324d0fd-1.91-main.sock
# environment
XDG_SESSION_ID = 5
# default
.RECIPEPREFIX := 
# automatic
<F = $(notdir $<)
# default
SUFFIXES := 
# environment
VSCODE_CLI = 1
# environment
ELECTRON_NO_ATTACH_CONSOLE = 1
# default
.FEATURES := target-specific order-only second-expansion else-if shortest-stem undefine oneshell nocomment grouped-target extra-prereqs notintermediate shell-export archives jobserver jobserver-fifo output-sync check-symlink guile load
# makefile (from 'Makefile', line 5)
CC := cc
# variable set hash-table stats:
# Load=83/1024=8%, Rehash=0, Collisions=2/117=2%

# Pattern-specific Variable Values

# No pattern-specific variable values.

# Directories

# . (device 66308, inode 281503): 9 files, no impossibilities.

# 9 files, no impossibilities in 1 directories.

# Implicit Rules

# No implicit rules.

# Files

# Not a target:
Makefile:
#  Implicit rule search has been done.
#  File is secondary (prerequisite of .SECONDARY).
#  Last modified 2024-08-04 23:52:49.840006272
#  File has been updated.
#  Successfully updated.

xrandr-setup: main.o toml.o
#  Implicit rule search has not been done.
#  File does not exist.
#  File has been updated.
#  Needs to be updated (-q is set).
# variable set hash-table stats:
# Load=0/32=0%, Rehash=0, Collisions=0/5=0%
#  recipe to execute (from 'Makefile', line 18):
	$(CC) -o $@ main.o toml.o ${LDFLAGS}

uninstall:
#  Phony target (prerequisite of .PHONY).
#  Implicit rule search has not been done.
#  File does not exist.
#  File has not been updated.
#  recipe to execute (from 'Makefile', line 31):
	@echo "uninstalling xrandr-setup"
	rm -f $(PREFIX)/xrandr-setup

clean:
#  Phony target (prerequisite of .PHONY).
#  Implicit rule search has not been done.
#  File does not exist.
#  File has not been updated.
#  recipe to execute (from 'Makefile', line 21):
	@echo "cleaning xrandr-setup"
	rm -f xrandr-setup
	rm -f *.o

toml.o:
#  Implicit rule search has not been done.
#  Modification time never checked.
#  File has not been updated.
#  recipe to execute (from 'Makefile', line 15):
	$(CC) -o $@ toml.c -c ${CFLAGS}

# Not a target:
.DEFAULT:
#  Implicit rule search has not been done.
#  Modification time never checked.
#  File has not been updated.

all: xrandr-setup
#  Phony target (prerequisite of .PHONY).
#  Command line target.
#  Implicit rule search has not been done.
#  File does not exist.
#  File has been updated.
#  Needs to be updated (-q is set).
# variable set hash-table stats:
# Load=0/32=0%, Rehash=0, Collisions=0/5=0%

main.o:
#  Implicit rule search has not been done.
#  Implicit/static pattern stem: ''
#  File does not exist.
#  File has been updated.
#  Needs to be updated (-q is set).
# automatic
# @ := main.o
# automatic
# * := 
# automatic
# < := 
# automatic
# + := 
# automatic
# % := 
# automatic
# ^ := 
# automatic
# ? := 
# automatic
# | := 
# variable set hash-table stats:
# Load=8/32=25%, Rehash=0, Collisions=2/14=14%
#  recipe to execute (from 'Makefile', line 12):
	$(CC) -o $@ main.c -c ${CFLAGS}
 

install: xrandr-setup
#  Phony target (prerequisite of .PHONY).
#  Implicit rule search has not been done.
#  File does not exist.
#  File has not been updated.
#  recipe to execute (from 'Makefile', line 26):
	@echo "installing xrandr-setup"
	mkdir -p $(PREFIX)
	cp xrandr-setup $(PREFIX)/

# Not a target:
.SUFFIXES:
#  Implicit rule search has not been done.
#  Modification time never checked.
#  File has not been updated.

.PHONY: all clean install uninstall
#  Implicit rule search has not been done.
#  Modification time never checked.
#  File has not been updated.

# files hash-table stats:
# Load=11/1024=1%, Rehash=0, Collisions=0/33=0%
# VPATH Search Paths

# No 'vpath' search paths.

# No general ('VPATH' variable) search path.

# strcache buffers: 1 (0) / strings = 22 / storage = 181 B / avg = 8 B
# current buf: size = 8162 B / used = 181 B / count = 22 / avg = 8 B

# strcache performance: lookups = 43 / hit rate = 48%
# hash-table stats:
# Load=22/8192=0%, Rehash=0, Collisions=0/43=0%
# Finished Make data base on Mon Aug  5 21:00:01 2024

 
