2025-05-31 22:03:09.313 [info] Telemetry level is off
2025-05-31 22:03:09.313 [info] Experiments are disabled, only manually opted experiments are active.
2025-05-31 22:03:09.313 [warning] Dir "/home/dimgerasimou/luben/.pixi/envs" is not watchable (directory does not exist)
2025-05-31 22:03:09.313 [info] Starting Environment refresh
2025-05-31 22:03:09.313 [info] Starting Environment refresh
2025-05-31 22:03:09.313 [info] > hatch env show --json
2025-05-31 22:03:09.313 [info] cwd: .
2025-05-31 22:03:09.313 [info] > conda info --json
2025-05-31 22:03:09.313 [info] > pyenv which python
2025-05-31 22:03:09.313 [info] cwd: .
2025-05-31 22:03:09.361 [info] Environments refresh finished (event): 149 milliseconds
2025-05-31 22:03:09.361 [info] Environments refresh finished (event): 128 milliseconds
2025-05-31 22:03:09.361 [info] Environments refresh paths discovered: 149 milliseconds
2025-05-31 22:03:09.361 [info] Environments refresh paths discovered: 128 milliseconds
2025-05-31 22:03:09.366 [info] Environment refresh took 154 milliseconds
2025-05-31 22:03:09.367 [info] Environment refresh took 134 milliseconds
2025-05-31 22:03:09.380 [info] > pyenv which python
2025-05-31 22:03:09.381 [info] cwd: .
2025-05-31 22:03:09.386 [info] Python interpreter path: /bin/python
2025-05-31 22:03:09.894 [info] Starting Jedi language server for luben.
2025-05-31 22:03:16.449 [info] Starting Environment refresh
2025-05-31 22:03:16.449 [info] Searching for interpreters in posix paths locator
2025-05-31 22:03:16.449 [info] Searching for pyenv environments
2025-05-31 22:03:16.449 [info] Searching for conda environments
2025-05-31 22:03:16.449 [info] Searching for global virtual environments
2025-05-31 22:03:16.449 [info] Searching for custom virtual environments
2025-05-31 22:03:16.450 [info] pyenv is not installed
2025-05-31 22:03:16.450 [info] Finished searching for pyenv environments: 1 milliseconds
2025-05-31 22:03:16.450 [info] Finished searching for custom virtual envs: 1 milliseconds
2025-05-31 22:03:16.451 [info] Finished searching for global virtual envs: 2 milliseconds
2025-05-31 22:03:16.463 [info] Found: /bin/python --> /bin/python3.13
2025-05-31 22:03:16.464 [info] Found: /bin/python3 --> /bin/python3.13
2025-05-31 22:03:16.464 [info] Found: /bin/python3.13 --> /bin/python3.13
2025-05-31 22:03:16.502 [info] > /bin/python -I ~/.vscode-oss/extensions/ms-python.python-2025.4.0-universal/python_files/get_output_via_markers.py ~/.vscode-oss/extensions/ms-python.python-2025.4.0-universal/python_files/interpreterInfo.py
2025-05-31 22:03:16.521 [info] Found: /sbin/python --> /sbin/python3.13
2025-05-31 22:03:16.522 [info] Found: /sbin/python3 --> /sbin/python3.13
2025-05-31 22:03:16.522 [info] Found: /sbin/python3.13 --> /sbin/python3.13
2025-05-31 22:03:16.546 [info] Found: /usr/bin/python --> /usr/bin/python3.13
2025-05-31 22:03:16.546 [info] Found: /usr/bin/python3 --> /usr/bin/python3.13
2025-05-31 22:03:16.546 [info] Found: /usr/bin/python3.13 --> /usr/bin/python3.13
2025-05-31 22:03:16.570 [info] Found: /usr/sbin/python --> /usr/sbin/python3.13
2025-05-31 22:03:16.570 [info] Found: /usr/sbin/python3 --> /usr/sbin/python3.13
2025-05-31 22:03:16.570 [info] Found: /usr/sbin/python3.13 --> /usr/sbin/python3.13
2025-05-31 22:03:16.581 [info] > /sbin/python -I ~/.vscode-oss/extensions/ms-python.python-2025.4.0-universal/python_files/get_output_via_markers.py ~/.vscode-oss/extensions/ms-python.python-2025.4.0-universal/python_files/interpreterInfo.py
2025-05-31 22:03:16.589 [info] Finished searching for interpreters in posix paths locator: 137 milliseconds
2025-05-31 22:03:16.590 [info] > /usr/bin/python -I ~/.vscode-oss/extensions/ms-python.python-2025.4.0-universal/python_files/get_output_via_markers.py ~/.vscode-oss/extensions/ms-python.python-2025.4.0-universal/python_files/interpreterInfo.py
2025-05-31 22:03:16.595 [info] Environments refresh paths discovered (event): 147 milliseconds
2025-05-31 22:03:16.595 [info] Environments refresh paths discovered: 147 milliseconds
2025-05-31 22:03:16.608 [info] > /usr/sbin/python -I ~/.vscode-oss/extensions/ms-python.python-2025.4.0-universal/python_files/get_output_via_markers.py ~/.vscode-oss/extensions/ms-python.python-2025.4.0-universal/python_files/interpreterInfo.py
2025-05-31 22:03:16.629 [info] Environments refresh finished (event): 181 milliseconds
2025-05-31 22:03:16.632 [info] Environment refresh took 184 milliseconds
2025-05-31 22:06:39.190 [info] Selected workspace /home/dimgerasimou/luben for creating virtual environment.
2025-05-31 22:06:42.970 [info] Selected interpreter /bin/python for creating virtual environment.
2025-05-31 22:06:43.026 [info] Running Env creation script:  [
  '/bin/python',
  '/home/dimgerasimou/.vscode-oss/extensions/ms-python.python-2025.4.0-universal/python_files/create_venv.py',
  '--git-ignore'
]
2025-05-31 22:06:43.026 [info] > /bin/python ~/.vscode-oss/extensions/ms-python.python-2025.4.0-universal/python_files/create_venv.py --git-ignore
2025-05-31 22:06:43.026 [info] cwd: .
2025-05-31 22:06:43.145 [info] Running: /bin/python -m venv .venv
2025-05-31 22:06:44.292 [info] > ./.venv/bin/python -I ~/.vscode-oss/extensions/ms-python.python-2025.4.0-universal/python_files/get_output_via_markers.py ~/.vscode-oss/extensions/ms-python.python-2025.4.0-universal/python_files/interpreterInfo.py
2025-05-31 22:06:44.292 [info] Environments refresh paths discovered: 42 milliseconds
2025-05-31 22:06:44.317 [info] Environments refresh finished (event): 67 milliseconds
2025-05-31 22:06:44.765 [info] CREATED_VENV:/home/dimgerasimou/luben/.venv/bin/python
CREATE_VENV.UPGRADING_PIP
Running: /home/dimgerasimou/luben/.venv/bin/python -m pip install --upgrade pip
2025-05-31 22:06:44.995 [info] Requirement already satisfied: pip in ./.venv/lib/python3.13/site-packages (25.0.1)
2025-05-31 22:06:45.073 [info] Collecting pip
2025-05-31 22:06:45.074 [info]   Using cached pip-25.1.1-py3-none-any.whl.metadata (3.6 kB)
2025-05-31 22:06:45.078 [info] Using cached pip-25.1.1-py3-none-any.whl (1.8 MB)
2025-05-31 22:06:45.090 [info] Installing collected packages: pip
  Attempting uninstall: pip
2025-05-31 22:06:45.092 [info]     Found existing installation: pip 25.0.1
2025-05-31 22:06:45.110 [info]     Uninstalling pip-25.0.1:
2025-05-31 22:06:45.114 [info]       Successfully uninstalled pip-25.0.1
2025-05-31 22:06:45.725 [info] Successfully installed pip-25.1.1
2025-05-31 22:06:45.830 [info] CREATE_VENV.UPGRADED_PIP
2025-05-31 22:06:45.884 [info] Active interpreter [/home/dimgerasimou/luben]:  /home/dimgerasimou/luben/.venv/bin/python
2025-05-31 22:06:45.886 [info] Discover tests for workspace name: luben - uri: /home/dimgerasimou/luben
2025-05-31 22:06:45.886 [info] Python interpreter path: ./.venv/bin/python
2025-05-31 22:06:45.930 [info] > . ./.venv/bin/activate && echo 'e8b39361-0157-4923-80e1-22d70d46dee6' && python ~/.vscode-oss/extensions/ms-python.python-2025.4.0-universal/python_files/printEnvVariables.py
2025-05-31 22:06:45.930 [info] shell: bash
2025-05-31 22:06:46.367 [info] Starting Jedi language server for luben.
