make --dry-run --always-make --keep-going --print-directory
make: Entering directory '/home/dimgerasimou/.local/src/dwmblocks-blocks'
echo "Making colorscheme.h"
cc -o loadresources src/loadresources.c -Wall -Wextra -Werror -Wno-deprecated-declarations -Os -lX11
./loadresources
rm -f loadresources
mkdir -p bin
cc -o bin/time src/time.c src/common.c -Wall -Wextra -Werror -Wno-deprecated-declarations -Os -lm -lX11 -lxkbfile `pkg-config --cflags --libs libnotify libnm libpulse dbus-1`
mkdir -p bin
cc -o bin/bluetooth-menu src/bluetooth-menu.c src/common.c -Wall -Wextra -Werror -Wno-deprecated-declarations -Os -lm -lX11 -lxkbfile `pkg-config --cflags --libs libnotify libnm libpulse dbus-1`
mkdir -p bin
cc -o bin/keyboard src/keyboard.c src/common.c -Wall -Wextra -Werror -Wno-deprecated-declarations -Os -lm -lX11 -lxkbfile `pkg-config --cflags --libs libnotify libnm libpulse dbus-1`
mkdir -p bin
cc -o bin/battery src/battery.c src/common.c -Wall -Wextra -Werror -Wno-deprecated-declarations -Os -lm -lX11 -lxkbfile `pkg-config --cflags --libs libnotify libnm libpulse dbus-1`
mkdir -p bin
cc -o bin/date src/date.c src/common.c -Wall -Wextra -Werror -Wno-deprecated-declarations -Os -lm -lX11 -lxkbfile `pkg-config --cflags --libs libnotify libnm libpulse dbus-1`
mkdir -p bin
cc -o bin/kernel src/kernel.c src/common.c -Wall -Wextra -Werror -Wno-deprecated-declarations -Os -lm -lX11 -lxkbfile `pkg-config --cflags --libs libnotify libnm libpulse dbus-1`
mkdir -p bin
cc -o bin/bluetooth src/bluetooth.c src/common.c -Wall -Wextra -Werror -Wno-deprecated-declarations -Os -lm -lX11 -lxkbfile `pkg-config --cflags --libs libnotify libnm libpulse dbus-1`
mkdir -p bin
cc -o bin/internet src/internet.c src/common.c -Wall -Wextra -Werror -Wno-deprecated-declarations -Os -lm -lX11 -lxkbfile `pkg-config --cflags --libs libnotify libnm libpulse dbus-1`
mkdir -p bin
cc -o bin/memory src/memory.c src/common.c -Wall -Wextra -Werror -Wno-deprecated-declarations -Os -lm -lX11 -lxkbfile `pkg-config --cflags --libs libnotify libnm libpulse dbus-1`
 
mkdir -p bin
cc -o bin/power src/power.c src/common.c -Wall -Wextra -Werror -Wno-deprecated-declarations -Os -lm -lX11 -lxkbfile `pkg-config --cflags --libs libnotify libnm libpulse dbus-1`
mkdir -p bin
cc -o bin/volume src/volume.c src/common.c -Wall -Wextra -Werror -Wno-deprecated-declarations -Os -lm -lX11 -lxkbfile `pkg-config --cflags --libs libnotify libnm libpulse dbus-1`
make: Leaving directory '/home/dimgerasimou/.local/src/dwmblocks-blocks'
 
