2025-05-30 18:03:24.868 [info] Started local extension host with pid 2796.
2025-05-30 18:03:24.883 [info] ComputeTargetPlatform: linux-x64
2025-05-30 18:03:25.002 [error] Extension 'luma.jupyter' wants API proposal 'notebookConcatTextDocument' but that proposal DOES NOT EXIST. Likely, the proposal has been finalized (check 'vscode.d.ts') or was abandoned.
2025-05-30 18:03:25.002 [error] Extension 'luma.jupyter' wants API proposal 'notebookControllerKind' but that proposal DOES NOT EXIST. Likely, the proposal has been finalized (check 'vscode.d.ts') or was abandoned.
2025-05-30 18:03:25.002 [error] Extension 'luma.jupyter' wants API proposal 'notebookDebugOptions' but that proposal DOES NOT EXIST. Likely, the proposal has been finalized (check 'vscode.d.ts') or was abandoned.
2025-05-30 18:03:25.002 [error] Extension 'luma.jupyter' wants API proposal 'notebookEditor' but that proposal DOES NOT EXIST. Likely, the proposal has been finalized (check 'vscode.d.ts') or was abandoned.
2025-05-30 18:03:25.002 [error] Extension 'luma.jupyter' wants API proposal 'notebookEditorDecorationType' but that proposal DOES NOT EXIST. Likely, the proposal has been finalized (check 'vscode.d.ts') or was abandoned.
2025-05-30 18:03:25.002 [error] Extension 'luma.jupyter' wants API proposal 'notebookEditorEdit' but that proposal DOES NOT EXIST. Likely, the proposal has been finalized (check 'vscode.d.ts') or was abandoned.
2025-05-30 18:03:25.003 [error] Extension 'luma.jupyter' wants API proposal 'textDocumentNotebook' but that proposal DOES NOT EXIST. Likely, the proposal has been finalized (check 'vscode.d.ts') or was abandoned.
2025-05-30 18:03:25.003 [error] Extension 'luma.jupyter CANNOT USE these API proposals 'notebookDeprecated, notebookMessaging, notebookMime, notebookCellExecutionState, portsAttributes, quickPickSortByLabel'. You MUST start in extension development mode or use the --enable-proposed-api command line flag
2025-05-30 18:03:25.014 [info] [luma.jupyter]: Command `jupyter.selectNativeJupyterUriFromToolBar` already registered by Jupyter (luma.jupyter)
2025-05-30 18:03:25.015 [info] [ms-toolsai.jupyter]: Command `dataScience.ClearCache` already registered by Jupyter (luma.jupyter)
2025-05-30 18:03:25.015 [info] [ms-toolsai.jupyter]: Command `jupyter.replayPylanceLog` already registered by Jupyter (luma.jupyter)
2025-05-30 18:03:25.015 [info] [ms-toolsai.jupyter]: Command `jupyter.replayPylanceLogStep` already registered by Jupyter (luma.jupyter)
2025-05-30 18:03:25.015 [info] [ms-toolsai.jupyter]: Command `jupyter.filterKernels` already registered by Jupyter (luma.jupyter)
2025-05-30 18:03:25.015 [info] [ms-toolsai.jupyter]: Command `jupyter.runByLine` already registered by Jupyter (luma.jupyter)
2025-05-30 18:03:25.015 [info] [ms-toolsai.jupyter]: Command `jupyter.runAndDebugCell` already registered by Jupyter (luma.jupyter)
2025-05-30 18:03:25.015 [info] [ms-toolsai.jupyter]: Command `jupyter.runByLineNext` already registered by Jupyter (luma.jupyter)
2025-05-30 18:03:25.016 [info] [ms-toolsai.jupyter]: Command `jupyter.runByLineStop` already registered by Jupyter (luma.jupyter)
2025-05-30 18:03:25.016 [info] [ms-toolsai.jupyter]: Command `jupyter.viewOutput` already registered by Jupyter (luma.jupyter)
2025-05-30 18:03:25.016 [info] [ms-toolsai.jupyter]: Command `jupyter.notebookeditor.export` already registered by Jupyter (luma.jupyter)
2025-05-30 18:03:25.016 [info] [ms-toolsai.jupyter]: Command `jupyter.export` already registered by Jupyter (luma.jupyter)
2025-05-30 18:03:25.016 [info] [ms-toolsai.jupyter]: Command `jupyter.exportAsPythonScript` already registered by Jupyter (luma.jupyter)
2025-05-30 18:03:25.017 [info] [ms-toolsai.jupyter]: Command `jupyter.exportToHTML` already registered by Jupyter (luma.jupyter)
2025-05-30 18:03:25.017 [info] [ms-toolsai.jupyter]: Command `jupyter.exportToPDF` already registered by Jupyter (luma.jupyter)
2025-05-30 18:03:25.017 [info] [ms-toolsai.jupyter]: Command `jupyter.selectJupyterInterpreter` already registered by Jupyter (luma.jupyter)
2025-05-30 18:03:25.017 [info] [ms-toolsai.jupyter]: Command `jupyter.runcurrentcell` already registered by Jupyter (luma.jupyter)
2025-05-30 18:03:25.017 [info] [ms-toolsai.jupyter]: Command `jupyter.debugcell` already registered by Jupyter (luma.jupyter)
2025-05-30 18:03:25.017 [info] [ms-toolsai.jupyter]: Command `jupyter.debugstepover` already registered by Jupyter (luma.jupyter)
2025-05-30 18:03:25.018 [info] [ms-toolsai.jupyter]: Command `jupyter.debugstop` already registered by Jupyter (luma.jupyter)
2025-05-30 18:03:25.018 [info] [ms-toolsai.jupyter]: Command `jupyter.debugcontinue` already registered by Jupyter (luma.jupyter)
2025-05-30 18:03:25.018 [info] [ms-toolsai.jupyter]: Command `jupyter.insertCellBelowPosition` already registered by Jupyter (luma.jupyter)
2025-05-30 18:03:25.018 [info] [ms-toolsai.jupyter]: Command `jupyter.insertCellBelow` already registered by Jupyter (luma.jupyter)
2025-05-30 18:03:25.018 [info] [ms-toolsai.jupyter]: Command `jupyter.insertCellAbove` already registered by Jupyter (luma.jupyter)
2025-05-30 18:03:25.018 [info] [ms-toolsai.jupyter]: Command `jupyter.deleteCells` already registered by Jupyter (luma.jupyter)
2025-05-30 18:03:25.018 [info] [ms-toolsai.jupyter]: Command `jupyter.selectCell` already registered by Jupyter (luma.jupyter)
2025-05-30 18:03:25.019 [info] [ms-toolsai.jupyter]: Command `jupyter.selectCellContents` already registered by Jupyter (luma.jupyter)
2025-05-30 18:03:25.019 [info] [ms-toolsai.jupyter]: Command `jupyter.extendSelectionByCellAbove` already registered by Jupyter (luma.jupyter)
2025-05-30 18:03:25.019 [info] [ms-toolsai.jupyter]: Command `jupyter.extendSelectionByCellBelow` already registered by Jupyter (luma.jupyter)
2025-05-30 18:03:25.019 [info] [ms-toolsai.jupyter]: Command `jupyter.moveCellsUp` already registered by Jupyter (luma.jupyter)
2025-05-30 18:03:25.020 [info] [ms-toolsai.jupyter]: Command `jupyter.moveCellsDown` already registered by Jupyter (luma.jupyter)
2025-05-30 18:03:25.020 [info] [ms-toolsai.jupyter]: Command `jupyter.changeCellToMarkdown` already registered by Jupyter (luma.jupyter)
2025-05-30 18:03:25.020 [info] [ms-toolsai.jupyter]: Command `jupyter.changeCellToCode` already registered by Jupyter (luma.jupyter)
2025-05-30 18:03:25.020 [info] [ms-toolsai.jupyter]: Command `jupyter.gotoNextCellInFile` already registered by Jupyter (luma.jupyter)
2025-05-30 18:03:25.020 [info] [ms-toolsai.jupyter]: Command `jupyter.gotoPrevCellInFile` already registered by Jupyter (luma.jupyter)
2025-05-30 18:03:25.020 [info] [ms-toolsai.jupyter]: Command `jupyter.runcurrentcelladvance` already registered by Jupyter (luma.jupyter)
2025-05-30 18:03:25.020 [info] [ms-toolsai.jupyter]: Command `jupyter.runcurrentcellandallbelow.palette` already registered by Jupyter (luma.jupyter)
2025-05-30 18:03:25.021 [info] [ms-toolsai.jupyter]: Command `jupyter.runallcellsabove.palette` already registered by Jupyter (luma.jupyter)
2025-05-30 18:03:25.021 [info] [ms-toolsai.jupyter]: Command `jupyter.debugcurrentcell.palette` already registered by Jupyter (luma.jupyter)
2025-05-30 18:03:25.021 [info] [ms-toolsai.jupyter]: Command `jupyter.execSelectionInteractive` already registered by Jupyter (luma.jupyter)
2025-05-30 18:03:25.021 [info] [ms-toolsai.jupyter]: Command `jupyter.createnewinteractive` already registered by Jupyter (luma.jupyter)
2025-05-30 18:03:25.021 [info] [ms-toolsai.jupyter]: Command `jupyter.runFileInteractive` already registered by Jupyter (luma.jupyter)
2025-05-30 18:03:25.021 [info] [ms-toolsai.jupyter]: Command `jupyter.debugFileInteractive` already registered by Jupyter (luma.jupyter)
2025-05-30 18:03:25.022 [info] [ms-toolsai.jupyter]: Command `jupyter.runallcells` already registered by Jupyter (luma.jupyter)
2025-05-30 18:03:25.022 [info] [ms-toolsai.jupyter]: Command `jupyter.runallcellsabove` already registered by Jupyter (luma.jupyter)
2025-05-30 18:03:25.022 [info] [ms-toolsai.jupyter]: Command `jupyter.runcellandallbelow` already registered by Jupyter (luma.jupyter)
2025-05-30 18:03:25.022 [info] [ms-toolsai.jupyter]: Command `jupyter.runcell` already registered by Jupyter (luma.jupyter)
2025-05-30 18:03:25.023 [info] [ms-toolsai.jupyter]: Command `jupyter.runtoline` already registered by Jupyter (luma.jupyter)
2025-05-30 18:03:25.023 [info] [ms-toolsai.jupyter]: Command `jupyter.runfromline` already registered by Jupyter (luma.jupyter)
2025-05-30 18:03:25.023 [info] [ms-toolsai.jupyter]: Command `jupyter.importnotebook` already registered by Jupyter (luma.jupyter)
2025-05-30 18:03:25.023 [info] [ms-toolsai.jupyter]: Command `jupyter.importnotebookfile` already registered by Jupyter (luma.jupyter)
2025-05-30 18:03:25.023 [info] [ms-toolsai.jupyter]: Command `jupyter.exportoutputasnotebook` already registered by Jupyter (luma.jupyter)
2025-05-30 18:03:25.024 [info] [ms-toolsai.jupyter]: Command `jupyter.exportfileasnotebook` already registered by Jupyter (luma.jupyter)
2025-05-30 18:03:25.024 [info] [ms-toolsai.jupyter]: Command `jupyter.exportfileandoutputasnotebook` already registered by Jupyter (luma.jupyter)
2025-05-30 18:03:25.024 [info] [ms-toolsai.jupyter]: Command `jupyter.interruptkernel` already registered by Jupyter (luma.jupyter)
2025-05-30 18:03:25.024 [info] [ms-toolsai.jupyter]: Command `jupyter.restartkernel` already registered by Jupyter (luma.jupyter)
2025-05-30 18:03:25.024 [info] [ms-toolsai.jupyter]: Command `jupyter.notebookeditor.addcellbelow` already registered by Jupyter (luma.jupyter)
2025-05-30 18:03:25.025 [info] [ms-toolsai.jupyter]: Command `jupyter.notebookeditor.removeallcells` already registered by Jupyter (luma.jupyter)
2025-05-30 18:03:25.025 [info] [ms-toolsai.jupyter]: Command `jupyter.expandallcells` already registered by Jupyter (luma.jupyter)
2025-05-30 18:03:25.025 [info] [ms-toolsai.jupyter]: Command `jupyter.collapseallcells` already registered by Jupyter (luma.jupyter)
2025-05-30 18:03:25.025 [info] [ms-toolsai.jupyter]: Command `jupyter.addcellbelow` already registered by Jupyter (luma.jupyter)
2025-05-30 18:03:25.025 [info] [ms-toolsai.jupyter]: Command `jupyter.createnewnotebook` already registered by Jupyter (luma.jupyter)
2025-05-30 18:03:25.025 [info] [ms-toolsai.jupyter]: Command `jupyter.scrolltocell` already registered by Jupyter (luma.jupyter)
2025-05-30 18:03:25.025 [info] [ms-toolsai.jupyter]: Command `jupyter.latestExtension` already registered by Jupyter (luma.jupyter)
2025-05-30 18:03:25.026 [info] [ms-toolsai.jupyter]: Command `jupyter.showDataViewer` already registered by Jupyter (luma.jupyter)
2025-05-30 18:03:25.026 [info] [ms-toolsai.jupyter]: Command `jupyter.clearSavedJupyterUris` already registered by Jupyter (luma.jupyter)
2025-05-30 18:03:25.026 [info] [ms-toolsai.jupyter]: Command `jupyter.openVariableView` already registered by Jupyter (luma.jupyter)
2025-05-30 18:03:25.026 [info] [ms-toolsai.jupyter]: Command `jupyter.openOutlineView` already registered by Jupyter (luma.jupyter)
2025-05-30 18:03:25.026 [info] [ms-toolsai.jupyter]: Command `jupyter.refreshDataViewer` already registered by Jupyter (luma.jupyter)
2025-05-30 18:03:25.026 [info] [ms-toolsai.jupyter]: Command `jupyter.interactive.clearAllCells` already registered by Jupyter (luma.jupyter)
2025-05-30 18:03:25.026 [info] [ms-toolsai.jupyter]: Command `jupyter.interactive.goToCode` already registered by Jupyter (luma.jupyter)
2025-05-30 18:03:25.027 [info] [ms-toolsai.jupyter]: Command `jupyter.interactive.exportasnotebook` already registered by Jupyter (luma.jupyter)
2025-05-30 18:03:25.027 [info] [ms-toolsai.jupyter]: Command `jupyter.interactive.exportas` already registered by Jupyter (luma.jupyter)
2025-05-30 18:03:25.027 [info] [ms-toolsai.jupyter]: Command `jupyter.interactive.copyCell` already registered by Jupyter (luma.jupyter)
2025-05-30 18:03:25.027 [warning] [ms-toolsai.jupyter]: Cannot register 'jupyter.experiments.enabled'. This property is already registered.
2025-05-30 18:03:25.027 [warning] [ms-toolsai.jupyter]: Cannot register 'jupyter.showVariableViewWhenDebugging'. This property is already registered.
2025-05-30 18:03:25.027 [warning] [ms-toolsai.jupyter]: Cannot register 'jupyter.logging.level'. This property is already registered.
2025-05-30 18:03:25.028 [warning] [ms-toolsai.jupyter]: Cannot register 'jupyter.experiments.optInto'. This property is already registered.
2025-05-30 18:03:25.028 [warning] [ms-toolsai.jupyter]: Cannot register 'jupyter.experiments.optOutFrom'. This property is already registered.
2025-05-30 18:03:25.028 [warning] [ms-toolsai.jupyter]: Cannot register 'jupyter.widgetScriptSources'. This property is already registered.
2025-05-30 18:03:25.028 [warning] [ms-toolsai.jupyter]: Cannot register 'jupyter.askForLargeDataFrames'. This property is already registered.
2025-05-30 18:03:25.028 [warning] [ms-toolsai.jupyter]: Cannot register 'jupyter.askForKernelRestart'. This property is already registered.
2025-05-30 18:03:25.028 [warning] [ms-toolsai.jupyter]: Cannot register 'jupyter.exportWithOutputEnabled'. This property is already registered.
2025-05-30 18:03:25.028 [warning] [ms-toolsai.jupyter]: Cannot register 'jupyter.jupyterLaunchTimeout'. This property is already registered.
2025-05-30 18:03:25.029 [warning] [ms-toolsai.jupyter]: Cannot register 'jupyter.jupyterLaunchRetries'. This property is already registered.
2025-05-30 18:03:25.029 [warning] [ms-toolsai.jupyter]: Cannot register 'jupyter.jupyterCommandLineArguments'. This property is already registered.
2025-05-30 18:03:25.029 [warning] [ms-toolsai.jupyter]: Cannot register 'jupyter.notebookFileRoot'. This property is already registered.
2025-05-30 18:03:25.029 [warning] [ms-toolsai.jupyter]: Cannot register 'jupyter.useDefaultConfigForJupyter'. This property is already registered.
2025-05-30 18:03:25.029 [warning] [ms-toolsai.jupyter]: Cannot register 'jupyter.jupyterInterruptTimeout'. This property is already registered.
2025-05-30 18:03:25.029 [warning] [ms-toolsai.jupyter]: Cannot register 'jupyter.variableExplorerExclude'. This property is already registered.
2025-05-30 18:03:25.030 [warning] [ms-toolsai.jupyter]: Cannot register 'jupyter.themeMatplotlibPlots'. This property is already registered.
2025-05-30 18:03:25.030 [warning] [ms-toolsai.jupyter]: Cannot register 'jupyter.allowUnauthorizedRemoteConnection'. This property is already registered.
2025-05-30 18:03:25.031 [warning] [ms-toolsai.jupyter]: Cannot register 'jupyter.debugpyDistPath'. This property is already registered.
2025-05-30 18:03:25.031 [warning] [ms-toolsai.jupyter]: Cannot register 'jupyter.stopOnFirstLineWhileDebugging'. This property is already registered.
2025-05-30 18:03:25.031 [warning] [ms-toolsai.jupyter]: Cannot register 'jupyter.disableJupyterAutoStart'. This property is already registered.
2025-05-30 18:03:25.031 [warning] [ms-toolsai.jupyter]: Cannot register 'jupyter.pythonExportMethod'. This property is already registered.
2025-05-30 18:03:25.031 [warning] [ms-toolsai.jupyter]: Cannot register 'jupyter.runStartupCommands'. This property is already registered.
2025-05-30 18:03:25.031 [warning] [ms-toolsai.jupyter]: Cannot register 'jupyter.debugJustMyCode'. This property is already registered.
2025-05-30 18:03:25.032 [warning] [ms-toolsai.jupyter]: Cannot register 'jupyter.showOutlineButtonInNotebookToolbar'. This property is already registered.
2025-05-30 18:03:25.032 [warning] [ms-toolsai.jupyter]: Cannot register 'jupyter.pythonCompletionTriggerCharacters'. This property is already registered.
2025-05-30 18:03:25.032 [warning] [ms-toolsai.jupyter]: Cannot register 'jupyter.logKernelOutputSeparately'. This property is already registered.
2025-05-30 18:03:25.047 [error] [ms-toolsai.jupyter]: Cannot register multiple views with same id `jupyterViewVariables`
2025-05-30 18:03:27.547 [info] [perf] Render performance baseline is 15ms
2025-05-30 18:03:29.024 [info] Auto updating outdated extensions. vadimcn.vscode-lldb
2025-05-30 18:03:30.349 [info] Started local extension host with pid 2888.
2025-05-30 18:03:30.383 [info] ComputeTargetPlatform: linux-x64
2025-05-30 18:03:30.532 [error] Extension 'luma.jupyter' wants API proposal 'notebookConcatTextDocument' but that proposal DOES NOT EXIST. Likely, the proposal has been finalized (check 'vscode.d.ts') or was abandoned.
2025-05-30 18:03:30.532 [error] Extension 'luma.jupyter' wants API proposal 'notebookControllerKind' but that proposal DOES NOT EXIST. Likely, the proposal has been finalized (check 'vscode.d.ts') or was abandoned.
2025-05-30 18:03:30.533 [error] Extension 'luma.jupyter' wants API proposal 'notebookDebugOptions' but that proposal DOES NOT EXIST. Likely, the proposal has been finalized (check 'vscode.d.ts') or was abandoned.
2025-05-30 18:03:30.533 [error] Extension 'luma.jupyter' wants API proposal 'notebookEditor' but that proposal DOES NOT EXIST. Likely, the proposal has been finalized (check 'vscode.d.ts') or was abandoned.
2025-05-30 18:03:30.533 [error] Extension 'luma.jupyter' wants API proposal 'notebookEditorDecorationType' but that proposal DOES NOT EXIST. Likely, the proposal has been finalized (check 'vscode.d.ts') or was abandoned.
2025-05-30 18:03:30.533 [error] Extension 'luma.jupyter' wants API proposal 'notebookEditorEdit' but that proposal DOES NOT EXIST. Likely, the proposal has been finalized (check 'vscode.d.ts') or was abandoned.
2025-05-30 18:03:30.533 [error] Extension 'luma.jupyter' wants API proposal 'textDocumentNotebook' but that proposal DOES NOT EXIST. Likely, the proposal has been finalized (check 'vscode.d.ts') or was abandoned.
2025-05-30 18:03:30.533 [error] Extension 'luma.jupyter CANNOT USE these API proposals 'notebookDeprecated, notebookMessaging, notebookMime, notebookCellExecutionState, portsAttributes, quickPickSortByLabel'. You MUST start in extension development mode or use the --enable-proposed-api command line flag
2025-05-30 18:03:30.539 [info] [luma.jupyter]: Command `jupyter.selectNativeJupyterUriFromToolBar` already registered by Jupyter (luma.jupyter)
2025-05-30 18:03:30.540 [info] [ms-toolsai.jupyter]: Command `dataScience.ClearCache` already registered by Jupyter (luma.jupyter)
2025-05-30 18:03:30.540 [info] [ms-toolsai.jupyter]: Command `jupyter.replayPylanceLog` already registered by Jupyter (luma.jupyter)
2025-05-30 18:03:30.540 [info] [ms-toolsai.jupyter]: Command `jupyter.replayPylanceLogStep` already registered by Jupyter (luma.jupyter)
2025-05-30 18:03:30.540 [info] [ms-toolsai.jupyter]: Command `jupyter.filterKernels` already registered by Jupyter (luma.jupyter)
2025-05-30 18:03:30.540 [info] [ms-toolsai.jupyter]: Command `jupyter.runByLine` already registered by Jupyter (luma.jupyter)
2025-05-30 18:03:30.540 [info] [ms-toolsai.jupyter]: Command `jupyter.runAndDebugCell` already registered by Jupyter (luma.jupyter)
2025-05-30 18:03:30.540 [info] [ms-toolsai.jupyter]: Command `jupyter.runByLineNext` already registered by Jupyter (luma.jupyter)
2025-05-30 18:03:30.540 [info] [ms-toolsai.jupyter]: Command `jupyter.runByLineStop` already registered by Jupyter (luma.jupyter)
2025-05-30 18:03:30.540 [info] [ms-toolsai.jupyter]: Command `jupyter.viewOutput` already registered by Jupyter (luma.jupyter)
2025-05-30 18:03:30.540 [info] [ms-toolsai.jupyter]: Command `jupyter.notebookeditor.export` already registered by Jupyter (luma.jupyter)
2025-05-30 18:03:30.540 [info] [ms-toolsai.jupyter]: Command `jupyter.export` already registered by Jupyter (luma.jupyter)
2025-05-30 18:03:30.540 [info] [ms-toolsai.jupyter]: Command `jupyter.exportAsPythonScript` already registered by Jupyter (luma.jupyter)
2025-05-30 18:03:30.541 [info] [ms-toolsai.jupyter]: Command `jupyter.exportToHTML` already registered by Jupyter (luma.jupyter)
2025-05-30 18:03:30.541 [info] [ms-toolsai.jupyter]: Command `jupyter.exportToPDF` already registered by Jupyter (luma.jupyter)
2025-05-30 18:03:30.541 [info] [ms-toolsai.jupyter]: Command `jupyter.selectJupyterInterpreter` already registered by Jupyter (luma.jupyter)
2025-05-30 18:03:30.541 [info] [ms-toolsai.jupyter]: Command `jupyter.runcurrentcell` already registered by Jupyter (luma.jupyter)
2025-05-30 18:03:30.541 [info] [ms-toolsai.jupyter]: Command `jupyter.debugcell` already registered by Jupyter (luma.jupyter)
2025-05-30 18:03:30.541 [info] [ms-toolsai.jupyter]: Command `jupyter.debugstepover` already registered by Jupyter (luma.jupyter)
2025-05-30 18:03:30.541 [info] [ms-toolsai.jupyter]: Command `jupyter.debugstop` already registered by Jupyter (luma.jupyter)
2025-05-30 18:03:30.541 [info] [ms-toolsai.jupyter]: Command `jupyter.debugcontinue` already registered by Jupyter (luma.jupyter)
2025-05-30 18:03:30.541 [info] [ms-toolsai.jupyter]: Command `jupyter.insertCellBelowPosition` already registered by Jupyter (luma.jupyter)
2025-05-30 18:03:30.541 [info] [ms-toolsai.jupyter]: Command `jupyter.insertCellBelow` already registered by Jupyter (luma.jupyter)
2025-05-30 18:03:30.541 [info] [ms-toolsai.jupyter]: Command `jupyter.insertCellAbove` already registered by Jupyter (luma.jupyter)
2025-05-30 18:03:30.541 [info] [ms-toolsai.jupyter]: Command `jupyter.deleteCells` already registered by Jupyter (luma.jupyter)
2025-05-30 18:03:30.541 [info] [ms-toolsai.jupyter]: Command `jupyter.selectCell` already registered by Jupyter (luma.jupyter)
2025-05-30 18:03:30.541 [info] [ms-toolsai.jupyter]: Command `jupyter.selectCellContents` already registered by Jupyter (luma.jupyter)
2025-05-30 18:03:30.541 [info] [ms-toolsai.jupyter]: Command `jupyter.extendSelectionByCellAbove` already registered by Jupyter (luma.jupyter)
2025-05-30 18:03:30.542 [info] [ms-toolsai.jupyter]: Command `jupyter.extendSelectionByCellBelow` already registered by Jupyter (luma.jupyter)
2025-05-30 18:03:30.542 [info] [ms-toolsai.jupyter]: Command `jupyter.moveCellsUp` already registered by Jupyter (luma.jupyter)
2025-05-30 18:03:30.542 [info] [ms-toolsai.jupyter]: Command `jupyter.moveCellsDown` already registered by Jupyter (luma.jupyter)
2025-05-30 18:03:30.542 [info] [ms-toolsai.jupyter]: Command `jupyter.changeCellToMarkdown` already registered by Jupyter (luma.jupyter)
2025-05-30 18:03:30.542 [info] [ms-toolsai.jupyter]: Command `jupyter.changeCellToCode` already registered by Jupyter (luma.jupyter)
2025-05-30 18:03:30.542 [info] [ms-toolsai.jupyter]: Command `jupyter.gotoNextCellInFile` already registered by Jupyter (luma.jupyter)
2025-05-30 18:03:30.542 [info] [ms-toolsai.jupyter]: Command `jupyter.gotoPrevCellInFile` already registered by Jupyter (luma.jupyter)
2025-05-30 18:03:30.542 [info] [ms-toolsai.jupyter]: Command `jupyter.runcurrentcelladvance` already registered by Jupyter (luma.jupyter)
2025-05-30 18:03:30.542 [info] [ms-toolsai.jupyter]: Command `jupyter.runcurrentcellandallbelow.palette` already registered by Jupyter (luma.jupyter)
2025-05-30 18:03:30.542 [info] [ms-toolsai.jupyter]: Command `jupyter.runallcellsabove.palette` already registered by Jupyter (luma.jupyter)
2025-05-30 18:03:30.542 [info] [ms-toolsai.jupyter]: Command `jupyter.debugcurrentcell.palette` already registered by Jupyter (luma.jupyter)
2025-05-30 18:03:30.542 [info] [ms-toolsai.jupyter]: Command `jupyter.execSelectionInteractive` already registered by Jupyter (luma.jupyter)
2025-05-30 18:03:30.542 [info] [ms-toolsai.jupyter]: Command `jupyter.createnewinteractive` already registered by Jupyter (luma.jupyter)
2025-05-30 18:03:30.542 [info] [ms-toolsai.jupyter]: Command `jupyter.runFileInteractive` already registered by Jupyter (luma.jupyter)
2025-05-30 18:03:30.542 [info] [ms-toolsai.jupyter]: Command `jupyter.debugFileInteractive` already registered by Jupyter (luma.jupyter)
2025-05-30 18:03:30.542 [info] [ms-toolsai.jupyter]: Command `jupyter.runallcells` already registered by Jupyter (luma.jupyter)
2025-05-30 18:03:30.543 [info] [ms-toolsai.jupyter]: Command `jupyter.runallcellsabove` already registered by Jupyter (luma.jupyter)
2025-05-30 18:03:30.543 [info] [ms-toolsai.jupyter]: Command `jupyter.runcellandallbelow` already registered by Jupyter (luma.jupyter)
2025-05-30 18:03:30.543 [info] [ms-toolsai.jupyter]: Command `jupyter.runcell` already registered by Jupyter (luma.jupyter)
2025-05-30 18:03:30.543 [info] [ms-toolsai.jupyter]: Command `jupyter.runtoline` already registered by Jupyter (luma.jupyter)
2025-05-30 18:03:30.543 [info] [ms-toolsai.jupyter]: Command `jupyter.runfromline` already registered by Jupyter (luma.jupyter)
2025-05-30 18:03:30.543 [info] [ms-toolsai.jupyter]: Command `jupyter.importnotebook` already registered by Jupyter (luma.jupyter)
2025-05-30 18:03:30.543 [info] [ms-toolsai.jupyter]: Command `jupyter.importnotebookfile` already registered by Jupyter (luma.jupyter)
2025-05-30 18:03:30.543 [info] [ms-toolsai.jupyter]: Command `jupyter.exportoutputasnotebook` already registered by Jupyter (luma.jupyter)
2025-05-30 18:03:30.543 [info] [ms-toolsai.jupyter]: Command `jupyter.exportfileasnotebook` already registered by Jupyter (luma.jupyter)
2025-05-30 18:03:30.543 [info] [ms-toolsai.jupyter]: Command `jupyter.exportfileandoutputasnotebook` already registered by Jupyter (luma.jupyter)
2025-05-30 18:03:30.543 [info] [ms-toolsai.jupyter]: Command `jupyter.interruptkernel` already registered by Jupyter (luma.jupyter)
2025-05-30 18:03:30.543 [info] [ms-toolsai.jupyter]: Command `jupyter.restartkernel` already registered by Jupyter (luma.jupyter)
2025-05-30 18:03:30.543 [info] [ms-toolsai.jupyter]: Command `jupyter.notebookeditor.addcellbelow` already registered by Jupyter (luma.jupyter)
2025-05-30 18:03:30.544 [info] [ms-toolsai.jupyter]: Command `jupyter.notebookeditor.removeallcells` already registered by Jupyter (luma.jupyter)
2025-05-30 18:03:30.544 [info] [ms-toolsai.jupyter]: Command `jupyter.expandallcells` already registered by Jupyter (luma.jupyter)
2025-05-30 18:03:30.544 [info] [ms-toolsai.jupyter]: Command `jupyter.collapseallcells` already registered by Jupyter (luma.jupyter)
2025-05-30 18:03:30.544 [info] [ms-toolsai.jupyter]: Command `jupyter.addcellbelow` already registered by Jupyter (luma.jupyter)
2025-05-30 18:03:30.544 [info] [ms-toolsai.jupyter]: Command `jupyter.createnewnotebook` already registered by Jupyter (luma.jupyter)
2025-05-30 18:03:30.544 [info] [ms-toolsai.jupyter]: Command `jupyter.scrolltocell` already registered by Jupyter (luma.jupyter)
2025-05-30 18:03:30.544 [info] [ms-toolsai.jupyter]: Command `jupyter.latestExtension` already registered by Jupyter (luma.jupyter)
2025-05-30 18:03:30.544 [info] [ms-toolsai.jupyter]: Command `jupyter.showDataViewer` already registered by Jupyter (luma.jupyter)
2025-05-30 18:03:30.544 [info] [ms-toolsai.jupyter]: Command `jupyter.clearSavedJupyterUris` already registered by Jupyter (luma.jupyter)
2025-05-30 18:03:30.544 [info] [ms-toolsai.jupyter]: Command `jupyter.openVariableView` already registered by Jupyter (luma.jupyter)
2025-05-30 18:03:30.544 [info] [ms-toolsai.jupyter]: Command `jupyter.openOutlineView` already registered by Jupyter (luma.jupyter)
2025-05-30 18:03:30.544 [info] [ms-toolsai.jupyter]: Command `jupyter.refreshDataViewer` already registered by Jupyter (luma.jupyter)
2025-05-30 18:03:30.544 [info] [ms-toolsai.jupyter]: Command `jupyter.interactive.clearAllCells` already registered by Jupyter (luma.jupyter)
2025-05-30 18:03:30.544 [info] [ms-toolsai.jupyter]: Command `jupyter.interactive.goToCode` already registered by Jupyter (luma.jupyter)
2025-05-30 18:03:30.544 [info] [ms-toolsai.jupyter]: Command `jupyter.interactive.exportasnotebook` already registered by Jupyter (luma.jupyter)
2025-05-30 18:03:30.545 [info] [ms-toolsai.jupyter]: Command `jupyter.interactive.exportas` already registered by Jupyter (luma.jupyter)
2025-05-30 18:03:30.545 [info] [ms-toolsai.jupyter]: Command `jupyter.interactive.copyCell` already registered by Jupyter (luma.jupyter)
2025-05-30 18:03:30.552 [warning] [ms-toolsai.jupyter]: Cannot register 'jupyter.experiments.enabled'. This property is already registered.
2025-05-30 18:03:30.552 [warning] [ms-toolsai.jupyter]: Cannot register 'jupyter.showVariableViewWhenDebugging'. This property is already registered.
2025-05-30 18:03:30.552 [warning] [ms-toolsai.jupyter]: Cannot register 'jupyter.logging.level'. This property is already registered.
2025-05-30 18:03:30.552 [warning] [ms-toolsai.jupyter]: Cannot register 'jupyter.experiments.optInto'. This property is already registered.
2025-05-30 18:03:30.552 [warning] [ms-toolsai.jupyter]: Cannot register 'jupyter.experiments.optOutFrom'. This property is already registered.
2025-05-30 18:03:30.552 [warning] [ms-toolsai.jupyter]: Cannot register 'jupyter.widgetScriptSources'. This property is already registered.
2025-05-30 18:03:30.552 [warning] [ms-toolsai.jupyter]: Cannot register 'jupyter.askForLargeDataFrames'. This property is already registered.
2025-05-30 18:03:30.552 [warning] [ms-toolsai.jupyter]: Cannot register 'jupyter.askForKernelRestart'. This property is already registered.
2025-05-30 18:03:30.553 [warning] [ms-toolsai.jupyter]: Cannot register 'jupyter.exportWithOutputEnabled'. This property is already registered.
2025-05-30 18:03:30.553 [warning] [ms-toolsai.jupyter]: Cannot register 'jupyter.jupyterLaunchTimeout'. This property is already registered.
2025-05-30 18:03:30.553 [warning] [ms-toolsai.jupyter]: Cannot register 'jupyter.jupyterLaunchRetries'. This property is already registered.
2025-05-30 18:03:30.553 [warning] [ms-toolsai.jupyter]: Cannot register 'jupyter.jupyterCommandLineArguments'. This property is already registered.
2025-05-30 18:03:30.553 [warning] [ms-toolsai.jupyter]: Cannot register 'jupyter.notebookFileRoot'. This property is already registered.
2025-05-30 18:03:30.553 [warning] [ms-toolsai.jupyter]: Cannot register 'jupyter.useDefaultConfigForJupyter'. This property is already registered.
2025-05-30 18:03:30.553 [warning] [ms-toolsai.jupyter]: Cannot register 'jupyter.jupyterInterruptTimeout'. This property is already registered.
2025-05-30 18:03:30.553 [warning] [ms-toolsai.jupyter]: Cannot register 'jupyter.variableExplorerExclude'. This property is already registered.
2025-05-30 18:03:30.553 [warning] [ms-toolsai.jupyter]: Cannot register 'jupyter.themeMatplotlibPlots'. This property is already registered.
2025-05-30 18:03:30.553 [warning] [ms-toolsai.jupyter]: Cannot register 'jupyter.allowUnauthorizedRemoteConnection'. This property is already registered.
2025-05-30 18:03:30.553 [warning] [ms-toolsai.jupyter]: Cannot register 'jupyter.debugpyDistPath'. This property is already registered.
2025-05-30 18:03:30.553 [warning] [ms-toolsai.jupyter]: Cannot register 'jupyter.stopOnFirstLineWhileDebugging'. This property is already registered.
2025-05-30 18:03:30.553 [warning] [ms-toolsai.jupyter]: Cannot register 'jupyter.disableJupyterAutoStart'. This property is already registered.
2025-05-30 18:03:30.553 [warning] [ms-toolsai.jupyter]: Cannot register 'jupyter.pythonExportMethod'. This property is already registered.
2025-05-30 18:03:30.553 [warning] [ms-toolsai.jupyter]: Cannot register 'jupyter.runStartupCommands'. This property is already registered.
2025-05-30 18:03:30.554 [warning] [ms-toolsai.jupyter]: Cannot register 'jupyter.debugJustMyCode'. This property is already registered.
2025-05-30 18:03:30.554 [warning] [ms-toolsai.jupyter]: Cannot register 'jupyter.showOutlineButtonInNotebookToolbar'. This property is already registered.
2025-05-30 18:03:30.554 [warning] [ms-toolsai.jupyter]: Cannot register 'jupyter.pythonCompletionTriggerCharacters'. This property is already registered.
2025-05-30 18:03:30.554 [warning] [ms-toolsai.jupyter]: Cannot register 'jupyter.logKernelOutputSeparately'. This property is already registered.
2025-05-30 18:03:30.567 [error] [ms-toolsai.jupyter]: Cannot register multiple views with same id `jupyterViewVariables`
2025-05-30 18:03:30.650 [info] ChatSessionStore: Migrating 0 chat sessions from storage service to file system
2025-05-30 18:03:32.957 [info] [perf] Render performance baseline is 15ms
2025-05-30 18:03:33.448 [info] Auto updating outdated extensions. vadimcn.vscode-lldb
2025-05-30 18:03:52.437 [error] [Extension Host] extension activation failed TypeError: s.notebooks.onDidChangeCellMetadata is not a function
    at u.onDidChangeCellMetadata [as addEventHandlers] (/home/dimgerasimou/.vscode-oss/extensions/luma.jupyter-2022.3.108-universal/src/client/common/application/notebook.ts:73:32)
    at new addEventHandlers (/home/dimgerasimou/.vscode-oss/extensions/luma.jupyter-2022.3.108-universal/src/client/common/application/notebook.ts:24:14)
    at Object.t.resolveInstance (/home/dimgerasimou/.vscode-oss/extensions/luma.jupyter-2022.3.108-universal/node_modules/inversify/lib/resolution/instantiation.js:21:12)
    at resolveInstance (/home/dimgerasimou/.vscode-oss/extensions/luma.jupyter-2022.3.108-universal/node_modules/inversify/lib/resolution/resolver.js:72:42)
    at Array.map (<anonymous>)
    at Object.map [as resolveInstance] (/home/dimgerasimou/.vscode-oss/extensions/luma.jupyter-2022.3.108-universal/node_modules/inversify/lib/resolution/instantiation.js:40:67)
    at resolveInstance (/home/dimgerasimou/.vscode-oss/extensions/luma.jupyter-2022.3.108-universal/node_modules/inversify/lib/resolution/resolver.js:72:42)
    at _f (/home/dimgerasimou/.vscode-oss/extensions/luma.jupyter-2022.3.108-universal/node_modules/inversify/lib/resolution/resolver.js:34:24)
    at Array.map (<anonymous>)
    at map (/home/dimgerasimou/.vscode-oss/extensions/luma.jupyter-2022.3.108-universal/node_modules/inversify/lib/resolution/resolver.js:32:34)
    at Array.map (<anonymous>)
    at Object.map [as resolveInstance] (/home/dimgerasimou/.vscode-oss/extensions/luma.jupyter-2022.3.108-universal/node_modules/inversify/lib/resolution/instantiation.js:40:67)
    at resolveInstance (/home/dimgerasimou/.vscode-oss/extensions/luma.jupyter-2022.3.108-universal/node_modules/inversify/lib/resolution/resolver.js:72:42)
    at Object._f [as resolve] (/home/dimgerasimou/.vscode-oss/extensions/luma.jupyter-2022.3.108-universal/node_modules/inversify/lib/resolution/resolver.js:96:12)
    at resolve (/home/dimgerasimou/.vscode-oss/extensions/luma.jupyter-2022.3.108-universal/node_modules/inversify/lib/container/container.js:319:37)
    at e.this (/home/dimgerasimou/.vscode-oss/extensions/luma.jupyter-2022.3.108-universal/node_modules/inversify/lib/container/container.js:310:22)
    at e._get [as get] (/home/dimgerasimou/.vscode-oss/extensions/luma.jupyter-2022.3.108-universal/node_modules/inversify/lib/container/container.js:230:21)
    at a.get (/home/dimgerasimou/.vscode-oss/extensions/luma.jupyter-2022.3.108-universal/src/client/ioc/container.ts:24:89)
    at get (/home/dimgerasimou/.vscode-oss/extensions/luma.jupyter-2022.3.108-universal/src/client/extensionActivation.ts:90:38)
    at activationPromise (/home/dimgerasimou/.vscode-oss/extensions/luma.jupyter-2022.3.108-universal/src/client/extension.ts:67:17)
    at serviceContainer (/home/dimgerasimou/.vscode-oss/extensions/luma.jupyter-2022.3.108-universal/src/client/extension.ts:30:22)
    at Nw._activate (file:///opt/vscodium-bin/resources/app/out/vs/workbench/api/node/extensionHostProcess.js:119:16269)
    at Nw._waitForDepsThenActivate (file:///opt/vscodium-bin/resources/app/out/vs/workbench/api/node/extensionHostProcess.js:119:16211)
    at Nw._initialize (file:///opt/vscodium-bin/resources/app/out/vs/workbench/api/node/extensionHostProcess.js:119:15574)
2025-05-30 18:20:48.430 [error] UnboundLocalError: cannot access local variable 'start_index' where it is not associated with a value: Error: UnboundLocalError: cannot access local variable 'start_index' where it is not associated with a value
    at ae (/home/dimgerasimou/.vscode-oss/extensions/ms-python.python-2025.4.0-universal/out/client/extension.js:2:1965471)
    at oe (/home/dimgerasimou/.vscode-oss/extensions/ms-python.python-2025.4.0-universal/out/client/extension.js:2:1963431)
    at Immediate.<anonymous> (/home/dimgerasimou/.vscode-oss/extensions/ms-python.python-2025.4.0-universal/out/client/extension.js:2:1959725)
    at processImmediate (node:internal/timers:483:21)
2025-05-30 18:20:54.375 [error] UnboundLocalError: cannot access local variable 'start_index' where it is not associated with a value: Error: UnboundLocalError: cannot access local variable 'start_index' where it is not associated with a value
    at ae (/home/dimgerasimou/.vscode-oss/extensions/ms-python.python-2025.4.0-universal/out/client/extension.js:2:1965471)
    at oe (/home/dimgerasimou/.vscode-oss/extensions/ms-python.python-2025.4.0-universal/out/client/extension.js:2:1963431)
    at Immediate.<anonymous> (/home/dimgerasimou/.vscode-oss/extensions/ms-python.python-2025.4.0-universal/out/client/extension.js:2:1959725)
    at processImmediate (node:internal/timers:483:21)
2025-05-30 18:20:58.702 [error] UnboundLocalError: cannot access local variable 'start_index' where it is not associated with a value: Error: UnboundLocalError: cannot access local variable 'start_index' where it is not associated with a value
    at ae (/home/dimgerasimou/.vscode-oss/extensions/ms-python.python-2025.4.0-universal/out/client/extension.js:2:1965471)
    at oe (/home/dimgerasimou/.vscode-oss/extensions/ms-python.python-2025.4.0-universal/out/client/extension.js:2:1963431)
    at Immediate.<anonymous> (/home/dimgerasimou/.vscode-oss/extensions/ms-python.python-2025.4.0-universal/out/client/extension.js:2:1959725)
    at processImmediate (node:internal/timers:483:21)
2025-05-31 06:03:35.888 [info] Auto updating outdated extensions. vadimcn.vscode-lldb
2025-05-31 18:03:37.367 [info] Auto updating outdated extensions. vadimcn.vscode-lldb
2025-05-31 18:10:28.352 [error] UnboundLocalError: cannot access local variable 'start_index' where it is not associated with a value: Error: UnboundLocalError: cannot access local variable 'start_index' where it is not associated with a value
    at ae (/home/dimgerasimou/.vscode-oss/extensions/ms-python.python-2025.4.0-universal/out/client/extension.js:2:1965471)
    at oe (/home/dimgerasimou/.vscode-oss/extensions/ms-python.python-2025.4.0-universal/out/client/extension.js:2:1963431)
    at Immediate.<anonymous> (/home/dimgerasimou/.vscode-oss/extensions/ms-python.python-2025.4.0-universal/out/client/extension.js:2:1959725)
    at processImmediate (node:internal/timers:483:21)
2025-05-31 18:10:31.047 [error] UnboundLocalError: cannot access local variable 'start_index' where it is not associated with a value: Error: UnboundLocalError: cannot access local variable 'start_index' where it is not associated with a value
    at ae (/home/dimgerasimou/.vscode-oss/extensions/ms-python.python-2025.4.0-universal/out/client/extension.js:2:1965471)
    at oe (/home/dimgerasimou/.vscode-oss/extensions/ms-python.python-2025.4.0-universal/out/client/extension.js:2:1963431)
    at Immediate.<anonymous> (/home/dimgerasimou/.vscode-oss/extensions/ms-python.python-2025.4.0-universal/out/client/extension.js:2:1959725)
    at processImmediate (node:internal/timers:483:21)
2025-05-31 18:10:40.980 [error] UnboundLocalError: cannot access local variable 'start_index' where it is not associated with a value: Error: UnboundLocalError: cannot access local variable 'start_index' where it is not associated with a value
    at ae (/home/dimgerasimou/.vscode-oss/extensions/ms-python.python-2025.4.0-universal/out/client/extension.js:2:1965471)
    at oe (/home/dimgerasimou/.vscode-oss/extensions/ms-python.python-2025.4.0-universal/out/client/extension.js:2:1963431)
    at Immediate.<anonymous> (/home/dimgerasimou/.vscode-oss/extensions/ms-python.python-2025.4.0-universal/out/client/extension.js:2:1959725)
    at processImmediate (node:internal/timers:483:21)
2025-05-31 18:10:45.191 [error] UnboundLocalError: cannot access local variable 'start_index' where it is not associated with a value: Error: UnboundLocalError: cannot access local variable 'start_index' where it is not associated with a value
    at ae (/home/dimgerasimou/.vscode-oss/extensions/ms-python.python-2025.4.0-universal/out/client/extension.js:2:1965471)
    at oe (/home/dimgerasimou/.vscode-oss/extensions/ms-python.python-2025.4.0-universal/out/client/extension.js:2:1963431)
    at Immediate.<anonymous> (/home/dimgerasimou/.vscode-oss/extensions/ms-python.python-2025.4.0-universal/out/client/extension.js:2:1959725)
    at processImmediate (node:internal/timers:483:21)
2025-05-31 19:18:10.241 [error] TreeError [DebugRepl] Tree input not set: Error: TreeError [DebugRepl] Tree input not set
    at Kg._updateChildren (vscode-file://vscode-app/opt/vscodium-bin/resources/app/out/vs/workbench/workbench.desktop.main.js:417:33379)
    at Kg.updateChildren (vscode-file://vscode-app/opt/vscodium-bin/resources/app/out/vs/workbench/workbench.desktop.main.js:417:33252)
    at Vne.value (vscode-file://vscode-app/opt/vscodium-bin/resources/app/out/vs/workbench/workbench.desktop.main.js:2092:40421)
    at x._deliver (vscode-file://vscode-app/opt/vscodium-bin/resources/app/out/vs/workbench/workbench.desktop.main.js:29:2956)
    at x._deliverQueue (vscode-file://vscode-app/opt/vscodium-bin/resources/app/out/vs/workbench/workbench.desktop.main.js:29:3047)
    at x.fire (vscode-file://vscode-app/opt/vscodium-bin/resources/app/out/vs/workbench/workbench.desktop.main.js:29:3384)
    at yCe.setVisible (vscode-file://vscode-app/opt/vscodium-bin/resources/app/out/vs/workbench/workbench.desktop.main.js:680:3717)
    at vscode-file://vscode-app/opt/vscodium-bin/resources/app/out/vs/workbench/workbench.desktop.main.js:1308:15209
    at Array.map (<anonymous>)
    at Uh.setVisible (vscode-file://vscode-app/opt/vscodium-bin/resources/app/out/vs/workbench/workbench.desktop.main.js:1308:15200)
2025-05-31 19:20:20.674 [error] Unable to resolve text model content for resource vscode-notebook-cell:/home/dimgerasimou/Numerical_Analysis/numerical_project.ipynb#X20sZmlsZQ%3D%3D: Error: Unable to resolve text model content for resource vscode-notebook-cell:/home/dimgerasimou/Numerical_Analysis/numerical_project.ipynb#X20sZmlsZQ%3D%3D
    at kje.resolveTextModelContent (vscode-file://vscode-app/opt/vscodium-bin/resources/app/out/vs/workbench/workbench.desktop.main.js:1825:29552)
    at async kje.doCreateReferencedObject (vscode-file://vscode-app/opt/vscodium-bin/resources/app/out/vs/workbench/workbench.desktop.main.js:1825:28296)
    at async Cyt.acquire (vscode-file://vscode-app/opt/vscodium-bin/resources/app/out/vs/workbench/workbench.desktop.main.js:27:3601)
    at async Ije.createModelReference (vscode-file://vscode-app/opt/vscodium-bin/resources/app/out/vs/workbench/workbench.desktop.main.js:1825:30423)
    at async Y2e._run (vscode-file://vscode-app/opt/vscodium-bin/resources/app/out/vs/workbench/workbench.desktop.main.js:487:22940)
2025-05-31 19:20:22.007 [error] Unable to resolve text model content for resource vscode-notebook-cell:/home/dimgerasimou/Numerical_Analysis/numerical_project.ipynb#X20sZmlsZQ%3D%3D: Error: Unable to resolve text model content for resource vscode-notebook-cell:/home/dimgerasimou/Numerical_Analysis/numerical_project.ipynb#X20sZmlsZQ%3D%3D
    at kje.resolveTextModelContent (vscode-file://vscode-app/opt/vscodium-bin/resources/app/out/vs/workbench/workbench.desktop.main.js:1825:29552)
    at async kje.doCreateReferencedObject (vscode-file://vscode-app/opt/vscodium-bin/resources/app/out/vs/workbench/workbench.desktop.main.js:1825:28296)
    at async Cyt.acquire (vscode-file://vscode-app/opt/vscodium-bin/resources/app/out/vs/workbench/workbench.desktop.main.js:27:3601)
    at async Ije.createModelReference (vscode-file://vscode-app/opt/vscodium-bin/resources/app/out/vs/workbench/workbench.desktop.main.js:1825:30423)
    at async Y2e._run (vscode-file://vscode-app/opt/vscodium-bin/resources/app/out/vs/workbench/workbench.desktop.main.js:487:22940)
2025-05-31 19:20:24.070 [error] Unable to resolve text model content for resource vscode-notebook-cell:/home/dimgerasimou/Numerical_Analysis/numerical_project.ipynb#X20sZmlsZQ%3D%3D: Error: Unable to resolve text model content for resource vscode-notebook-cell:/home/dimgerasimou/Numerical_Analysis/numerical_project.ipynb#X20sZmlsZQ%3D%3D
    at kje.resolveTextModelContent (vscode-file://vscode-app/opt/vscodium-bin/resources/app/out/vs/workbench/workbench.desktop.main.js:1825:29552)
    at async kje.doCreateReferencedObject (vscode-file://vscode-app/opt/vscodium-bin/resources/app/out/vs/workbench/workbench.desktop.main.js:1825:28296)
    at async Cyt.acquire (vscode-file://vscode-app/opt/vscodium-bin/resources/app/out/vs/workbench/workbench.desktop.main.js:27:3601)
    at async Ije.createModelReference (vscode-file://vscode-app/opt/vscodium-bin/resources/app/out/vs/workbench/workbench.desktop.main.js:1825:30423)
    at async Y2e._run (vscode-file://vscode-app/opt/vscodium-bin/resources/app/out/vs/workbench/workbench.desktop.main.js:487:22940)
2025-05-31 19:20:27.376 [error] Unable to resolve text model content for resource vscode-notebook-cell:/home/dimgerasimou/Numerical_Analysis/numerical_project.ipynb#X20sZmlsZQ%3D%3D: Error: Unable to resolve text model content for resource vscode-notebook-cell:/home/dimgerasimou/Numerical_Analysis/numerical_project.ipynb#X20sZmlsZQ%3D%3D
    at kje.resolveTextModelContent (vscode-file://vscode-app/opt/vscodium-bin/resources/app/out/vs/workbench/workbench.desktop.main.js:1825:29552)
    at async kje.doCreateReferencedObject (vscode-file://vscode-app/opt/vscodium-bin/resources/app/out/vs/workbench/workbench.desktop.main.js:1825:28296)
    at async Cyt.acquire (vscode-file://vscode-app/opt/vscodium-bin/resources/app/out/vs/workbench/workbench.desktop.main.js:27:3601)
    at async Ije.createModelReference (vscode-file://vscode-app/opt/vscodium-bin/resources/app/out/vs/workbench/workbench.desktop.main.js:1825:30423)
    at async Y2e._run (vscode-file://vscode-app/opt/vscodium-bin/resources/app/out/vs/workbench/workbench.desktop.main.js:487:22940)
2025-05-31 19:20:30.777 [error] Unable to resolve text model content for resource vscode-notebook-cell:/home/dimgerasimou/Numerical_Analysis/numerical_project.ipynb#X20sZmlsZQ%3D%3D: Error: Unable to resolve text model content for resource vscode-notebook-cell:/home/dimgerasimou/Numerical_Analysis/numerical_project.ipynb#X20sZmlsZQ%3D%3D
    at kje.resolveTextModelContent (vscode-file://vscode-app/opt/vscodium-bin/resources/app/out/vs/workbench/workbench.desktop.main.js:1825:29552)
    at async kje.doCreateReferencedObject (vscode-file://vscode-app/opt/vscodium-bin/resources/app/out/vs/workbench/workbench.desktop.main.js:1825:28296)
    at async Cyt.acquire (vscode-file://vscode-app/opt/vscodium-bin/resources/app/out/vs/workbench/workbench.desktop.main.js:27:3601)
    at async Ije.createModelReference (vscode-file://vscode-app/opt/vscodium-bin/resources/app/out/vs/workbench/workbench.desktop.main.js:1825:30423)
    at async Y2e._run (vscode-file://vscode-app/opt/vscodium-bin/resources/app/out/vs/workbench/workbench.desktop.main.js:487:22940)
2025-05-31 20:01:09.816 [error] [stored file working copy] handleSaveError(15639) - exit - resulted in a save error: Error: Unable to write file '/home/dimgerasimou/Numerical_Analysis/numerical_project.ipynb' (Error: File Modified Since) file:///home/dimgerasimou/Numerical_Analysis/numerical_project.ipynb notebook/jupyter-notebook/jupyter-notebook
2025-05-31 20:11:37.515 [error] KeyError: <ForStmt: for i in range(1, n): 		product *= (x_pred - x_data[i - 1]) 		result += coeffs[i] * product@38,1>: Error: KeyError: <ForStmt: for i in range(1, n): 		product *= (x_pred - x_data[i - 1]) 		result += coeffs[i] * product@38,1>
    at ae (/home/dimgerasimou/.vscode-oss/extensions/ms-python.python-2025.4.0-universal/out/client/extension.js:2:1965471)
    at oe (/home/dimgerasimou/.vscode-oss/extensions/ms-python.python-2025.4.0-universal/out/client/extension.js:2:1963431)
    at Immediate.<anonymous> (/home/dimgerasimou/.vscode-oss/extensions/ms-python.python-2025.4.0-universal/out/client/extension.js:2:1959725)
    at processImmediate (node:internal/timers:483:21)
2025-05-31 20:11:53.412 [error] KeyError: <ForStmt: for i in range(1, n): 		product *= (x_pred - x_data[i - 1]) 		result += coeffs[i] * product@38,1>: Error: KeyError: <ForStmt: for i in range(1, n): 		product *= (x_pred - x_data[i - 1]) 		result += coeffs[i] * product@38,1>
    at ae (/home/dimgerasimou/.vscode-oss/extensions/ms-python.python-2025.4.0-universal/out/client/extension.js:2:1965471)
    at oe (/home/dimgerasimou/.vscode-oss/extensions/ms-python.python-2025.4.0-universal/out/client/extension.js:2:1963431)
    at Immediate.<anonymous> (/home/dimgerasimou/.vscode-oss/extensions/ms-python.python-2025.4.0-universal/out/client/extension.js:2:1959725)
    at processImmediate (node:internal/timers:483:21)
2025-05-31 21:37:52.836 [error] UnboundLocalError: cannot access local variable 'start_index' where it is not associated with a value: Error: UnboundLocalError: cannot access local variable 'start_index' where it is not associated with a value
    at ae (/home/dimgerasimou/.vscode-oss/extensions/ms-python.python-2025.4.0-universal/out/client/extension.js:2:1965471)
    at oe (/home/dimgerasimou/.vscode-oss/extensions/ms-python.python-2025.4.0-universal/out/client/extension.js:2:1963431)
    at Immediate.<anonymous> (/home/dimgerasimou/.vscode-oss/extensions/ms-python.python-2025.4.0-universal/out/client/extension.js:2:1959725)
    at processImmediate (node:internal/timers:483:21)
2025-05-31 21:37:57.078 [error] UnboundLocalError: cannot access local variable 'start_index' where it is not associated with a value: Error: UnboundLocalError: cannot access local variable 'start_index' where it is not associated with a value
    at ae (/home/dimgerasimou/.vscode-oss/extensions/ms-python.python-2025.4.0-universal/out/client/extension.js:2:1965471)
    at oe (/home/dimgerasimou/.vscode-oss/extensions/ms-python.python-2025.4.0-universal/out/client/extension.js:2:1963431)
    at Immediate.<anonymous> (/home/dimgerasimou/.vscode-oss/extensions/ms-python.python-2025.4.0-universal/out/client/extension.js:2:1959725)
    at processImmediate (node:internal/timers:483:21)
