2025-05-20 20:53:12.411 [info] Telemetry level is off
2025-05-20 20:53:12.411 [info] Experiments are disabled, only manually opted experiments are active.
2025-05-20 20:53:12.411 [warning] Dir "/home/dimgerasimou/Αριθμητική/.pixi/envs" is not watchable (directory does not exist)
2025-05-20 20:53:12.411 [info] > conda info --json
2025-05-20 20:53:12.411 [info] Python interpreter path: /bin/python
2025-05-20 20:53:12.509 [info] > pyenv which python
2025-05-20 20:53:12.509 [info] cwd: .
2025-05-20 20:53:13.183 [info] Starting Jedi language server for Αριθμητική.
2025-05-20 20:53:13.987 [info] CreateEnv Trigger - Skipping for /home/dimgerasimou/Αριθμητική/test.py
2025-05-20 20:53:14.286 [info] Send text to terminal: /bin/python /home/dimgerasimou/Αριθμητική/test.py
2025-05-20 20:53:55.312 [info] Discover tests for workspace name: Αριθμητική - uri: /home/dimgerasimou/Αριθμητική/test.py
2025-05-20 20:55:37.174 [info] Send text to terminal: /bin/python /home/dimgerasimou/Αριθμητική/test.py
2025-05-20 20:59:07.394 [info] Send text to terminal: /bin/python /home/dimgerasimou/Αριθμητική/test.py
2025-05-20 20:59:24.080 [info] Selected workspace /home/dimgerasimou/Αριθμητική for creating virtual environment.
2025-05-20 20:59:24.091 [info] Starting Environment refresh
2025-05-20 20:59:24.091 [info] Searching for interpreters in posix paths locator
2025-05-20 20:59:24.093 [info] Searching for pyenv environments
2025-05-20 20:59:24.093 [info] Searching for conda environments
2025-05-20 20:59:24.093 [info] Searching for global virtual environments
2025-05-20 20:59:24.093 [info] Searching for custom virtual environments
2025-05-20 20:59:24.104 [info] > hatch env show --json
2025-05-20 20:59:24.104 [info] cwd: .
2025-05-20 20:59:24.108 [info] pyenv is not installed
2025-05-20 20:59:24.108 [info] Finished searching for pyenv environments: 17 milliseconds
2025-05-20 20:59:24.108 [info] Finished searching for custom virtual envs: 16 milliseconds
2025-05-20 20:59:24.111 [info] Finished searching for global virtual envs: 19 milliseconds
2025-05-20 20:59:24.128 [info] Found: /bin/python --> /bin/python3.13
2025-05-20 20:59:24.128 [info] Found: /bin/python3 --> /bin/python3.13
2025-05-20 20:59:24.128 [info] Found: /bin/python3.13 --> /bin/python3.13
2025-05-20 20:59:24.161 [info] > /bin/python -I ~/.vscode-oss/extensions/ms-python.python-2025.4.0-universal/python_files/get_output_via_markers.py ~/.vscode-oss/extensions/ms-python.python-2025.4.0-universal/python_files/interpreterInfo.py
2025-05-20 20:59:24.185 [info] Found: /sbin/python --> /sbin/python3.13
2025-05-20 20:59:24.185 [info] Found: /sbin/python3 --> /sbin/python3.13
2025-05-20 20:59:24.185 [info] Found: /sbin/python3.13 --> /sbin/python3.13
2025-05-20 20:59:24.194 [info] Found: /usr/bin/python --> /usr/bin/python3.13
2025-05-20 20:59:24.195 [info] Found: /usr/bin/python3 --> /usr/bin/python3.13
2025-05-20 20:59:24.195 [info] Found: /usr/bin/python3.13 --> /usr/bin/python3.13
2025-05-20 20:59:24.237 [info] Found: /usr/sbin/python --> /usr/sbin/python3.13
2025-05-20 20:59:24.238 [info] Found: /usr/sbin/python3 --> /usr/sbin/python3.13
2025-05-20 20:59:24.238 [info] Found: /usr/sbin/python3.13 --> /usr/sbin/python3.13
2025-05-20 20:59:24.258 [info] > /sbin/python -I ~/.vscode-oss/extensions/ms-python.python-2025.4.0-universal/python_files/get_output_via_markers.py ~/.vscode-oss/extensions/ms-python.python-2025.4.0-universal/python_files/interpreterInfo.py
2025-05-20 20:59:24.273 [info] Finished searching for interpreters in posix paths locator: 177 milliseconds
2025-05-20 20:59:24.273 [info] > /usr/bin/python -I ~/.vscode-oss/extensions/ms-python.python-2025.4.0-universal/python_files/get_output_via_markers.py ~/.vscode-oss/extensions/ms-python.python-2025.4.0-universal/python_files/interpreterInfo.py
2025-05-20 20:59:24.287 [info] > /usr/sbin/python -I ~/.vscode-oss/extensions/ms-python.python-2025.4.0-universal/python_files/get_output_via_markers.py ~/.vscode-oss/extensions/ms-python.python-2025.4.0-universal/python_files/interpreterInfo.py
2025-05-20 20:59:24.288 [info] Environments refresh paths discovered (event): 199 milliseconds
2025-05-20 20:59:24.288 [info] Environments refresh paths discovered: 200 milliseconds
2025-05-20 20:59:24.308 [info] Environments refresh finished (event): 219 milliseconds
2025-05-20 20:59:24.317 [info] Environment refresh took 230 milliseconds
2025-05-20 20:59:29.347 [info] Selected interpreter /bin/python for creating virtual environment.
2025-05-20 20:59:29.407 [info] Running Env creation script:  [
  '/bin/python',
  '/home/dimgerasimou/.vscode-oss/extensions/ms-python.python-2025.4.0-universal/python_files/create_venv.py',
  '--git-ignore'
]
2025-05-20 20:59:29.407 [info] > /bin/python ~/.vscode-oss/extensions/ms-python.python-2025.4.0-universal/python_files/create_venv.py --git-ignore
2025-05-20 20:59:29.407 [info] cwd: .
2025-05-20 20:59:29.517 [info] Running: /bin/python -m venv .venv
2025-05-20 20:59:31.087 [info] CREATED_VENV:/home/dimgerasimou/Αριθμητική/.venv/bin/python
CREATE_VENV.UPGRADING_PIP
Running: /home/dimgerasimou/Αριθμητική/.venv/bin/python -m pip install --upgrade pip
2025-05-20 20:59:31.299 [info] Requirement already satisfied: pip in ./.venv/lib/python3.13/site-packages (25.0.1)
2025-05-20 20:59:31.364 [info] Collecting pip
2025-05-20 20:59:31.429 [info]   Downloading pip-25.1.1-py3-none-any.whl.metadata (3.6 kB)
2025-05-20 20:59:31.450 [info] Downloading pip-25.1.1-py3-none-any.whl (1.8 MB)
2025-05-20 20:59:31.569 [info]    ━━━━━━━━━━━━━━━━━━━━━━━━━━━━━━━━━━━━━━━━ 1.8/1.8 MB 18.5 MB/s eta 0:00:00
2025-05-20 20:59:31.570 [info] 
2025-05-20 20:59:31.581 [info] Installing collected packages: pip
  Attempting uninstall: pip
2025-05-20 20:59:31.583 [info]     Found existing installation: pip 25.0.1
2025-05-20 20:59:31.600 [info]     Uninstalling pip-25.0.1:
2025-05-20 20:59:31.603 [info]       Successfully uninstalled pip-25.0.1
2025-05-20 20:59:32.143 [info] Successfully installed pip-25.1.1
2025-05-20 20:59:32.258 [info] CREATE_VENV.UPGRADED_PIP
2025-05-20 20:59:32.273 [info] CreateEnv Trigger - Environment created:  /home/dimgerasimou/Αριθμητική/.venv/bin/python
2025-05-20 20:59:32.273 [info] CreateEnv Trigger - Running: /home/dimgerasimou/Αριθμητική/.venv/bin/python -m pip install yfinance
2025-05-20 20:59:32.286 [info] Active interpreter [/home/dimgerasimou/Αριθμητική]:  /home/dimgerasimou/Αριθμητική/.venv/bin/python
2025-05-20 20:59:32.304 [info] > ./.venv/bin/python -I ~/.vscode-oss/extensions/ms-python.python-2025.4.0-universal/python_files/get_output_via_markers.py ~/.vscode-oss/extensions/ms-python.python-2025.4.0-universal/python_files/interpreterInfo.py
2025-05-20 20:59:32.342 [info] Discover tests for workspace name: Αριθμητική - uri: /home/dimgerasimou/Αριθμητική
2025-05-20 20:59:32.342 [info] Python interpreter path: ./.venv/bin/python
2025-05-20 20:59:32.840 [info] Starting Jedi language server for Αριθμητική.
2025-05-20 20:59:58.888 [info] Send text to terminal: /home/dimgerasimou/Αριθμητική/.venv/bin/python /home/dimgerasimou/Αριθμητική/test.py
2025-05-20 21:00:01.103 [info] Send text to terminal: /home/dimgerasimou/Αριθμητική/.venv/bin/python /home/dimgerasimou/Αριθμητική/test.py
2025-05-20 21:00:07.108 [info] Send text to terminal: /home/dimgerasimou/Αριθμητική/.venv/bin/python /home/dimgerasimou/Αριθμητική/test.py
2025-05-20 21:00:26.749 [info] Discover tests for workspace name: Αριθμητική - uri: /home/dimgerasimou/Αριθμητική/test.py
2025-05-20 21:00:26.961 [info] Send text to terminal: /home/dimgerasimou/Αριθμητική/.venv/bin/python /home/dimgerasimou/Αριθμητική/test.py
2025-05-20 21:00:34.468 [info] Discover tests for workspace name: Αριθμητική - uri: /home/dimgerasimou/Αριθμητική/test.py
2025-05-20 21:00:35.436 [info] Send text to terminal: /home/dimgerasimou/Αριθμητική/.venv/bin/python /home/dimgerasimou/Αριθμητική/test.py
2025-05-20 21:02:32.180 [info] Discover tests for workspace name: Αριθμητική - uri: /home/dimgerasimou/Αριθμητική/test.py
2025-05-20 21:02:33.255 [info] Send text to terminal: /home/dimgerasimou/Αριθμητική/.venv/bin/python /home/dimgerasimou/Αριθμητική/test.py
2025-05-20 21:03:54.651 [info] Discover tests for workspace name: Αριθμητική - uri: /home/dimgerasimou/Αριθμητική/test.py
2025-05-20 21:04:03.388 [info] Send text to terminal: /home/dimgerasimou/Αριθμητική/.venv/bin/python /home/dimgerasimou/Αριθμητική/test.py
2025-05-20 21:06:08.953 [info] Discover tests for workspace name: Αριθμητική - uri: /home/dimgerasimou/Αριθμητική/test.py
2025-05-20 21:06:10.274 [info] Send text to terminal: /home/dimgerasimou/Αριθμητική/.venv/bin/python /home/dimgerasimou/Αριθμητική/test.py
2025-05-20 21:06:15.820 [info] Discover tests for workspace name: Αριθμητική - uri: /home/dimgerasimou/Αριθμητική/test.py
2025-05-20 21:06:16.454 [info] Send text to terminal: /home/dimgerasimou/Αριθμητική/.venv/bin/python /home/dimgerasimou/Αριθμητική/test.py
2025-05-20 21:06:29.929 [info] Discover tests for workspace name: Αριθμητική - uri: /home/dimgerasimou/Αριθμητική/test.py
2025-05-20 21:14:06.463 [info] Discover tests for workspace name: Αριθμητική - uri: /home/dimgerasimou/Αριθμητική/least_squares.py
2025-05-20 21:14:07.521 [info] Send text to terminal: /home/dimgerasimou/Αριθμητική/.venv/bin/python /home/dimgerasimou/Αριθμητική/least_squares.py
2025-05-20 21:14:18.259 [info] Discover tests for workspace name: Αριθμητική - uri: /home/dimgerasimou/Αριθμητική/least_squares.py
2025-05-20 21:14:19.408 [info] Send text to terminal: /home/dimgerasimou/Αριθμητική/.venv/bin/python /home/dimgerasimou/Αριθμητική/least_squares.py
2025-05-20 21:14:39.740 [info] Discover tests for workspace name: Αριθμητική - uri: /home/dimgerasimou/Αριθμητική/least_squares.py
2025-05-20 21:14:39.944 [info] Send text to terminal: /home/dimgerasimou/Αριθμητική/.venv/bin/python /home/dimgerasimou/Αριθμητική/least_squares.py
2025-05-20 21:14:48.186 [info] Send text to terminal: /home/dimgerasimou/Αριθμητική/.venv/bin/python /home/dimgerasimou/Αριθμητική/least_squares.py
2025-05-20 21:15:47.565 [info] Discover tests for workspace name: Αριθμητική - uri: /home/dimgerasimou/Αριθμητική/least_squares.py
2025-05-20 21:15:48.464 [info] Send text to terminal: /home/dimgerasimou/Αριθμητική/.venv/bin/python /home/dimgerasimou/Αριθμητική/least_squares.py
2025-05-20 21:16:39.673 [info] Discover tests for workspace name: Αριθμητική - uri: /home/dimgerasimou/Αριθμητική/least_squares.py
2025-05-20 21:16:40.656 [info] Send text to terminal: /home/dimgerasimou/Αριθμητική/.venv/bin/python /home/dimgerasimou/Αριθμητική/least_squares.py
2025-05-20 21:17:23.285 [info] Discover tests for workspace name: Αριθμητική - uri: /home/dimgerasimou/Αριθμητική/least_squares.py
2025-05-20 21:17:25.387 [info] Send text to terminal: /home/dimgerasimou/Αριθμητική/.venv/bin/python /home/dimgerasimou/Αριθμητική/least_squares.py
2025-05-20 21:17:40.074 [info] Discover tests for workspace name: Αριθμητική - uri: /home/dimgerasimou/Αριθμητική/least_squares.py
2025-05-20 21:17:40.393 [info] Send text to terminal: /home/dimgerasimou/Αριθμητική/.venv/bin/python /home/dimgerasimou/Αριθμητική/least_squares.py
2025-05-20 21:25:33.263 [info] Discover tests for workspace name: Αριθμητική - uri: /home/dimgerasimou/Αριθμητική/least_squares.py
2025-05-20 21:27:47.946 [info] Discover tests for workspace name: Αριθμητική - uri: /home/dimgerasimou/Αριθμητική/least_squares.py
2025-05-20 21:27:50.428 [info] Send text to terminal: /home/dimgerasimou/Αριθμητική/.venv/bin/python /home/dimgerasimou/Αριθμητική/least_squares.py
2025-05-20 21:28:00.153 [info] Discover tests for workspace name: Αριθμητική - uri: /home/dimgerasimou/Αριθμητική/least_squares.py
2025-05-20 21:28:00.936 [info] Send text to terminal: /home/dimgerasimou/Αριθμητική/.venv/bin/python /home/dimgerasimou/Αριθμητική/least_squares.py
2025-05-20 21:28:50.770 [info] Discover tests for workspace name: Αριθμητική - uri: /home/dimgerasimou/Αριθμητική/least_squares.py
2025-05-20 21:28:51.914 [info] Send text to terminal: /home/dimgerasimou/Αριθμητική/.venv/bin/python /home/dimgerasimou/Αριθμητική/least_squares.py
2025-05-20 21:29:42.748 [info] Discover tests for workspace name: Αριθμητική - uri: /home/dimgerasimou/Αριθμητική/least_squares.py
2025-05-20 21:29:43.244 [info] Send text to terminal: /home/dimgerasimou/Αριθμητική/.venv/bin/python /home/dimgerasimou/Αριθμητική/least_squares.py
2025-05-20 21:31:30.633 [info] Discover tests for workspace name: Αριθμητική - uri: /home/dimgerasimou/Αριθμητική/data_collection.py
2025-05-20 21:31:32.549 [info] Send text to terminal: /home/dimgerasimou/Αριθμητική/.venv/bin/python /home/dimgerasimou/Αριθμητική/data_collection.py
2025-05-20 21:31:49.264 [info] Discover tests for workspace name: Αριθμητική - uri: /home/dimgerasimou/Αριθμητική/data_collection.py
2025-05-20 21:31:50.743 [info] Send text to terminal: /home/dimgerasimou/Αριθμητική/.venv/bin/python /home/dimgerasimou/Αριθμητική/data_collection.py
2025-05-20 21:31:58.072 [info] Discover tests for workspace name: Αριθμητική - uri: /home/dimgerasimou/Αριθμητική/data_collection.py
2025-05-20 21:31:58.700 [info] Send text to terminal: /home/dimgerasimou/Αριθμητική/.venv/bin/python /home/dimgerasimou/Αριθμητική/data_collection.py
2025-05-20 21:33:00.168 [info] Discover tests for workspace name: Αριθμητική - uri: /home/dimgerasimou/Αριθμητική/data_collection.py
2025-05-20 21:33:01.184 [info] Send text to terminal: /home/dimgerasimou/Αριθμητική/.venv/bin/python /home/dimgerasimou/Αριθμητική/data_collection.py
2025-05-20 21:33:23.193 [info] Discover tests for workspace name: Αριθμητική - uri: /home/dimgerasimou/Αριθμητική/data_collection.py
2025-05-20 21:33:24.065 [info] Send text to terminal: /home/dimgerasimou/Αριθμητική/.venv/bin/python /home/dimgerasimou/Αριθμητική/data_collection.py
2025-05-20 21:33:46.625 [info] Discover tests for workspace name: Αριθμητική - uri: /home/dimgerasimou/Αριθμητική/data_collection.py
2025-05-20 21:33:47.654 [info] Send text to terminal: /home/dimgerasimou/Αριθμητική/.venv/bin/python /home/dimgerasimou/Αριθμητική/data_collection.py
2025-05-20 21:34:14.882 [info] Discover tests for workspace name: Αριθμητική - uri: /home/dimgerasimou/Αριθμητική/data_collection.py
2025-05-20 21:34:16.004 [info] Send text to terminal: /home/dimgerasimou/Αριθμητική/.venv/bin/python /home/dimgerasimou/Αριθμητική/data_collection.py
2025-05-20 21:34:26.221 [info] Discover tests for workspace name: Αριθμητική - uri: /home/dimgerasimou/Αριθμητική/data_collection.py
2025-05-20 21:34:26.975 [info] Send text to terminal: /home/dimgerasimou/Αριθμητική/.venv/bin/python /home/dimgerasimou/Αριθμητική/data_collection.py
2025-05-20 21:34:42.109 [info] Discover tests for workspace name: Αριθμητική - uri: /home/dimgerasimou/Αριθμητική/data_collection.py
2025-05-20 21:34:44.069 [info] Send text to terminal: /home/dimgerasimou/Αριθμητική/.venv/bin/python /home/dimgerasimou/Αριθμητική/data_collection.py
2025-05-20 21:34:48.155 [info] Send text to terminal: /home/dimgerasimou/Αριθμητική/.venv/bin/python /home/dimgerasimou/Αριθμητική/least_squares.py
2025-05-20 21:36:14.452 [info] Discover tests for workspace name: Αριθμητική - uri: /home/dimgerasimou/Αριθμητική/least_squares.py
2025-05-20 21:36:28.450 [info] Discover tests for workspace name: Αριθμητική - uri: /home/dimgerasimou/Αριθμητική/least_squares.py
2025-05-20 21:36:30.524 [info] Send text to terminal: /home/dimgerasimou/Αριθμητική/.venv/bin/python /home/dimgerasimou/Αριθμητική/least_squares.py
2025-05-20 21:37:23.287 [info] Discover tests for workspace name: Αριθμητική - uri: /home/dimgerasimou/Αριθμητική/least_squares.py
2025-05-20 21:37:24.539 [info] Send text to terminal: /home/dimgerasimou/Αριθμητική/.venv/bin/python /home/dimgerasimou/Αριθμητική/least_squares.py
2025-05-20 21:38:59.065 [info] Discover tests for workspace name: Αριθμητική - uri: /home/dimgerasimou/Αριθμητική/least_squares.py
2025-05-20 21:39:01.708 [info] Send text to terminal: /home/dimgerasimou/Αριθμητική/.venv/bin/python /home/dimgerasimou/Αριθμητική/least_squares.py
2025-05-20 21:39:10.351 [info] Discover tests for workspace name: Αριθμητική - uri: /home/dimgerasimou/Αριθμητική/least_squares.py
2025-05-20 21:39:19.717 [info] Discover tests for workspace name: Αριθμητική - uri: /home/dimgerasimou/Αριθμητική/least_squares.py
2025-05-20 21:39:20.554 [info] Send text to terminal: /home/dimgerasimou/Αριθμητική/.venv/bin/python /home/dimgerasimou/Αριθμητική/least_squares.py
2025-05-20 21:41:05.555 [info] Discover tests for workspace name: Αριθμητική - uri: /home/dimgerasimou/Αριθμητική/least_squares.py
2025-05-20 21:41:12.004 [info] Discover tests for workspace name: Αριθμητική - uri: /home/dimgerasimou/Αριθμητική/least_squares.py
2025-05-20 21:41:14.699 [info] Discover tests for workspace name: Αριθμητική - uri: /home/dimgerasimou/Αριθμητική/least_squares.py
2025-05-20 21:41:15.374 [info] Send text to terminal: /home/dimgerasimou/Αριθμητική/.venv/bin/python /home/dimgerasimou/Αριθμητική/least_squares.py
2025-05-20 21:41:24.305 [info] Discover tests for workspace name: Αριθμητική - uri: /home/dimgerasimou/Αριθμητική/least_squares.py
2025-05-20 21:41:25.575 [info] Send text to terminal: /home/dimgerasimou/Αριθμητική/.venv/bin/python /home/dimgerasimou/Αριθμητική/least_squares.py
2025-05-20 21:41:37.648 [info] Discover tests for workspace name: Αριθμητική - uri: /home/dimgerasimou/Αριθμητική/least_squares.py
2025-05-20 21:41:38.660 [info] Send text to terminal: /home/dimgerasimou/Αριθμητική/.venv/bin/python /home/dimgerasimou/Αριθμητική/least_squares.py
2025-05-20 21:43:31.570 [info] Discover tests for workspace name: Αριθμητική - uri: /home/dimgerasimou/Αριθμητική/least_squares.py
2025-05-20 21:44:20.602 [info] Discover tests for workspace name: Αριθμητική - uri: /home/dimgerasimou/Αριθμητική/least_squares.py
2025-05-20 21:44:23.354 [info] Send text to terminal: /home/dimgerasimou/Αριθμητική/.venv/bin/python /home/dimgerasimou/Αριθμητική/least_squares.py
2025-05-20 21:48:43.591 [info] Discover tests for workspace name: Αριθμητική - uri: /home/dimgerasimou/Αριθμητική/least_squares.py
2025-05-20 21:48:55.714 [info] Discover tests for workspace name: Αριθμητική - uri: /home/dimgerasimou/Αριθμητική/least_squares.py
2025-05-20 21:49:07.429 [info] Discover tests for workspace name: Αριθμητική - uri: /home/dimgerasimou/Αριθμητική/least_squares.py
2025-05-20 21:49:08.600 [info] Send text to terminal: /home/dimgerasimou/Αριθμητική/.venv/bin/python /home/dimgerasimou/Αριθμητική/least_squares.py
2025-05-20 21:50:06.305 [info] Discover tests for workspace name: Αριθμητική - uri: /home/dimgerasimou/Αριθμητική/least_squares.py
2025-05-20 21:51:03.423 [info] Discover tests for workspace name: Αριθμητική - uri: /home/dimgerasimou/Αριθμητική/least_squares.py
2025-05-20 21:51:05.114 [info] Send text to terminal: /home/dimgerasimou/Αριθμητική/.venv/bin/python /home/dimgerasimou/Αριθμητική/least_squares.py
2025-05-20 21:51:36.137 [info] Discover tests for workspace name: Αριθμητική - uri: /home/dimgerasimou/Αριθμητική/least_squares.py
2025-05-20 21:51:39.681 [info] Send text to terminal: /home/dimgerasimou/Αριθμητική/.venv/bin/python /home/dimgerasimou/Αριθμητική/least_squares.py
2025-05-20 21:53:00.941 [info] Discover tests for workspace name: Αριθμητική - uri: /home/dimgerasimou/Αριθμητική/least_squares.py
2025-05-20 21:53:02.631 [info] Send text to terminal: /home/dimgerasimou/Αριθμητική/.venv/bin/python /home/dimgerasimou/Αριθμητική/least_squares.py
2025-05-20 21:56:49.231 [info] Discover tests for workspace name: Αριθμητική - uri: /home/dimgerasimou/Αριθμητική/least_squares.py
2025-05-20 21:56:51.237 [info] Send text to terminal: /home/dimgerasimou/Αριθμητική/.venv/bin/python /home/dimgerasimou/Αριθμητική/least_squares.py
2025-05-20 21:58:45.856 [info] Discover tests for workspace name: Αριθμητική - uri: /home/dimgerasimou/Αριθμητική/least_squares.py
2025-05-20 22:01:30.060 [info] Discover tests for workspace name: Αριθμητική - uri: /home/dimgerasimou/Αριθμητική/least_squares.py
2025-05-20 22:01:30.815 [info] Send text to terminal: /home/dimgerasimou/Αριθμητική/.venv/bin/python /home/dimgerasimou/Αριθμητική/least_squares.py
2025-05-20 22:04:05.140 [info] Discover tests for workspace name: Αριθμητική - uri: /home/dimgerasimou/Αριθμητική/least_squares.py
2025-05-20 22:06:12.211 [info] Discover tests for workspace name: Αριθμητική - uri: /home/dimgerasimou/Αριθμητική/least_squares.py
2025-05-20 22:08:14.665 [info] Discover tests for workspace name: Αριθμητική - uri: /home/dimgerasimou/Αριθμητική/least_squares.py
2025-05-20 22:08:15.926 [info] Send text to terminal: /home/dimgerasimou/Αριθμητική/.venv/bin/python /home/dimgerasimou/Αριθμητική/least_squares.py
2025-05-20 22:08:41.531 [info] Discover tests for workspace name: Αριθμητική - uri: /home/dimgerasimou/Αριθμητική/least_squares.py
2025-05-20 22:08:42.748 [info] Send text to terminal: /home/dimgerasimou/Αριθμητική/.venv/bin/python /home/dimgerasimou/Αριθμητική/least_squares.py
2025-05-20 22:08:56.338 [info] Discover tests for workspace name: Αριθμητική - uri: /home/dimgerasimou/Αριθμητική/least_squares.py
2025-05-20 22:08:58.452 [info] Send text to terminal: /home/dimgerasimou/Αριθμητική/.venv/bin/python /home/dimgerasimou/Αριθμητική/least_squares.py
2025-05-20 22:09:03.621 [info] Discover tests for workspace name: Αριθμητική - uri: /home/dimgerasimou/Αριθμητική/least_squares.py
2025-05-20 22:09:04.258 [info] Send text to terminal: /home/dimgerasimou/Αριθμητική/.venv/bin/python /home/dimgerasimou/Αριθμητική/least_squares.py
2025-05-20 22:09:13.533 [info] Discover tests for workspace name: Αριθμητική - uri: /home/dimgerasimou/Αριθμητική/least_squares.py
2025-05-20 22:09:28.191 [info] Discover tests for workspace name: Αριθμητική - uri: /home/dimgerasimou/Αριθμητική/least_squares.py
2025-05-20 22:09:45.988 [info] Discover tests for workspace name: Αριθμητική - uri: /home/dimgerasimou/Αριθμητική/least_squares.py
2025-05-20 22:10:46.269 [info] Discover tests for workspace name: Αριθμητική - uri: /home/dimgerasimou/Αριθμητική/data_collection.py
2025-05-20 22:10:47.803 [info] Send text to terminal: /home/dimgerasimou/Αριθμητική/.venv/bin/python /home/dimgerasimou/Αριθμητική/data_collection.py
2025-05-20 22:10:53.532 [info] Send text to terminal: /home/dimgerasimou/Αριθμητική/.venv/bin/python /home/dimgerasimou/Αριθμητική/least_squares.py
2025-05-20 22:11:34.706 [info] Discover tests for workspace name: Αριθμητική - uri: /home/dimgerasimou/Αριθμητική/least_squares.py
2025-05-20 22:11:37.341 [info] Send text to terminal: /home/dimgerasimou/Αριθμητική/.venv/bin/python /home/dimgerasimou/Αριθμητική/least_squares.py
2025-05-20 22:12:07.364 [info] Discover tests for workspace name: Αριθμητική - uri: /home/dimgerasimou/Αριθμητική/least_squares.py
2025-05-20 22:12:45.374 [info] Discover tests for workspace name: Αριθμητική - uri: /home/dimgerasimou/Αριθμητική/least_squares.py
2025-05-20 22:15:13.082 [info] Discover tests for workspace name: Αριθμητική - uri: /home/dimgerasimou/Αριθμητική/least_squares.py
2025-05-20 22:15:32.314 [info] Discover tests for workspace name: Αριθμητική - uri: /home/dimgerasimou/Αριθμητική/least_squares.py
2025-05-20 22:15:35.472 [info] Send text to terminal: /home/dimgerasimou/Αριθμητική/.venv/bin/python /home/dimgerasimou/Αριθμητική/least_squares.py
2025-05-20 22:15:57.129 [info] Discover tests for workspace name: Αριθμητική - uri: /home/dimgerasimou/Αριθμητική/least_squares.py
2025-05-20 22:16:14.152 [info] Discover tests for workspace name: Αριθμητική - uri: /home/dimgerasimou/Αριθμητική/least_squares.py
2025-05-20 22:16:20.676 [info] Send text to terminal: /home/dimgerasimou/Αριθμητική/.venv/bin/python /home/dimgerasimou/Αριθμητική/least_squares.py
2025-05-20 22:16:30.052 [info] Discover tests for workspace name: Αριθμητική - uri: /home/dimgerasimou/Αριθμητική/least_squares.py
2025-05-20 22:16:30.943 [info] Send text to terminal: /home/dimgerasimou/Αριθμητική/.venv/bin/python /home/dimgerasimou/Αριθμητική/least_squares.py
2025-05-20 22:16:43.277 [info] Discover tests for workspace name: Αριθμητική - uri: /home/dimgerasimou/Αριθμητική/least_squares.py
2025-05-20 22:16:45.546 [info] Send text to terminal: /home/dimgerasimou/Αριθμητική/.venv/bin/python /home/dimgerasimou/Αριθμητική/least_squares.py
2025-05-20 22:17:17.068 [info] Discover tests for workspace name: Αριθμητική - uri: /home/dimgerasimou/Αριθμητική/least_squares.py
2025-05-20 22:17:20.158 [info] Send text to terminal: /home/dimgerasimou/Αριθμητική/.venv/bin/python /home/dimgerasimou/Αριθμητική/least_squares.py
2025-05-20 22:17:30.359 [info] Discover tests for workspace name: Αριθμητική - uri: /home/dimgerasimou/Αριθμητική/least_squares.py
2025-05-20 22:17:31.137 [info] Send text to terminal: /home/dimgerasimou/Αριθμητική/.venv/bin/python /home/dimgerasimou/Αριθμητική/least_squares.py
2025-05-20 22:18:01.756 [info] Discover tests for workspace name: Αριθμητική - uri: /home/dimgerasimou/Αριθμητική/least_squares.py
2025-05-20 22:19:28.208 [info] Discover tests for workspace name: Αριθμητική - uri: /home/dimgerasimou/Αριθμητική/least_squares.py
2025-05-20 22:19:45.529 [info] Discover tests for workspace name: Αριθμητική - uri: /home/dimgerasimou/Αριθμητική/least_squares.py
2025-05-20 22:19:46.234 [info] Send text to terminal: /home/dimgerasimou/Αριθμητική/.venv/bin/python /home/dimgerasimou/Αριθμητική/least_squares.py
2025-05-20 22:20:02.782 [info] Send text to terminal: /home/dimgerasimou/Αριθμητική/.venv/bin/python /home/dimgerasimou/Αριθμητική/least_squares.py
2025-05-20 22:21:36.455 [info] Discover tests for workspace name: Αριθμητική - uri: /home/dimgerasimou/Αριθμητική/least_squares.py
2025-05-20 22:21:38.363 [info] Send text to terminal: /home/dimgerasimou/Αριθμητική/.venv/bin/python /home/dimgerasimou/Αριθμητική/least_squares.py
2025-05-20 22:21:49.780 [info] Discover tests for workspace name: Αριθμητική - uri: /home/dimgerasimou/Αριθμητική/least_squares.py
2025-05-20 22:21:50.723 [info] Send text to terminal: /home/dimgerasimou/Αριθμητική/.venv/bin/python /home/dimgerasimou/Αριθμητική/least_squares.py
2025-05-20 22:21:59.712 [info] Discover tests for workspace name: Αριθμητική - uri: /home/dimgerasimou/Αριθμητική/least_squares.py
2025-05-20 22:27:42.139 [info] > . ./.venv/bin/activate && echo 'e8b39361-0157-4923-80e1-22d70d46dee6' && python ~/.vscode-oss/extensions/ms-python.python-2025.4.0-universal/python_files/printEnvVariables.py
2025-05-20 22:27:42.139 [info] shell: bash
2025-05-20 22:27:42.144 [info] > . ./.venv/bin/activate && echo 'e8b39361-0157-4923-80e1-22d70d46dee6' && python ~/.vscode-oss/extensions/ms-python.python-2025.4.0-universal/python_files/printEnvVariables.py
2025-05-20 22:27:42.144 [info] shell: bash
