2025-05-20 20:53:12.723 [info] [main] Log level: Info
2025-05-20 20:53:12.723 [info] [main] Validating found git in: "git"
2025-05-20 20:53:12.723 [info] [main] Using git "2.49.0" from "git"
2025-05-20 20:53:12.723 [info] [Model][doInitialScan] Initial repository scan started
2025-05-20 20:53:12.723 [info] > git rev-parse --show-toplevel [9ms]
2025-05-20 20:53:12.723 [info] fatal: not a git repository (or any parent up to mount point /)
Stopping at filesystem boundary (GIT_DISCOVERY_ACROSS_FILESYSTEM not set).
2025-05-20 20:53:12.723 [info] > git rev-parse --show-toplevel [9ms]
2025-05-20 20:53:12.723 [info] fatal: not a git repository (or any parent up to mount point /)
Stopping at filesystem boundary (GIT_DISCOVERY_ACROSS_FILESYSTEM not set).
2025-05-20 20:53:12.723 [info] [Model][doInitialScan] Initial repository scan completed - repositories (0), closed repositories (0), parent repositories (0), unsafe repositories (0)
2025-05-20 20:59:30.123 [info] > git rev-parse --show-toplevel [1ms]
2025-05-20 20:59:30.123 [info] fatal: not a git repository (or any parent up to mount point /)
Stopping at filesystem boundary (GIT_DISCOVERY_ACROSS_FILESYSTEM not set).
2025-05-20 21:07:23.435 [info] > git rev-parse --show-toplevel [4ms]
2025-05-20 21:07:23.435 [info] fatal: not a git repository (or any parent up to mount point /)
Stopping at filesystem boundary (GIT_DISCOVERY_ACROSS_FILESYSTEM not set).
2025-05-20 21:07:30.577 [info] > git rev-parse --show-toplevel [2ms]
2025-05-20 21:07:30.577 [info] fatal: not a git repository (or any parent up to mount point /)
Stopping at filesystem boundary (GIT_DISCOVERY_ACROSS_FILESYSTEM not set).
2025-05-20 21:07:56.573 [info] > git rev-parse --show-toplevel [3ms]
2025-05-20 21:07:56.573 [info] fatal: not a git repository (or any parent up to mount point /)
Stopping at filesystem boundary (GIT_DISCOVERY_ACROSS_FILESYSTEM not set).
2025-05-20 21:13:28.309 [info] > git rev-parse --show-toplevel [2ms]
2025-05-20 21:13:28.309 [info] fatal: not a git repository (or any parent up to mount point /)
Stopping at filesystem boundary (GIT_DISCOVERY_ACROSS_FILESYSTEM not set).
2025-05-20 21:14:24.995 [info] > git rev-parse --show-toplevel [3ms]
2025-05-20 21:14:24.995 [info] fatal: not a git repository (or any parent up to mount point /)
Stopping at filesystem boundary (GIT_DISCOVERY_ACROSS_FILESYSTEM not set).
2025-05-20 21:14:26.747 [info] > git rev-parse --show-toplevel [1ms]
2025-05-20 21:14:26.747 [info] fatal: not a git repository (or any parent up to mount point /)
Stopping at filesystem boundary (GIT_DISCOVERY_ACROSS_FILESYSTEM not set).
2025-05-20 21:14:27.422 [info] > git rev-parse --show-toplevel [4ms]
2025-05-20 21:14:27.422 [info] fatal: not a git repository (or any parent up to mount point /)
Stopping at filesystem boundary (GIT_DISCOVERY_ACROSS_FILESYSTEM not set).
2025-05-20 21:14:30.197 [info] > git rev-parse --show-toplevel [2ms]
2025-05-20 21:14:30.197 [info] fatal: not a git repository (or any parent up to mount point /)
Stopping at filesystem boundary (GIT_DISCOVERY_ACROSS_FILESYSTEM not set).
2025-05-20 21:15:26.047 [info] > git rev-parse --show-toplevel [2ms]
2025-05-20 21:15:26.047 [info] fatal: not a git repository (or any parent up to mount point /)
Stopping at filesystem boundary (GIT_DISCOVERY_ACROSS_FILESYSTEM not set).
2025-05-20 21:15:29.366 [info] > git rev-parse --show-toplevel [1ms]
2025-05-20 21:15:29.366 [info] fatal: not a git repository (or any parent up to mount point /)
Stopping at filesystem boundary (GIT_DISCOVERY_ACROSS_FILESYSTEM not set).
2025-05-20 21:17:10.630 [info] > git rev-parse --show-toplevel [2ms]
2025-05-20 21:17:10.630 [info] fatal: not a git repository (or any parent up to mount point /)
Stopping at filesystem boundary (GIT_DISCOVERY_ACROSS_FILESYSTEM not set).
2025-05-20 21:17:11.183 [info] > git rev-parse --show-toplevel [3ms]
2025-05-20 21:17:11.183 [info] fatal: not a git repository (or any parent up to mount point /)
Stopping at filesystem boundary (GIT_DISCOVERY_ACROSS_FILESYSTEM not set).
2025-05-20 21:17:11.570 [info] > git rev-parse --show-toplevel [3ms]
2025-05-20 21:17:11.571 [info] fatal: not a git repository (or any parent up to mount point /)
Stopping at filesystem boundary (GIT_DISCOVERY_ACROSS_FILESYSTEM not set).
2025-05-20 21:17:13.488 [info] > git rev-parse --show-toplevel [2ms]
2025-05-20 21:17:13.489 [info] fatal: not a git repository (or any parent up to mount point /)
Stopping at filesystem boundary (GIT_DISCOVERY_ACROSS_FILESYSTEM not set).
2025-05-20 21:17:13.850 [info] > git rev-parse --show-toplevel [3ms]
2025-05-20 21:17:13.850 [info] fatal: not a git repository (or any parent up to mount point /)
Stopping at filesystem boundary (GIT_DISCOVERY_ACROSS_FILESYSTEM not set).
2025-05-20 21:17:14.253 [info] > git rev-parse --show-toplevel [2ms]
2025-05-20 21:17:14.253 [info] fatal: not a git repository (or any parent up to mount point /)
Stopping at filesystem boundary (GIT_DISCOVERY_ACROSS_FILESYSTEM not set).
2025-05-20 21:30:09.682 [info] > git rev-parse --show-toplevel [3ms]
2025-05-20 21:30:09.682 [info] fatal: not a git repository (or any parent up to mount point /)
Stopping at filesystem boundary (GIT_DISCOVERY_ACROSS_FILESYSTEM not set).
2025-05-20 21:34:46.829 [info] > git rev-parse --show-toplevel [1ms]
2025-05-20 21:34:46.829 [info] fatal: not a git repository (or any parent up to mount point /)
Stopping at filesystem boundary (GIT_DISCOVERY_ACROSS_FILESYSTEM not set).
2025-05-20 21:44:32.134 [info] > git rev-parse --show-toplevel [1ms]
2025-05-20 21:44:32.134 [info] fatal: not a git repository (or any parent up to mount point /)
Stopping at filesystem boundary (GIT_DISCOVERY_ACROSS_FILESYSTEM not set).
2025-05-20 21:44:34.069 [info] > git rev-parse --show-toplevel [2ms]
2025-05-20 21:44:34.069 [info] fatal: not a git repository (or any parent up to mount point /)
Stopping at filesystem boundary (GIT_DISCOVERY_ACROSS_FILESYSTEM not set).
2025-05-20 21:44:35.357 [info] > git rev-parse --show-toplevel [3ms]
2025-05-20 21:44:35.357 [info] fatal: not a git repository (or any parent up to mount point /)
Stopping at filesystem boundary (GIT_DISCOVERY_ACROSS_FILESYSTEM not set).
2025-05-20 21:47:41.755 [info] > git rev-parse --show-toplevel [3ms]
2025-05-20 21:47:41.755 [info] fatal: not a git repository (or any parent up to mount point /)
Stopping at filesystem boundary (GIT_DISCOVERY_ACROSS_FILESYSTEM not set).
2025-05-20 21:47:49.338 [info] > git rev-parse --show-toplevel [4ms]
2025-05-20 21:47:49.338 [info] fatal: not a git repository (or any parent up to mount point /)
Stopping at filesystem boundary (GIT_DISCOVERY_ACROSS_FILESYSTEM not set).
2025-05-20 22:09:38.082 [info] > git rev-parse --show-toplevel [1ms]
2025-05-20 22:09:38.082 [info] fatal: not a git repository (or any parent up to mount point /)
Stopping at filesystem boundary (GIT_DISCOVERY_ACROSS_FILESYSTEM not set).
2025-05-20 22:09:41.942 [info] > git rev-parse --show-toplevel [3ms]
2025-05-20 22:09:41.942 [info] fatal: not a git repository (or any parent up to mount point /)
Stopping at filesystem boundary (GIT_DISCOVERY_ACROSS_FILESYSTEM not set).
2025-05-20 22:09:45.872 [info] > git rev-parse --show-toplevel [4ms]
2025-05-20 22:09:45.872 [info] fatal: not a git repository (or any parent up to mount point /)
Stopping at filesystem boundary (GIT_DISCOVERY_ACROSS_FILESYSTEM not set).
2025-05-20 22:09:49.553 [info] > git rev-parse --show-toplevel [3ms]
2025-05-20 22:09:49.553 [info] fatal: not a git repository (or any parent up to mount point /)
Stopping at filesystem boundary (GIT_DISCOVERY_ACROSS_FILESYSTEM not set).
2025-05-20 22:09:57.749 [info] > git rev-parse --show-toplevel [3ms]
2025-05-20 22:09:57.749 [info] fatal: not a git repository (or any parent up to mount point /)
Stopping at filesystem boundary (GIT_DISCOVERY_ACROSS_FILESYSTEM not set).
2025-05-20 22:10:51.149 [info] > git rev-parse --show-toplevel [2ms]
2025-05-20 22:10:51.149 [info] fatal: not a git repository (or any parent up to mount point /)
Stopping at filesystem boundary (GIT_DISCOVERY_ACROSS_FILESYSTEM not set).
2025-05-20 22:22:19.013 [info] > git rev-parse --show-toplevel [1ms]
2025-05-20 22:22:19.013 [info] fatal: not a git repository (or any parent up to mount point /)
Stopping at filesystem boundary (GIT_DISCOVERY_ACROSS_FILESYSTEM not set).
2025-05-20 22:22:21.575 [info] > git rev-parse --show-toplevel [1ms]
2025-05-20 22:22:21.575 [info] fatal: not a git repository (or any parent up to mount point /)
Stopping at filesystem boundary (GIT_DISCOVERY_ACROSS_FILESYSTEM not set).
2025-05-20 22:22:21.895 [info] > git rev-parse --show-toplevel [2ms]
2025-05-20 22:22:21.895 [info] fatal: not a git repository (or any parent up to mount point /)
Stopping at filesystem boundary (GIT_DISCOVERY_ACROSS_FILESYSTEM not set).
2025-05-20 22:22:33.868 [info] > git rev-parse --show-toplevel [3ms]
2025-05-20 22:22:33.868 [info] fatal: not a git repository (or any parent up to mount point /)
Stopping at filesystem boundary (GIT_DISCOVERY_ACROSS_FILESYSTEM not set).
2025-05-20 22:22:35.803 [info] > git rev-parse --show-toplevel [3ms]
2025-05-20 22:22:35.803 [info] fatal: not a git repository (or any parent up to mount point /)
Stopping at filesystem boundary (GIT_DISCOVERY_ACROSS_FILESYSTEM not set).
2025-05-20 22:23:04.384 [info] > git rev-parse --show-toplevel [2ms]
2025-05-20 22:23:04.384 [info] fatal: not a git repository (or any parent up to mount point /)
Stopping at filesystem boundary (GIT_DISCOVERY_ACROSS_FILESYSTEM not set).
2025-05-20 22:23:09.921 [info] > git rev-parse --show-toplevel [3ms]
2025-05-20 22:23:09.921 [info] fatal: not a git repository (or any parent up to mount point /)
Stopping at filesystem boundary (GIT_DISCOVERY_ACROSS_FILESYSTEM not set).
2025-05-20 22:26:54.125 [info] > git rev-parse --show-toplevel [2ms]
2025-05-20 22:26:54.125 [info] fatal: not a git repository (or any parent up to mount point /)
Stopping at filesystem boundary (GIT_DISCOVERY_ACROSS_FILESYSTEM not set).
2025-05-20 22:27:30.475 [info] > git rev-parse --show-toplevel [2ms]
2025-05-20 22:27:30.475 [info] fatal: not a git repository (or any parent up to mount point /)
Stopping at filesystem boundary (GIT_DISCOVERY_ACROSS_FILESYSTEM not set).
2025-05-20 23:25:28.082 [info] > git rev-parse --show-toplevel [2ms]
2025-05-20 23:25:28.082 [info] fatal: not a git repository (or any parent up to mount point /)
Stopping at filesystem boundary (GIT_DISCOVERY_ACROSS_FILESYSTEM not set).
2025-05-21 01:35:15.531 [info] > git rev-parse --show-toplevel [1ms]
2025-05-21 01:35:15.531 [info] fatal: not a git repository (or any parent up to mount point /)
Stopping at filesystem boundary (GIT_DISCOVERY_ACROSS_FILESYSTEM not set).
2025-05-21 01:35:19.652 [info] > git rev-parse --show-toplevel [2ms]
2025-05-21 01:35:19.652 [info] fatal: not a git repository (or any parent up to mount point /)
Stopping at filesystem boundary (GIT_DISCOVERY_ACROSS_FILESYSTEM not set).
