make all --print-data-base --no-builtin-variables --no-builtin-rules --question
# GNU Make 4.4.1
# Built for x86_64-pc-linux-gnu
# Copyright (C) 1988-2023 Free Software Foundation, Inc.
# License GPLv3+: GNU GPL version 3 or later <https://gnu.org/licenses/gpl.html>
# This is free software: you are free to change and redistribute it.
# There is NO WARRANTY, to the extent permitted by law.

# Make data base, printed on Tue May 20 16:36:18 2025

# Variables

# environment
GDK_BACKEND = x11
# environment
LC_ALL = C
# environment
NO_AT_BRIDGE = 1
# makefile (from 'Makefile', line 17)
BLOCK_OBJS := build/time.o build/keyboard.o build/battery.o build/date.o build/kernel.o build/bluetooth.o build/internet.o build/memory.o build/power.o build/volume.o
# makefile (from 'Makefile', line 9)
SRC_DIR := src
# environment
VSCODE_CRASH_REPORTER_PROCESS_TYPE = extensionHost
# environment
VSCODE_CWD = /home/dimgerasimou
# default
MAKE_COMMAND := make
# automatic
@D = $(patsubst %/,%,$(dir $@))
# environment
VSCODE_HANDLES_UNCAUGHT_ERRORS = true
# default
.VARIABLES := 
# environment
PWD = /home/dimgerasimou/.local/src/dwmblocks-blocks
# automatic
%D = $(patsubst %/,%,$(dir $%))
# environment
MAIL = /var/spool/mail/dimgerasimou
# environment
OLDPWD = /home/dimgerasimou
# makefile (from 'Makefile', line 21)
INSTALL_TO := /home/dimgerasimou/.local/bin/dwmblocks/time /home/dimgerasimou/.local/bin/dwmblocks/keyboard /home/dimgerasimou/.local/bin/dwmblocks/battery /home/dimgerasimou/.local/bin/dwmblocks/date /home/dimgerasimou/.local/bin/dwmblocks/kernel /home/dimgerasimou/.local/bin/dwmblocks/bluetooth /home/dimgerasimou/.local/bin/dwmblocks/internet /home/dimgerasimou/.local/bin/dwmblocks/memory /home/dimgerasimou/.local/bin/dwmblocks/power /home/dimgerasimou/.local/bin/dwmblocks/volume
# automatic
^D = $(patsubst %/,%,$(dir $^))
# automatic
%F = $(notdir $%)
# environment
VSCODE_CODE_CACHE_PATH = /home/dimgerasimou/.config/VSCodium/CachedData/557d9224936804f4aeb93625d7a45c97113627e4
# environment
XDG_SESSION_PATH = /org/freedesktop/DisplayManager/Session2
# environment
LANG = C
# environment
XAUTHORITY = /tmp/xauth_kPJuGf
# default
.LOADED := 
# default
.INCLUDE_DIRS := /usr/local/include /usr/include
# makefile
MAKEFLAGS = pqrR
# makefile (from 'Makefile', line 16)
BLOCK_SRCS := src/time.c src/keyboard.c src/battery.c src/date.c src/kernel.c src/bluetooth.c src/internet.c src/memory.c src/power.c src/volume.c
# makefile
CURDIR := /home/dimgerasimou/.local/src/dwmblocks-blocks
# makefile (from 'Makefile', line 18)
UTILS_OBJ := build/utils.o
# environment
VSCODE_L10N_BUNDLE_LOCATION = 
# automatic
*D = $(patsubst %/,%,$(dir $*))
# environment
MFLAGS = -pqrR
# default
.SHELLFLAGS := -c
# automatic
+D = $(patsubst %/,%,$(dir $+))
# environment
XDG_SESSION_DESKTOP = DWM
# makefile (from 'Makefile', line 1)
MAKEFILE_LIST := Makefile
# makefile (from 'Makefile', line 13)
UTILS_SRC := src/utils.c
# automatic
@F = $(notdir $@)
# environment
VSCODE_PID = 45424
# environment
XDG_SESSION_TYPE = x11
# automatic
?D = $(patsubst %/,%,$(dir $?))
# environment
FREETYPE_PROPERTIES = truetype:interpreter-version=40
# automatic
*F = $(notdir $*)
# environment
QT_QPA_PLATFORMTHEME = qt6ct
# environment
CHROME_DESKTOP = codium.desktop
# environment
DBUS_SESSION_BUS_ADDRESS = unix:path=/run/user/1000/bus
# automatic
<D = $(patsubst %/,%,$(dir $<))
# environment
VSCODE_NLS_CONFIG = {"userLocale":"en-us","osLocale":"en-us","resolvedLanguage":"en","defaultMessagesFile":"/opt/vscodium-bin/resources/app/out/nls.messages.json","locale":"en-us","availableLanguages":{}}
# makefile (from 'Makefile', line 12)
INCLUDE := include
# default
MAKE_HOST := x86_64-pc-linux-gnu
# makefile
SHELL = /bin/sh
# default
MAKECMDGOALS := all
# environment
SHLVL = 1
# environment
MAKELEVEL := 0
# default
MAKE = $(MAKE_COMMAND)
# environment
PATH = /usr/local/sbin:/usr/local/bin:/usr/bin:/usr/lib/jvm/default/bin:/usr/bin/site_perl:/usr/bin/vendor_perl:/usr/bin/core_perl:/usr/lib/rustup/bin
# default
MAKEFILES := 
# environment
MOTD_SHOWN = pam
# automatic
^F = $(notdir $^)
# makefile (from 'Makefile', line 20)
BINARIES := bin/time bin/keyboard bin/battery bin/date bin/kernel bin/bluetooth bin/internet bin/memory bin/power bin/volume
# makefile (from 'Makefile', line 3)
PREFIX := /home/dimgerasimou/.local/bin/dwmblocks
# automatic
?F = $(notdir $?)
# environment
XDG_SEAT = seat0
# makefile (from 'Makefile', line 14)
BLOCKS := time keyboard battery date kernel bluetooth internet memory power volume
# environment
XDG_CURRENT_DESKTOP = DWM
# automatic
+F = $(notdir $+)
# environment
XDG_SEAT_PATH = /org/freedesktop/DisplayManager/Seat0
# environment
DESKTOP_SESSION = dwm
# environment
ORIGINAL_XDG_CURRENT_DESKTOP = DWM
# 'override' directive
GNUMAKEFLAGS := 
# environment
LOGNAME = dimgerasimou
# environment
XDG_VTNR = 2
# makefile
.DEFAULT_GOAL := all
# environment
DISPLAY = :0
# environment
GTK_MODULES = canberra-gtk-module
# environment
USER = dimgerasimou
# default
MAKE_VERSION := 4.4.1
# 'override' directive
.SHELLSTATUS := 0
# makefile (from 'Makefile', line 7)
LDFLAGS := -lm -lX11 -lxkbfile -I/usr/include/gdk-pixbuf-2.0 -I/usr/include/libpng16 -I/usr/include/libnm -I/usr/include/glib-2.0 -I/usr/lib/glib-2.0/include -I/usr/include/libmount -I/usr/include/blkid -I/usr/include/sysprof-6 -pthread -D_REENTRANT -I/usr/include/dbus-1.0 -I/usr/lib/dbus-1.0/include -lnotify -lgdk_pixbuf-2.0 -lnm -lgio-2.0 -lgobject-2.0 -lglib-2.0 -lpulse -pthread -ldbus-1
# environment
DEBUGINFOD_URLS = https://debuginfod.archlinux.org 
# environment
_ = /usr/bin/make
# environment
XDG_RUNTIME_DIR = /run/user/1000
# makefile (from 'Makefile', line 5)
CFLAGS := -Wall -Wextra -Werror -Wno-deprecated-declarations -Os
# environment
XDG_SESSION_CLASS = user
# makefile (from 'Makefile', line 10)
BUILD_DIR := build
# environment
HOME = /home/dimgerasimou
# makefile (from 'Makefile', line 6)
PKG_FLAGS := -I/usr/include/gdk-pixbuf-2.0 -I/usr/include/libpng16 -I/usr/include/libnm -I/usr/include/glib-2.0 -I/usr/lib/glib-2.0/include -I/usr/include/libmount -I/usr/include/blkid -I/usr/include/sysprof-6 -pthread -D_REENTRANT -I/usr/include/dbus-1.0 -I/usr/lib/dbus-1.0/include -lnotify -lgdk_pixbuf-2.0 -lnm -lgio-2.0 -lgobject-2.0 -lglib-2.0 -lpulse -pthread -ldbus-1
# makefile (from 'Makefile', line 11)
BIN_DIR := bin
# environment
ELECTRON_RUN_AS_NODE = 1
# environment
VSCODE_IPC_HOOK = /run/user/1000/vscode-0324d0fd-1.10-main.sock
# environment
XDG_SESSION_ID = 2
# default
.RECIPEPREFIX := 
# automatic
<F = $(notdir $<)
# default
SUFFIXES := 
# environment
VSCODE_CLI = 1
# environment
ELECTRON_NO_ATTACH_CONSOLE = 1
# default
.FEATURES := target-specific order-only second-expansion else-if shortest-stem undefine oneshell nocomment grouped-target extra-prereqs notintermediate shell-export archives jobserver jobserver-fifo output-sync check-symlink guile load
# makefile (from 'Makefile', line 4)
CC := cc
# environment
VSCODE_ESM_ENTRYPOINT = vs/workbench/api/node/extensionHostProcess
# variable set hash-table stats:
# Load=98/1024=10%, Rehash=0, Collisions=4/157=3%

# Pattern-specific Variable Values

# No pattern-specific variable values.

# Directories

# include (device 66313, inode 275380): 3 files, no impossibilities so far.
# src (device 66313, inode 275383): 14 files, no impossibilities so far.
# build (device 66313, inode 284641): 13 files, no impossibilities so far.
# . (device 66313, inode 276754): 12 files, no impossibilities.

# 42 files, no impossibilities in 4 directories.

# Implicit Rules

bin/%: build/%.o build/utils.o include/colorscheme.h include/config.h
#  recipe to execute (from 'Makefile', line 30):
	@mkdir -p $(BIN_DIR)
	@echo "Linking $@"
	@$(CC) -o $@ $^ $(CFLAGS) $(LDFLAGS)

build/%.o: src/%.c include/colorscheme.h include/config.h
#  recipe to execute (from 'Makefile', line 36):
	@mkdir -p $(BUILD_DIR)
	@echo "Compiling $<"
	@$(CC) -c $< -o $@ $(CFLAGS) $(LDFLAGS)

# 2 implicit rules, 0 (0.0%) terminal.
# Files

bin/memory: build/memory.o build/utils.o include/colorscheme.h include/config.h
#  Implicit rule search has been done.
#  Implicit/static pattern stem: 'memory'
#  File is secondary (prerequisite of .SECONDARY).
#  Last modified 2025-04-23 00:49:07.072805362
#  File has been updated.
#  Successfully updated.
#  recipe to execute (from 'Makefile', line 30):
	@mkdir -p $(BIN_DIR)
	@echo "Linking $@"
	@$(CC) -o $@ $^ $(CFLAGS) $(LDFLAGS)

# Not a target:
src/memory.c:
#  Implicit rule search has been done.
#  File is secondary (prerequisite of .SECONDARY).
#  Last modified 2025-04-22 23:53:56.137190258
#  File has been updated.
#  Successfully updated.

# Not a target:
src/internet.c:
#  Implicit rule search has been done.
#  File is secondary (prerequisite of .SECONDARY).
#  Last modified 2025-04-22 23:55:15.755574464
#  File has been updated.
#  Successfully updated.

# Not a target:
Makefile:
#  Implicit rule search has been done.
#  File is secondary (prerequisite of .SECONDARY).
#  Last modified 2025-04-22 23:11:11.904020457
#  File has been updated.
#  Successfully updated.

bin/keyboard: build/keyboard.o build/utils.o include/colorscheme.h include/config.h
#  Implicit rule search has been done.
#  Implicit/static pattern stem: 'keyboard'
#  File is secondary (prerequisite of .SECONDARY).
#  Last modified 2025-04-23 00:49:06.020478013
#  File has been updated.
#  Successfully updated.
#  recipe to execute (from 'Makefile', line 30):
	@mkdir -p $(BIN_DIR)
	@echo "Linking $@"
	@$(CC) -o $@ $^ $(CFLAGS) $(LDFLAGS)

# Not a target:
src/time.c:
#  Implicit rule search has been done.
#  File is secondary (prerequisite of .SECONDARY).
#  Last modified 2025-04-22 23:54:09.388746556
#  File has been updated.
#  Successfully updated.

build/bluetooth.o: src/bluetooth.c include/colorscheme.h include/config.h
#  Implicit rule search has been done.
#  Implicit/static pattern stem: 'bluetooth'
#  File is secondary (prerequisite of .SECONDARY).
 
#  Last modified 2025-04-23 00:49:06.620197966
#  File has been updated.
#  Successfully updated.
#  recipe to execute (from 'Makefile', line 36):
	@mkdir -p $(BUILD_DIR)
	@echo "Compiling $<"
	@$(CC) -c $< -o $@ $(CFLAGS) $(LDFLAGS)

build/memory.o: src/memory.c include/colorscheme.h include/config.h
#  Implicit rule search has been done.
#  Implicit/static pattern stem: 'memory'
#  File is secondary (prerequisite of .SECONDARY).
#  Last modified 2025-04-23 00:49:06.979205899
#  File has been updated.
#  Successfully updated.
#  recipe to execute (from 'Makefile', line 36):
	@mkdir -p $(BUILD_DIR)
	@echo "Compiling $<"
	@$(CC) -c $< -o $@ $(CFLAGS) $(LDFLAGS)

# Not a target:
src/bluetooth.c:
#  Implicit rule search has been done.
#  File is secondary (prerequisite of .SECONDARY).
#  Last modified 2025-04-22 23:53:12.496068079
#  File has been updated.
#  Successfully updated.

bin/internet: build/internet.o build/utils.o include/colorscheme.h include/config.h
#  Implicit rule search has been done.
#  Implicit/static pattern stem: 'internet'
#  File is secondary (prerequisite of .SECONDARY).
#  Last modified 2025-04-23 00:49:06.891753795
#  File has been updated.
#  Successfully updated.
#  recipe to execute (from 'Makefile', line 30):
	@mkdir -p $(BIN_DIR)
	@echo "Linking $@"
	@$(CC) -o $@ $^ $(CFLAGS) $(LDFLAGS)

uninstall:
#  Phony target (prerequisite of .PHONY).
#  Implicit rule search has not been done.
#  File does not exist.
#  File has not been updated.
#  recipe to execute (from 'Makefile', line 63):
	@echo "Removing installed blocks from $(PREFIX)"
	@rm -f $(INSTALL_TO)

clean:
#  Phony target (prerequisite of .PHONY).
#  Implicit rule search has not been done.
#  File does not exist.
#  File has not been updated.
#  recipe to execute (from 'Makefile', line 54):
	@echo "Cleaning up..."
	@rm -rf $(BUILD_DIR) $(BIN_DIR)

build/internet.o: src/internet.c include/colorscheme.h include/config.h
#  Implicit rule search has been done.
#  Implicit/static pattern stem: 'internet'
#  File is secondary (prerequisite of .SECONDARY).
#  Last modified 2025-04-23 00:49:06.821202408
#  File has been updated.
#  Successfully updated.
#  recipe to execute (from 'Makefile', line 36):
	@mkdir -p $(BUILD_DIR)
	@echo "Compiling $<"
	@$(CC) -c $< -o $@ $(CFLAGS) $(LDFLAGS)

# Not a target:
src/volume.c:
#  Implicit rule search has been done.
#  File is secondary (prerequisite of .SECONDARY).
#  Last modified 2025-04-22 23:54:20.498893862
#  File has been updated.
#  Successfully updated.

bin/time: build/time.o build/utils.o include/colorscheme.h include/config.h
#  Implicit rule search has been done.
#  Implicit/static pattern stem: 'time'
#  File is secondary (prerequisite of .SECONDARY).
#  Last modified 2025-04-23 00:49:05.860970476
#  File has been updated.
#  Successfully updated.
#  recipe to execute (from 'Makefile', line 30):
	@mkdir -p $(BIN_DIR)
	@echo "Linking $@"
	@$(CC) -o $@ $^ $(CFLAGS) $(LDFLAGS)

build/kernel.o: src/kernel.c include/colorscheme.h include/config.h
#  Implicit rule search has been done.
#  Implicit/static pattern stem: 'kernel'
#  File is secondary (prerequisite of .SECONDARY).
#  Last modified 2025-04-23 00:49:06.450194209
#  File has been updated.
#  Successfully updated.
#  recipe to execute (from 'Makefile', line 36):
	@mkdir -p $(BUILD_DIR)
	@echo "Compiling $<"
	@$(CC) -c $< -o $@ $(CFLAGS) $(LDFLAGS)

bin/power: build/power.o build/utils.o include/colorscheme.h include/config.h
#  Implicit rule search has been done.
#  Implicit/static pattern stem: 'power'
#  File is secondary (prerequisite of .SECONDARY).
#  Last modified 2025-04-23 00:49:07.238146209
#  File has been updated.
#  Successfully updated.
#  recipe to execute (from 'Makefile', line 30):
	@mkdir -p $(BIN_DIR)
	@echo "Linking $@"
	@$(CC) -o $@ $^ $(CFLAGS) $(LDFLAGS)

build/utils.o: src/utils.c
#  Implicit rule search has not been done.
#  File is secondary (prerequisite of .SECONDARY).
#  Last modified 2025-04-23 00:49:05.772179224
#  File has been updated.
#  Successfully updated.
#  recipe to execute (from 'Makefile', line 42):
	@mkdir -p $(BUILD_DIR)
	@echo "Compiling utils.c"
	@$(CC) -c $< -o $@ $(CFLAGS) $(LDFLAGS)

# Not a target:
src/kernel.c:
#  Implicit rule search has been done.
#  File is secondary (prerequisite of .SECONDARY).
#  Last modified 2025-04-22 23:53:43.167797519
#  File has been updated.
#  Successfully updated.

bin/kernel: build/kernel.o build/utils.o include/colorscheme.h include/config.h
#  Implicit rule search has been done.
#  Implicit/static pattern stem: 'kernel'
#  File is secondary (prerequisite of .SECONDARY).
#  Last modified 2025-04-23 00:49:06.519989376
#  File has been updated.
#  Successfully updated.
#  recipe to execute (from 'Makefile', line 30):
	@mkdir -p $(BIN_DIR)
	@echo "Linking $@"
	@$(CC) -o $@ $^ $(CFLAGS) $(LDFLAGS)

# Not a target:
.DEFAULT:
#  Implicit rule search has not been done.
#  Modification time never checked.
#  File has not been updated.

all: bin/time bin/keyboard bin/battery bin/date bin/kernel bin/bluetooth bin/internet bin/memory bin/power bin/volume
#  Phony target (prerequisite of .PHONY).
#  Command line target.
#  Implicit rule search has not been done.
#  File does not exist.
#  File has been updated.
#  Successfully updated.

# Not a target:
src/keyboard.c:
#  Implicit rule search has been done.
#  File is secondary (prerequisite of .SECONDARY).
#  Last modified 2025-04-22 23:53:47.667157573
#  File has been updated.
#  Successfully updated.

# Not a target:
include/config.h:
#  Implicit rule search has been done.
#  File is secondary (prerequisite of .SECONDARY).
#  Last modified 2025-04-22 23:14:08.473650246
#  File has been updated.
#  Successfully updated.

bin/bluetooth: build/bluetooth.o build/utils.o include/colorscheme.h include/config.h
#  Implicit rule search has been done.
#  Implicit/static pattern stem: 'bluetooth'
#  File is secondary (prerequisite of .SECONDARY).
#  Last modified 2025-04-23 00:49:06.693352596
#  File has been updated.
#  Successfully updated.
#  recipe to execute (from 'Makefile', line 30):
	@mkdir -p $(BIN_DIR)
	@echo "Linking $@"
	@$(CC) -o $@ $^ $(CFLAGS) $(LDFLAGS)

# Not a target:
src/battery.c:
#  Implicit rule search has been done.
#  File is secondary (prerequisite of .SECONDARY).
#  Last modified 2025-04-22 23:51:32.940031031
#  File has been updated.
#  Successfully updated.

bin/battery: build/battery.o build/utils.o include/colorscheme.h include/config.h
#  Implicit rule search has been done.
#  Implicit/static pattern stem: 'battery'
#  File is secondary (prerequisite of .SECONDARY).
#  Last modified 2025-04-23 00:49:06.187065911
#  File has been updated.
#  Successfully updated.
#  recipe to execute (from 'Makefile', line 30):
	@mkdir -p $(BIN_DIR)
	@echo "Linking $@"
	@$(CC) -o $@ $^ $(CFLAGS) $(LDFLAGS)

build/power.o: src/power.c include/colorscheme.h include/config.h
#  Implicit rule search has been done.
#  Implicit/static pattern stem: 'power'
#  File is secondary (prerequisite of .SECONDARY).
#  Last modified 2025-04-23 00:49:07.168210073
#  File has been updated.
#  Successfully updated.
#  recipe to execute (from 'Makefile', line 36):
	@mkdir -p $(BUILD_DIR)
	@echo "Compiling $<"
	@$(CC) -c $< -o $@ $(CFLAGS) $(LDFLAGS)

build/volume.o: src/volume.c include/colorscheme.h include/config.h
#  Implicit rule search has been done.
#  Implicit/static pattern stem: 'volume'
#  File is secondary (prerequisite of .SECONDARY).
#  Last modified 2025-04-23 00:49:07.354214181
#  File has been updated.
#  Successfully updated.
#  recipe to execute (from 'Makefile', line 36):
	@mkdir -p $(BUILD_DIR)
	@echo "Compiling $<"
	@$(CC) -c $< -o $@ $(CFLAGS) $(LDFLAGS)

build/keyboard.o: src/keyboard.c include/colorscheme.h include/config.h
#  Implicit rule search has been done.
#  Implicit/static pattern stem: 'keyboard'
#  File is secondary (prerequisite of .SECONDARY).
#  Last modified 2025-04-23 00:49:05.949183138
#  File has been updated.
#  Successfully updated.
#  recipe to execute (from 'Makefile', line 36):
	@mkdir -p $(BUILD_DIR)
	@echo "Compiling $<"
	@$(CC) -c $< -o $@ $(CFLAGS) $(LDFLAGS)

bin/date: build/date.o build/utils.o include/colorscheme.h include/config.h
#  Implicit rule search has been done.
#  Implicit/static pattern stem: 'date'
#  File is secondary (prerequisite of .SECONDARY).
#  Last modified 2025-04-23 00:49:06.362101334
#  File has been updated.
#  Successfully updated.
#  recipe to execute (from 'Makefile', line 30):
	@mkdir -p $(BIN_DIR)
	@echo "Linking $@"
	@$(CC) -o $@ $^ $(CFLAGS) $(LDFLAGS)

install: all
#  Phony target (prerequisite of .PHONY).
#  Implicit rule search has not been done.
#  File does not exist.
#  File has not been updated.
#  recipe to execute (from 'Makefile', line 58):
	@echo "Installing blocks to $(PREFIX)"
	@mkdir -p $(PREFIX)
	@cp $(BINARIES) $(PREFIX)/

include/colorscheme.h: src/loadresources.c
#  Implicit rule search has not been done.
#  File is secondary (prerequisite of .SECONDARY).
#  Last modified 2025-04-23 00:49:00.355059268
#  File has been updated.
#  Successfully updated.
#  recipe to execute (from 'Makefile', line 48):
	@echo "Generating colorscheme.h..."
	@mkdir -p $(BIN_DIR)
	@$(CC) -o $(BIN_DIR)/loadresources $< $(CFLAGS) -lX11
	@$(BIN_DIR)/loadresources $@

build/battery.o: src/battery.c include/colorscheme.h include/config.h
#  Implicit rule search has been done.
#  Implicit/static pattern stem: 'battery'
#  File is secondary (prerequisite of .SECONDARY).
#  Last modified 2025-04-23 00:49:06.116186829
#  File has been updated.
#  Successfully updated.
#  recipe to execute (from 'Makefile', line 36):
	@mkdir -p $(BUILD_DIR)
	@echo "Compiling $<"
	@$(CC) -c $< -o $@ $(CFLAGS) $(LDFLAGS)

.SECONDARY: build/time.o build/keyboard.o build/battery.o build/date.o build/kernel.o build/bluetooth.o build/internet.o build/memory.o build/power.o build/volume.o
#  Implicit rule search has not been done.
#  Modification time never checked.
#  File has not been updated.

build/date.o: src/date.c include/colorscheme.h include/config.h
#  Implicit rule search has been done.
#  Implicit/static pattern stem: 'date'
#  File is secondary (prerequisite of .SECONDARY).
#  Last modified 2025-04-23 00:49:06.292190718
#  File has been updated.
#  Successfully updated.
 
#  recipe to execute (from 'Makefile', line 36):
	@mkdir -p $(BUILD_DIR)
	@echo "Compiling $<"
	@$(CC) -c $< -o $@ $(CFLAGS) $(LDFLAGS)

# Not a target:
src/utils.c:
#  Implicit rule search has been done.
#  File is secondary (prerequisite of .SECONDARY).
#  Last modified 2025-04-22 23:13:52.106456018
#  File has been updated.
#  Successfully updated.

# Not a target:
src/date.c:
#  Implicit rule search has been done.
#  File is secondary (prerequisite of .SECONDARY).
#  Last modified 2025-04-22 23:53:31.747111979
#  File has been updated.
#  Successfully updated.

bin/volume: build/volume.o build/utils.o include/colorscheme.h include/config.h
#  Implicit rule search has been done.
#  Implicit/static pattern stem: 'volume'
#  File is secondary (prerequisite of .SECONDARY).
#  Last modified 2025-04-23 00:49:07.424686992
#  File has been updated.
#  Successfully updated.
#  recipe to execute (from 'Makefile', line 30):
	@mkdir -p $(BIN_DIR)
	@echo "Linking $@"
	@$(CC) -o $@ $^ $(CFLAGS) $(LDFLAGS)

.PHONY: all clean install uninstall
#  Implicit rule search has not been done.
#  Modification time never checked.
#  File has not been updated.

# Not a target:
src/power.c:
#  Implicit rule search has been done.
#  File is secondary (prerequisite of .SECONDARY).
#  Last modified 2025-04-22 23:57:35.927228016
#  File has been updated.
#  Successfully updated.

build/time.o: src/time.c include/colorscheme.h include/config.h
#  Implicit rule search has been done.
#  Implicit/static pattern stem: 'time'
#  File is secondary (prerequisite of .SECONDARY).
#  Last modified 2025-04-23 00:49:05.790165237
#  File has been updated.
#  Successfully updated.
#  recipe to execute (from 'Makefile', line 36):
	@mkdir -p $(BUILD_DIR)
	@echo "Compiling $<"
	@$(CC) -c $< -o $@ $(CFLAGS) $(LDFLAGS)

# Not a target:
src/loadresources.c:
#  Implicit rule search has been done.
#  File is secondary (prerequisite of .SECONDARY).
#  Last modified 2025-04-22 23:17:21.12808854
#  File has been updated.
#  Successfully updated.

# files hash-table stats:
# Load=44/1024=4%, Rehash=0, Collisions=11/246=4%
# VPATH Search Paths

# No 'vpath' search paths.

# No general ('VPATH' variable) search path.

# strcache buffers: 1 (0) / strings = 96 / storage = 1011 B / avg = 10 B
# current buf: size = 8162 B / used = 1011 B / count = 96 / avg = 10 B

# strcache performance: lookups = 266 / hit rate = 63%
# hash-table stats:
# Load=96/8192=1%, Rehash=0, Collisions=0/266=0%
# Finished Make data base on Tue May 20 16:36:18 2025

 
