2025-05-23 16:48:29.261 [info] Telemetry level is off
2025-05-23 16:48:29.261 [info] Experiments are disabled, only manually opted experiments are active.
2025-05-23 16:48:29.261 [warning] Dir "/home/dimgerasimou/Αριθμητική/.pixi/envs" is not watchable (directory does not exist)
2025-05-23 16:48:29.261 [info] > conda info --json
2025-05-23 16:48:29.261 [info] > pyenv which python
2025-05-23 16:48:29.261 [info] cwd: .
2025-05-23 16:48:29.305 [info] > ./.venv/bin/python -I ~/.vscode-oss/extensions/ms-python.python-2025.4.0-universal/python_files/get_output_via_markers.py ~/.vscode-oss/extensions/ms-python.python-2025.4.0-universal/python_files/interpreterInfo.py
2025-05-23 16:48:29.461 [info] Python interpreter path: ./.venv/bin/python
2025-05-23 16:48:29.523 [info] Starting Environment refresh
2025-05-23 16:48:29.523 [info] Searching for interpreters in posix paths locator
2025-05-23 16:48:29.524 [info] Searching for pyenv environments
2025-05-23 16:48:29.524 [info] Searching for conda environments
2025-05-23 16:48:29.524 [info] Searching for global virtual environments
2025-05-23 16:48:29.524 [info] Searching for custom virtual environments
2025-05-23 16:48:29.529 [info] > hatch env show --json
2025-05-23 16:48:29.529 [info] cwd: .
2025-05-23 16:48:29.531 [info] pyenv is not installed
2025-05-23 16:48:29.531 [info] Finished searching for pyenv environments: 8 milliseconds
2025-05-23 16:48:29.531 [info] Finished searching for custom virtual envs: 8 milliseconds
2025-05-23 16:48:29.544 [info] Finished searching for global virtual envs: 21 milliseconds
2025-05-23 16:48:29.568 [info] Found: /bin/python --> /bin/python3.13
2025-05-23 16:48:29.569 [info] Found: /bin/python3 --> /bin/python3.13
2025-05-23 16:48:29.570 [info] Found: /bin/python3.13 --> /bin/python3.13
2025-05-23 16:48:29.578 [info] > /bin/python -I ~/.vscode-oss/extensions/ms-python.python-2025.4.0-universal/python_files/get_output_via_markers.py ~/.vscode-oss/extensions/ms-python.python-2025.4.0-universal/python_files/interpreterInfo.py
2025-05-23 16:48:29.594 [info] Found: /sbin/python --> /sbin/python3.13
2025-05-23 16:48:29.594 [info] Found: /sbin/python3 --> /sbin/python3.13
2025-05-23 16:48:29.595 [info] Found: /sbin/python3.13 --> /sbin/python3.13
2025-05-23 16:48:29.599 [info] Found: /usr/bin/python --> /usr/bin/python3.13
2025-05-23 16:48:29.599 [info] Found: /usr/bin/python3 --> /usr/bin/python3.13
2025-05-23 16:48:29.600 [info] Found: /usr/bin/python3.13 --> /usr/bin/python3.13
2025-05-23 16:48:29.619 [info] Found: /usr/sbin/python --> /usr/sbin/python3.13
2025-05-23 16:48:29.619 [info] Found: /usr/sbin/python3 --> /usr/sbin/python3.13
2025-05-23 16:48:29.619 [info] Found: /usr/sbin/python3.13 --> /usr/sbin/python3.13
2025-05-23 16:48:29.628 [info] > /sbin/python -I ~/.vscode-oss/extensions/ms-python.python-2025.4.0-universal/python_files/get_output_via_markers.py ~/.vscode-oss/extensions/ms-python.python-2025.4.0-universal/python_files/interpreterInfo.py
2025-05-23 16:48:29.637 [info] Finished searching for interpreters in posix paths locator: 110 milliseconds
2025-05-23 16:48:29.637 [info] > /usr/bin/python -I ~/.vscode-oss/extensions/ms-python.python-2025.4.0-universal/python_files/get_output_via_markers.py ~/.vscode-oss/extensions/ms-python.python-2025.4.0-universal/python_files/interpreterInfo.py
2025-05-23 16:48:29.642 [info] Environments refresh paths discovered (event): 120 milliseconds
2025-05-23 16:48:29.642 [info] Environments refresh paths discovered: 120 milliseconds
2025-05-23 16:48:29.663 [info] > /usr/sbin/python -I ~/.vscode-oss/extensions/ms-python.python-2025.4.0-universal/python_files/get_output_via_markers.py ~/.vscode-oss/extensions/ms-python.python-2025.4.0-universal/python_files/interpreterInfo.py
2025-05-23 16:48:29.694 [info] Environments refresh finished (event): 172 milliseconds
2025-05-23 16:48:29.700 [info] Environment refresh took 178 milliseconds
2025-05-23 16:48:29.942 [info] > . ./.venv/bin/activate && echo 'e8b39361-0157-4923-80e1-22d70d46dee6' && python ~/.vscode-oss/extensions/ms-python.python-2025.4.0-universal/python_files/printEnvVariables.py
2025-05-23 16:48:29.942 [info] shell: bash
2025-05-23 16:48:29.948 [info] > . ./.venv/bin/activate && echo 'e8b39361-0157-4923-80e1-22d70d46dee6' && python ~/.vscode-oss/extensions/ms-python.python-2025.4.0-universal/python_files/printEnvVariables.py
2025-05-23 16:48:29.948 [info] shell: bash
2025-05-23 16:48:30.263 [info] Starting Jedi language server for Αριθμητική.
2025-05-23 19:37:10.674 [info] Discover tests for workspace name: Αριθμητική - uri: /home/dimgerasimou/Αριθμητική/test.py
2025-05-23 19:37:11.667 [info] CreateEnv Trigger - Skipping for /home/dimgerasimou/Αριθμητική/test.py
2025-05-23 19:37:11.712 [info] Send text to terminal: source /home/dimgerasimou/Αριθμητική/.venv/bin/activate
2025-05-23 19:37:12.348 [info] Send text to terminal: /home/dimgerasimou/Αριθμητική/.venv/bin/python /home/dimgerasimou/Αριθμητική/test.py
2025-05-23 19:38:03.294 [info] Discover tests for workspace name: Αριθμητική - uri: /home/dimgerasimou/Αριθμητική/test.py
2025-05-23 19:38:06.696 [info] Send text to terminal: /home/dimgerasimou/Αριθμητική/.venv/bin/python /home/dimgerasimou/Αριθμητική/test.py
2025-05-23 19:38:25.055 [info] Discover tests for workspace name: Αριθμητική - uri: /home/dimgerasimou/Αριθμητική/test.py
2025-05-23 19:38:25.535 [info] Send text to terminal: /home/dimgerasimou/Αριθμητική/.venv/bin/python /home/dimgerasimou/Αριθμητική/test.py
2025-05-23 19:38:33.442 [info] Discover tests for workspace name: Αριθμητική - uri: /home/dimgerasimou/Αριθμητική/test.py
2025-05-23 19:38:34.378 [info] Send text to terminal: /home/dimgerasimou/Αριθμητική/.venv/bin/python /home/dimgerasimou/Αριθμητική/test.py
2025-05-23 19:39:08.376 [info] Discover tests for workspace name: Αριθμητική - uri: /home/dimgerasimou/Αριθμητική/test.py
2025-05-23 19:39:27.621 [info] Discover tests for workspace name: Αριθμητική - uri: /home/dimgerasimou/Αριθμητική/test.py
2025-05-23 19:39:29.835 [info] Send text to terminal: /home/dimgerasimou/Αριθμητική/.venv/bin/python /home/dimgerasimou/Αριθμητική/test.py
2025-05-23 19:39:39.773 [info] Discover tests for workspace name: Αριθμητική - uri: /home/dimgerasimou/Αριθμητική/test.py
2025-05-23 19:39:40.691 [info] Send text to terminal: /home/dimgerasimou/Αριθμητική/.venv/bin/python /home/dimgerasimou/Αριθμητική/test.py
2025-05-23 19:52:32.520 [info] Discover tests for workspace name: Αριθμητική - uri: /home/dimgerasimou/Αριθμητική/test.py
2025-05-23 19:52:33.958 [info] Discover tests for workspace name: Αριθμητική - uri: /home/dimgerasimou/Αριθμητική/test.py
2025-05-23 19:53:22.284 [info] Discover tests for workspace name: Αριθμητική - uri: /home/dimgerasimou/Αριθμητική/test.py
2025-05-23 19:53:38.187 [info] Discover tests for workspace name: Αριθμητική - uri: /home/dimgerasimou/Αριθμητική/test.py
2025-05-23 19:54:21.333 [info] Discover tests for workspace name: Αριθμητική - uri: /home/dimgerasimou/Αριθμητική/test.py
2025-05-23 19:54:27.137 [info] Discover tests for workspace name: Αριθμητική - uri: /home/dimgerasimou/Αριθμητική/test.py
2025-05-23 19:54:37.396 [info] Discover tests for workspace name: Αριθμητική - uri: /home/dimgerasimou/Αριθμητική/test.py
2025-05-23 19:54:37.550 [info] Send text to terminal: /home/dimgerasimou/Αριθμητική/.venv/bin/python /home/dimgerasimou/Αριθμητική/test.py
2025-05-23 19:55:37.422 [info] Discover tests for workspace name: Αριθμητική - uri: /home/dimgerasimou/Αριθμητική/test.py
2025-05-23 19:55:45.548 [info] Discover tests for workspace name: Αριθμητική - uri: /home/dimgerasimou/Αριθμητική/test.py
2025-05-23 19:55:57.158 [info] Send text to terminal: /home/dimgerasimou/Αριθμητική/.venv/bin/python /home/dimgerasimou/Αριθμητική/test.py
2025-05-23 19:57:55.707 [info] Discover tests for workspace name: Αριθμητική - uri: /home/dimgerasimou/Αριθμητική/test.py
2025-05-23 19:58:29.251 [info] Discover tests for workspace name: Αριθμητική - uri: /home/dimgerasimou/Αριθμητική/test.py
2025-05-23 19:58:30.118 [info] Send text to terminal: /home/dimgerasimou/Αριθμητική/.venv/bin/python /home/dimgerasimou/Αριθμητική/test.py
2025-05-23 19:59:27.269 [info] Discover tests for workspace name: Αριθμητική - uri: /home/dimgerasimou/Αριθμητική/test.py
2025-05-23 20:00:03.472 [info] Discover tests for workspace name: Αριθμητική - uri: /home/dimgerasimou/Αριθμητική/test.py
2025-05-23 20:00:55.169 [info] Discover tests for workspace name: Αριθμητική - uri: /home/dimgerasimou/Αριθμητική/test.py
2025-05-23 20:01:32.577 [info] Discover tests for workspace name: Αριθμητική - uri: /home/dimgerasimou/Αριθμητική/test.py
2025-05-23 20:01:33.537 [info] Send text to terminal: /home/dimgerasimou/Αριθμητική/.venv/bin/python /home/dimgerasimou/Αριθμητική/test.py
2025-05-23 20:01:59.215 [info] Discover tests for workspace name: Αριθμητική - uri: /home/dimgerasimou/Αριθμητική/test.py
2025-05-23 20:02:00.522 [info] Send text to terminal: /home/dimgerasimou/Αριθμητική/.venv/bin/python /home/dimgerasimou/Αριθμητική/test.py
2025-05-23 20:02:28.214 [info] Discover tests for workspace name: Αριθμητική - uri: /home/dimgerasimou/Αριθμητική/test.py
2025-05-23 20:02:30.110 [info] Send text to terminal: /home/dimgerasimou/Αριθμητική/.venv/bin/python /home/dimgerasimou/Αριθμητική/test.py
2025-05-23 20:02:47.808 [info] Discover tests for workspace name: Αριθμητική - uri: /home/dimgerasimou/Αριθμητική/test.py
2025-05-23 20:02:52.016 [info] Discover tests for workspace name: Αριθμητική - uri: /home/dimgerasimou/Αριθμητική/test.py
2025-05-23 20:02:52.235 [info] Send text to terminal: /home/dimgerasimou/Αριθμητική/.venv/bin/python /home/dimgerasimou/Αριθμητική/test.py
2025-05-23 20:04:00.656 [info] Discover tests for workspace name: Αριθμητική - uri: /home/dimgerasimou/Αριθμητική/test.py
2025-05-23 20:04:19.625 [info] Discover tests for workspace name: Αριθμητική - uri: /home/dimgerasimou/Αριθμητική/test.py
2025-05-23 20:04:50.902 [info] Discover tests for workspace name: Αριθμητική - uri: /home/dimgerasimou/Αριθμητική/test.py
2025-05-23 20:04:52.386 [info] Send text to terminal: /home/dimgerasimou/Αριθμητική/.venv/bin/python /home/dimgerasimou/Αριθμητική/test.py
2025-05-23 20:05:18.350 [info] Discover tests for workspace name: Αριθμητική - uri: /home/dimgerasimou/Αριθμητική/test.py
2025-05-23 20:05:33.674 [info] Discover tests for workspace name: Αριθμητική - uri: /home/dimgerasimou/Αριθμητική/test.py
2025-05-23 20:05:34.978 [info] Send text to terminal: /home/dimgerasimou/Αριθμητική/.venv/bin/python /home/dimgerasimou/Αριθμητική/test.py
2025-05-23 20:06:20.014 [info] Discover tests for workspace name: Αριθμητική - uri: /home/dimgerasimou/Αριθμητική/test.py
2025-05-23 20:07:36.336 [info] Discover tests for workspace name: Αριθμητική - uri: /home/dimgerasimou/Αριθμητική/test.py
2025-05-23 20:07:47.522 [info] Discover tests for workspace name: Αριθμητική - uri: /home/dimgerasimou/Αριθμητική/test.py
2025-05-23 20:08:01.033 [info] Discover tests for workspace name: Αριθμητική - uri: /home/dimgerasimou/Αριθμητική/test.py
2025-05-23 20:08:14.051 [info] Discover tests for workspace name: Αριθμητική - uri: /home/dimgerasimou/Αριθμητική/test.py
2025-05-23 20:09:03.183 [info] Discover tests for workspace name: Αριθμητική - uri: /home/dimgerasimou/Αριθμητική/test.py
2025-05-23 20:09:05.896 [info] Send text to terminal: /home/dimgerasimou/Αριθμητική/.venv/bin/python /home/dimgerasimou/Αριθμητική/test.py
2025-05-23 20:10:19.158 [info] Discover tests for workspace name: Αριθμητική - uri: /home/dimgerasimou/Αριθμητική/test.py
2025-05-23 20:12:50.915 [info] Discover tests for workspace name: Αριθμητική - uri: /home/dimgerasimou/Αριθμητική/test.py
2025-05-23 20:12:57.786 [info] Send text to terminal: /home/dimgerasimou/Αριθμητική/.venv/bin/python /home/dimgerasimou/Αριθμητική/test.py
2025-05-23 20:16:12.002 [info] Telemetry level is off
2025-05-23 20:16:12.002 [info] Experiments are disabled, only manually opted experiments are active.
2025-05-23 20:16:12.002 [warning] Dir "/home/dimgerasimou/Αριθμητική/.pixi/envs" is not watchable (directory does not exist)
2025-05-23 20:16:12.002 [info] > conda info --json
2025-05-23 20:16:12.110 [info] > pyenv which python
2025-05-23 20:16:12.110 [info] cwd: .
2025-05-23 20:16:12.299 [info] > ./.venv/bin/python -I ~/.vscode-oss/extensions/ms-python.python-2025.4.0-universal/python_files/get_output_via_markers.py ~/.vscode-oss/extensions/ms-python.python-2025.4.0-universal/python_files/interpreterInfo.py
2025-05-23 20:16:12.323 [info] Python interpreter path: ./.venv/bin/python
2025-05-23 20:16:12.758 [info] Starting Jedi language server for Αριθμητική.
2025-05-23 20:16:16.306 [info] Starting Environment refresh
2025-05-23 20:16:16.306 [info] Searching for interpreters in posix paths locator
2025-05-23 20:16:16.308 [info] Searching for pyenv environments
2025-05-23 20:16:16.308 [info] Searching for conda environments
2025-05-23 20:16:16.309 [info] Searching for global virtual environments
2025-05-23 20:16:16.309 [info] Searching for custom virtual environments
2025-05-23 20:16:16.319 [info] > hatch env show --json
2025-05-23 20:16:16.319 [info] cwd: .
2025-05-23 20:16:16.320 [info] pyenv is not installed
2025-05-23 20:16:16.320 [info] Finished searching for pyenv environments: 13 milliseconds
2025-05-23 20:16:16.320 [info] Finished searching for custom virtual envs: 12 milliseconds
2025-05-23 20:16:16.350 [info] Finished searching for global virtual envs: 42 milliseconds
2025-05-23 20:16:16.422 [info] Found: /bin/python --> /bin/python3.13
2025-05-23 20:16:16.424 [info] Found: /bin/python3 --> /bin/python3.13
2025-05-23 20:16:16.425 [info] Found: /bin/python3.13 --> /bin/python3.13
2025-05-23 20:16:16.434 [info] > . ./.venv/bin/activate && echo 'e8b39361-0157-4923-80e1-22d70d46dee6' && python ~/.vscode-oss/extensions/ms-python.python-2025.4.0-universal/python_files/printEnvVariables.py
2025-05-23 20:16:16.434 [info] shell: bash
2025-05-23 20:16:16.438 [info] > . ./.venv/bin/activate && echo 'e8b39361-0157-4923-80e1-22d70d46dee6' && python ~/.vscode-oss/extensions/ms-python.python-2025.4.0-universal/python_files/printEnvVariables.py
2025-05-23 20:16:16.438 [info] shell: bash
2025-05-23 20:16:16.446 [info] > /bin/python -I ~/.vscode-oss/extensions/ms-python.python-2025.4.0-universal/python_files/get_output_via_markers.py ~/.vscode-oss/extensions/ms-python.python-2025.4.0-universal/python_files/interpreterInfo.py
2025-05-23 20:16:16.474 [info] Found: /sbin/python --> /sbin/python3.13
2025-05-23 20:16:16.475 [info] Found: /sbin/python3 --> /sbin/python3.13
2025-05-23 20:16:16.475 [info] Found: /sbin/python3.13 --> /sbin/python3.13
2025-05-23 20:16:16.479 [info] Found: /usr/bin/python --> /usr/bin/python3.13
2025-05-23 20:16:16.480 [info] Found: /usr/bin/python3 --> /usr/bin/python3.13
2025-05-23 20:16:16.480 [info] Found: /usr/bin/python3.13 --> /usr/bin/python3.13
2025-05-23 20:16:16.499 [info] Found: /usr/sbin/python --> /usr/sbin/python3.13
2025-05-23 20:16:16.499 [info] Found: /usr/sbin/python3 --> /usr/sbin/python3.13
2025-05-23 20:16:16.499 [info] Found: /usr/sbin/python3.13 --> /usr/sbin/python3.13
2025-05-23 20:16:16.510 [info] > /sbin/python -I ~/.vscode-oss/extensions/ms-python.python-2025.4.0-universal/python_files/get_output_via_markers.py ~/.vscode-oss/extensions/ms-python.python-2025.4.0-universal/python_files/interpreterInfo.py
2025-05-23 20:16:16.519 [info] Finished searching for interpreters in posix paths locator: 208 milliseconds
2025-05-23 20:16:16.519 [info] > /usr/bin/python -I ~/.vscode-oss/extensions/ms-python.python-2025.4.0-universal/python_files/get_output_via_markers.py ~/.vscode-oss/extensions/ms-python.python-2025.4.0-universal/python_files/interpreterInfo.py
2025-05-23 20:16:16.525 [info] Environments refresh paths discovered (event): 220 milliseconds
2025-05-23 20:16:16.525 [info] Environments refresh paths discovered: 220 milliseconds
2025-05-23 20:16:16.541 [info] > /usr/sbin/python -I ~/.vscode-oss/extensions/ms-python.python-2025.4.0-universal/python_files/get_output_via_markers.py ~/.vscode-oss/extensions/ms-python.python-2025.4.0-universal/python_files/interpreterInfo.py
2025-05-23 20:16:16.564 [info] Environments refresh finished (event): 259 milliseconds
2025-05-23 20:16:16.568 [info] Environment refresh took 265 milliseconds
