2025-05-31 23:46:58.619 [info] Telemetry level is off
2025-05-31 23:46:58.619 [info] Experiments are disabled, only manually opted experiments are active.
2025-05-31 23:46:58.768 [info] Starting Environment refresh
2025-05-31 23:46:58.768 [info] Searching for interpreters in posix paths locator
2025-05-31 23:46:58.770 [info] Searching for pyenv environments
2025-05-31 23:46:58.770 [info] Searching for conda environments
2025-05-31 23:46:58.770 [info] Searching for global virtual environments
2025-05-31 23:46:58.770 [info] Searching for custom virtual environments
2025-05-31 23:46:58.777 [info] pyenv is not installed
2025-05-31 23:46:58.777 [info] Finished searching for pyenv environments: 9 milliseconds
2025-05-31 23:46:58.777 [info] Finished searching for custom virtual envs: 8 milliseconds
2025-05-31 23:46:58.783 [info] > conda info --json
2025-05-31 23:46:58.785 [info] Python interpreter path: /bin/python
2025-05-31 23:46:58.895 [info] Finished searching for global virtual envs: 126 milliseconds
2025-05-31 23:46:59.218 [info] Found: /bin/python --> /bin/python3.13
2025-05-31 23:46:59.242 [info] Found: /bin/python3 --> /bin/python3.13
2025-05-31 23:46:59.257 [info] Found: /bin/python3.13 --> /bin/python3.13
2025-05-31 23:46:59.287 [info] Found: /sbin/python --> /sbin/python3.13
2025-05-31 23:46:59.287 [info] Found: /sbin/python3 --> /sbin/python3.13
2025-05-31 23:46:59.287 [info] Found: /sbin/python3.13 --> /sbin/python3.13
2025-05-31 23:46:59.293 [info] Found: /usr/bin/python --> /usr/bin/python3.13
2025-05-31 23:46:59.293 [info] Found: /usr/bin/python3 --> /usr/bin/python3.13
2025-05-31 23:46:59.293 [info] Found: /usr/bin/python3.13 --> /usr/bin/python3.13
2025-05-31 23:46:59.318 [info] Found: /usr/sbin/python --> /usr/sbin/python3.13
2025-05-31 23:46:59.318 [info] Found: /usr/sbin/python3 --> /usr/sbin/python3.13
2025-05-31 23:46:59.318 [info] Found: /usr/sbin/python3.13 --> /usr/sbin/python3.13
2025-05-31 23:46:59.336 [info] > /bin/python -I ~/.vscode-oss/extensions/ms-python.python-2025.4.0-universal/python_files/get_output_via_markers.py ~/.vscode-oss/extensions/ms-python.python-2025.4.0-universal/python_files/interpreterInfo.py
2025-05-31 23:46:59.350 [info] > /sbin/python -I ~/.vscode-oss/extensions/ms-python.python-2025.4.0-universal/python_files/get_output_via_markers.py ~/.vscode-oss/extensions/ms-python.python-2025.4.0-universal/python_files/interpreterInfo.py
2025-05-31 23:46:59.356 [info] Finished searching for interpreters in posix paths locator: 589 milliseconds
2025-05-31 23:46:59.364 [info] Environments refresh paths discovered (event): 598 milliseconds
2025-05-31 23:46:59.364 [info] Environments refresh paths discovered: 598 milliseconds
2025-05-31 23:46:59.378 [info] > /usr/bin/python -I ~/.vscode-oss/extensions/ms-python.python-2025.4.0-universal/python_files/get_output_via_markers.py ~/.vscode-oss/extensions/ms-python.python-2025.4.0-universal/python_files/interpreterInfo.py
2025-05-31 23:46:59.397 [info] > /usr/sbin/python -I ~/.vscode-oss/extensions/ms-python.python-2025.4.0-universal/python_files/get_output_via_markers.py ~/.vscode-oss/extensions/ms-python.python-2025.4.0-universal/python_files/interpreterInfo.py
2025-05-31 23:46:59.453 [info] Environments refresh finished (event): 686 milliseconds
2025-05-31 23:46:59.460 [info] Environment refresh took 695 milliseconds
2025-05-31 23:46:59.850 [info] Starting Jedi language server for default.
2025-05-31 23:47:07.675 [info] Telemetry level is off
2025-05-31 23:47:07.675 [info] Experiments are disabled, only manually opted experiments are active.
2025-05-31 23:47:07.675 [warning] Dir "/home/dimgerasimou/Numerical_Analysis/.pixi/envs" is not watchable (directory does not exist)
2025-05-31 23:47:07.675 [info] > conda info --json
2025-05-31 23:47:07.675 [info] Python interpreter path: ./.venv/bin/python
2025-05-31 23:47:07.915 [info] > pyenv which python
2025-05-31 23:47:07.915 [info] cwd: .
2025-05-31 23:47:08.232 [info] Starting Environment refresh
2025-05-31 23:47:08.232 [info] Searching for interpreters in posix paths locator
2025-05-31 23:47:08.233 [info] Searching for pyenv environments
2025-05-31 23:47:08.233 [info] Searching for conda environments
2025-05-31 23:47:08.233 [info] Searching for global virtual environments
2025-05-31 23:47:08.233 [info] Searching for custom virtual environments
2025-05-31 23:47:08.239 [info] > hatch env show --json
2025-05-31 23:47:08.239 [info] cwd: .
2025-05-31 23:47:08.267 [info] pyenv is not installed
2025-05-31 23:47:08.267 [info] Finished searching for pyenv environments: 35 milliseconds
2025-05-31 23:47:08.267 [info] Finished searching for custom virtual envs: 35 milliseconds
2025-05-31 23:47:08.276 [info] Finished searching for global virtual envs: 44 milliseconds
2025-05-31 23:47:08.458 [info] Found: /bin/python --> /bin/python3.13
2025-05-31 23:47:08.489 [info] Found: /bin/python3 --> /bin/python3.13
2025-05-31 23:47:08.494 [info] > . ./.venv/bin/activate && echo 'e8b39361-0157-4923-80e1-22d70d46dee6' && python ~/.vscode-oss/extensions/ms-python.python-2025.4.0-universal/python_files/printEnvVariables.py
2025-05-31 23:47:08.494 [info] shell: bash
2025-05-31 23:47:08.498 [info] > . ./.venv/bin/activate && echo 'e8b39361-0157-4923-80e1-22d70d46dee6' && python ~/.vscode-oss/extensions/ms-python.python-2025.4.0-universal/python_files/printEnvVariables.py
2025-05-31 23:47:08.498 [info] shell: bash
2025-05-31 23:47:08.499 [info] Found: /bin/python3.13 --> /bin/python3.13
2025-05-31 23:47:08.521 [info] > ./.venv/bin/python -I ~/.vscode-oss/extensions/ms-python.python-2025.4.0-universal/python_files/get_output_via_markers.py ~/.vscode-oss/extensions/ms-python.python-2025.4.0-universal/python_files/interpreterInfo.py
2025-05-31 23:47:08.549 [info] Found: /sbin/python --> /sbin/python3.13
2025-05-31 23:47:08.549 [info] Found: /sbin/python3 --> /sbin/python3.13
2025-05-31 23:47:08.549 [info] Found: /sbin/python3.13 --> /sbin/python3.13
2025-05-31 23:47:08.556 [info] Found: /usr/bin/python --> /usr/bin/python3.13
2025-05-31 23:47:08.556 [info] Found: /usr/bin/python3 --> /usr/bin/python3.13
2025-05-31 23:47:08.556 [info] Found: /usr/bin/python3.13 --> /usr/bin/python3.13
2025-05-31 23:47:08.584 [info] Found: /usr/sbin/python --> /usr/sbin/python3.13
2025-05-31 23:47:08.584 [info] Found: /usr/sbin/python3 --> /usr/sbin/python3.13
2025-05-31 23:47:08.585 [info] Found: /usr/sbin/python3.13 --> /usr/sbin/python3.13
2025-05-31 23:47:08.600 [info] > /bin/python -I ~/.vscode-oss/extensions/ms-python.python-2025.4.0-universal/python_files/get_output_via_markers.py ~/.vscode-oss/extensions/ms-python.python-2025.4.0-universal/python_files/interpreterInfo.py
2025-05-31 23:47:08.614 [info] > /sbin/python -I ~/.vscode-oss/extensions/ms-python.python-2025.4.0-universal/python_files/get_output_via_markers.py ~/.vscode-oss/extensions/ms-python.python-2025.4.0-universal/python_files/interpreterInfo.py
2025-05-31 23:47:08.621 [info] Finished searching for interpreters in posix paths locator: 390 milliseconds
2025-05-31 23:47:08.627 [info] Environments refresh paths discovered (event): 396 milliseconds
2025-05-31 23:47:08.627 [info] Environments refresh paths discovered: 396 milliseconds
2025-05-31 23:47:08.641 [info] > /usr/bin/python -I ~/.vscode-oss/extensions/ms-python.python-2025.4.0-universal/python_files/get_output_via_markers.py ~/.vscode-oss/extensions/ms-python.python-2025.4.0-universal/python_files/interpreterInfo.py
2025-05-31 23:47:08.663 [info] > /usr/sbin/python -I ~/.vscode-oss/extensions/ms-python.python-2025.4.0-universal/python_files/get_output_via_markers.py ~/.vscode-oss/extensions/ms-python.python-2025.4.0-universal/python_files/interpreterInfo.py
2025-05-31 23:47:08.698 [info] Environments refresh finished (event): 467 milliseconds
2025-05-31 23:47:08.703 [info] Environment refresh took 473 milliseconds
2025-05-31 23:47:08.920 [info] Starting Jedi language server for Numerical_Analysis.
