2025-05-27 00:01:12.299 [info] Extension host with pid 2178283 started
2025-05-27 00:01:12.299 [info] Skipping acquiring lock for /home/dimgerasimou/.config/VSCodium/User/workspaceStorage/1882ba2a21686c8358f9e3d8dcde57e1.
2025-05-27 00:01:12.339 [info] ExtensionService#_doActivateExtension vscode.ipynb, startup: false, activationEvent: 'onNotebookSerializer:jupyter-notebook'
2025-05-27 00:01:12.372 [info] ExtensionService#_doActivateExtension vscode.git-base, startup: true, activationEvent: '*', root cause: vscode.git
2025-05-27 00:01:12.375 [info] ExtensionService#_doActivateExtension mhutchie.git-graph, startup: true, activationEvent: '*'
2025-05-27 00:01:12.392 [info] ExtensionService#_doActivateExtension ms-python.python, startup: true, activationEvent: 'workspaceContains:.venv'
2025-05-27 00:01:12.602 [info] ExtensionService#_doActivateExtension vscode.git, startup: true, activationEvent: '*'
2025-05-27 00:01:12.644 [info] ExtensionService#_doActivateExtension vscode.github, startup: true, activationEvent: '*'
2025-05-27 00:01:12.710 [info] ExtensionService#_doActivateExtension luma.jupyter, startup: false, activationEvent: 'onNotebook:jupyter-notebook'
2025-05-27 00:01:14.056 [info] ExtensionService#_doActivateExtension ms-toolsai.jupyter, startup: false, activationEvent: 'onNotebook:jupyter-notebook'
2025-05-27 00:01:14.060 [info] ExtensionService#_doActivateExtension ms-toolsai.vscode-jupyter-cell-tags, startup: false, activationEvent: 'onNotebook:jupyter-notebook'
2025-05-27 00:01:14.065 [info] ExtensionService#_doActivateExtension ms-toolsai.vscode-jupyter-slideshow, startup: false, activationEvent: 'onNotebook:jupyter-notebook'
2025-05-27 00:01:14.498 [info] Eager extensions activated
2025-05-27 00:01:14.508 [info] ExtensionService#_doActivateExtension vscode.configuration-editing, startup: false, activationEvent: 'onLanguage:jsonc'
2025-05-27 00:01:14.517 [info] ExtensionService#_doActivateExtension vscode.json-language-features, startup: false, activationEvent: 'onLanguage:jsonc'
2025-05-27 00:01:14.574 [info] ExtensionService#_doActivateExtension vscode.typescript-language-features, startup: false, activationEvent: 'onLanguage:jsonc'
2025-05-27 00:01:14.630 [info] ExtensionService#_doActivateExtension vscode.emmet, startup: false, activationEvent: 'onLanguage'
2025-05-27 00:01:14.694 [info] ExtensionService#_doActivateExtension ms-toolsai.jupyter-renderers, startup: false, activationEvent: 'api', root cause: ms-toolsai.jupyter
2025-05-27 00:01:14.699 [info] ExtensionService#_doActivateExtension vscode.debug-auto-launch, startup: false, activationEvent: 'onStartupFinished'
2025-05-27 00:01:14.701 [info] ExtensionService#_doActivateExtension vscode.merge-conflict, startup: false, activationEvent: 'onStartupFinished'
2025-05-27 00:01:14.725 [info] ExtensionService#_doActivateExtension Catppuccin.catppuccin-vsc, startup: false, activationEvent: 'onStartupFinished'
2025-05-27 00:01:14.732 [info] ExtensionService#_doActivateExtension Catppuccin.catppuccin-vsc-icons, startup: false, activationEvent: 'onStartupFinished'
2025-05-27 00:01:14.893 [info] ExtensionService#_doActivateExtension vadimcn.vscode-lldb, startup: false, activationEvent: 'onStartupFinished'
2025-05-27 00:01:15.138 [info] ExtensionService#_doActivateExtension ms-python.debugpy, startup: false, activationEvent: 'onLanguage:python'
2025-05-27 00:01:37.816 [info] Extension host terminating: renderer closed the MessagePort
2025-05-27 00:01:37.860 [error] Error: Channel has been closed
    at s (file:///opt/vscodium-bin/resources/app/out/vs/workbench/api/node/extensionHostProcess.js:125:3260)
    at Object.appendLine (file:///opt/vscodium-bin/resources/app/out/vs/workbench/api/node/extensionHostProcess.js:125:3399)
    at R.logOutputMessage (/opt/vscodium-bin/resources/app/extensions/json-language-features/client/dist/node/jsonClientMain.js:2:290740)
    at R.info (/opt/vscodium-bin/resources/app/extensions/json-language-features/client/dist/node/jsonClientMain.js:2:290473)
    at ChildProcess.<anonymous> (/opt/vscodium-bin/resources/app/extensions/json-language-features/client/dist/node/jsonClientMain.js:2:514746)
    at ChildProcess.emit (node:events:524:28)
    at Process.ChildProcess._handle.onexit (node:internal/child_process:293:12)
2025-05-27 00:01:37.861 [info] Extension host with pid 2178283 exiting with code 0
