2025-05-30 18:03:31.414 [info] Telemetry level is off
2025-05-30 18:03:31.414 [info] Experiments are disabled, only manually opted experiments are active.
2025-05-30 18:03:31.414 [warning] Dir "/home/dimgerasimou/Numerical_Analysis/.pixi/envs" is not watchable (directory does not exist)
2025-05-30 18:03:31.414 [info] Starting Environment refresh
2025-05-30 18:03:31.414 [info] Starting Environment refresh
2025-05-30 18:03:31.414 [info] > hatch env show --json
2025-05-30 18:03:31.414 [info] cwd: .
2025-05-30 18:03:31.433 [info] > ./.venv/bin/python -I ~/.vscode-oss/extensions/ms-python.python-2025.4.0-universal/python_files/get_output_via_markers.py ~/.vscode-oss/extensions/ms-python.python-2025.4.0-universal/python_files/interpreterInfo.py
2025-05-30 18:03:31.433 [info] Environments refresh paths discovered: 142 milliseconds
2025-05-30 18:03:31.434 [info] Environments refresh paths discovered: 142 milliseconds
2025-05-30 18:03:31.457 [info] Environments refresh finished (event): 166 milliseconds
2025-05-30 18:03:31.457 [info] Environments refresh finished (event): 165 milliseconds
2025-05-30 18:03:31.458 [info] Environment refresh took 168 milliseconds
2025-05-30 18:03:31.459 [info] Environment refresh took 167 milliseconds
2025-05-30 18:03:31.463 [info] > pyenv which python
2025-05-30 18:03:31.463 [info] cwd: .
2025-05-30 18:03:31.470 [info] Python interpreter path: ./.venv/bin/python
2025-05-30 18:03:32.044 [info] Starting Jedi language server for Numerical_Analysis.
2025-05-30 18:03:36.365 [info] Send text to terminal: source /home/dimgerasimou/Numerical_Analysis/.venv/bin/activate
2025-05-30 18:03:52.360 [info] > conda info --json
2025-05-30 18:03:56.870 [info] Starting Environment refresh
2025-05-30 18:03:56.870 [info] Searching for interpreters in posix paths locator
2025-05-30 18:03:56.899 [info] Searching for pyenv environments
2025-05-30 18:03:56.899 [info] Searching for conda environments
2025-05-30 18:03:56.900 [info] Searching for global virtual environments
2025-05-30 18:03:56.900 [info] Searching for custom virtual environments
2025-05-30 18:03:56.901 [info] pyenv is not installed
2025-05-30 18:03:56.901 [info] Finished searching for pyenv environments: 3 milliseconds
2025-05-30 18:03:56.902 [info] Finished searching for custom virtual envs: 2 milliseconds
2025-05-30 18:03:56.903 [info] Finished searching for global virtual envs: 4 milliseconds
2025-05-30 18:03:56.917 [info] Found: /bin/python --> /bin/python3.13
2025-05-30 18:03:56.918 [info] Found: /bin/python3 --> /bin/python3.13
2025-05-30 18:03:56.918 [info] Found: /bin/python3.13 --> /bin/python3.13
2025-05-30 18:03:56.958 [info] Found: /sbin/python --> /sbin/python3.13
2025-05-30 18:03:56.958 [info] Found: /sbin/python3 --> /sbin/python3.13
2025-05-30 18:03:56.958 [info] Found: /sbin/python3.13 --> /sbin/python3.13
2025-05-30 18:03:56.967 [info] Found: /usr/bin/python --> /usr/bin/python3.13
2025-05-30 18:03:56.967 [info] Found: /usr/bin/python3 --> /usr/bin/python3.13
2025-05-30 18:03:56.967 [info] Found: /usr/bin/python3.13 --> /usr/bin/python3.13
2025-05-30 18:03:57.004 [info] Found: /usr/sbin/python --> /usr/sbin/python3.13
2025-05-30 18:03:57.005 [info] Found: /usr/sbin/python3 --> /usr/sbin/python3.13
2025-05-30 18:03:57.005 [info] Found: /usr/sbin/python3.13 --> /usr/sbin/python3.13
2025-05-30 18:03:57.022 [info] > /bin/python -I ~/.vscode-oss/extensions/ms-python.python-2025.4.0-universal/python_files/get_output_via_markers.py ~/.vscode-oss/extensions/ms-python.python-2025.4.0-universal/python_files/interpreterInfo.py
2025-05-30 18:03:57.035 [info] > /sbin/python -I ~/.vscode-oss/extensions/ms-python.python-2025.4.0-universal/python_files/get_output_via_markers.py ~/.vscode-oss/extensions/ms-python.python-2025.4.0-universal/python_files/interpreterInfo.py
2025-05-30 18:03:57.049 [info] Finished searching for interpreters in posix paths locator: 178 milliseconds
2025-05-30 18:03:57.049 [info] > /usr/bin/python -I ~/.vscode-oss/extensions/ms-python.python-2025.4.0-universal/python_files/get_output_via_markers.py ~/.vscode-oss/extensions/ms-python.python-2025.4.0-universal/python_files/interpreterInfo.py
2025-05-30 18:03:57.062 [info] > /usr/sbin/python -I ~/.vscode-oss/extensions/ms-python.python-2025.4.0-universal/python_files/get_output_via_markers.py ~/.vscode-oss/extensions/ms-python.python-2025.4.0-universal/python_files/interpreterInfo.py
2025-05-30 18:03:57.062 [info] Environments refresh paths discovered (event): 197 milliseconds
2025-05-30 18:03:57.062 [info] Environments refresh paths discovered: 197 milliseconds
2025-05-30 18:03:57.082 [info] Environments refresh finished (event): 217 milliseconds
2025-05-30 18:03:57.100 [info] Environment refresh took 235 milliseconds
2025-05-30 18:03:58.744 [info] > . ./.venv/bin/activate && echo 'e8b39361-0157-4923-80e1-22d70d46dee6' && python ~/.vscode-oss/extensions/ms-python.python-2025.4.0-universal/python_files/printEnvVariables.py
2025-05-30 18:03:58.744 [info] shell: bash
2025-05-30 18:03:58.748 [info] > . ./.venv/bin/activate && echo 'e8b39361-0157-4923-80e1-22d70d46dee6' && python ~/.vscode-oss/extensions/ms-python.python-2025.4.0-universal/python_files/printEnvVariables.py
2025-05-30 18:03:58.748 [info] shell: bash
2025-05-31 17:34:24.411 [info] > . ./.venv/bin/activate && echo 'e8b39361-0157-4923-80e1-22d70d46dee6' && python ~/.vscode-oss/extensions/ms-python.python-2025.4.0-universal/python_files/printEnvVariables.py
2025-05-31 17:34:24.411 [info] shell: bash
2025-05-31 18:07:15.796 [info] > . ./.venv/bin/activate && echo 'e8b39361-0157-4923-80e1-22d70d46dee6' && python ~/.vscode-oss/extensions/ms-python.python-2025.4.0-universal/python_files/printEnvVariables.py
2025-05-31 18:07:15.796 [info] shell: bash
2025-05-31 19:14:23.931 [info] Send text to terminal: source /home/dimgerasimou/Numerical_Analysis/.venv/bin/activate
2025-05-31 19:20:19.757 [info] > . ./.venv/bin/activate && echo 'e8b39361-0157-4923-80e1-22d70d46dee6' && python ~/.vscode-oss/extensions/ms-python.python-2025.4.0-universal/python_files/printEnvVariables.py
2025-05-31 19:20:19.757 [info] shell: bash
2025-05-31 19:38:11.759 [info] > . ./.venv/bin/activate && echo 'e8b39361-0157-4923-80e1-22d70d46dee6' && python ~/.vscode-oss/extensions/ms-python.python-2025.4.0-universal/python_files/printEnvVariables.py
2025-05-31 19:38:11.759 [info] shell: bash
2025-05-31 19:57:20.230 [info] Send text to terminal: source /home/dimgerasimou/Numerical_Analysis/.venv/bin/activate
2025-05-31 21:39:04.488 [info] > . ./.venv/bin/activate && echo 'e8b39361-0157-4923-80e1-22d70d46dee6' && python ~/.vscode-oss/extensions/ms-python.python-2025.4.0-universal/python_files/printEnvVariables.py
2025-05-31 21:39:04.488 [info] shell: bash
