2025-05-31 23:48:26.358 [info] Telemetry level is off
2025-05-31 23:48:26.358 [info] Experiments are disabled, only manually opted experiments are active.
2025-05-31 23:48:26.358 [warning] Dir "/home/dimgerasimou/luben/.pixi/envs" is not watchable (directory does not exist)
2025-05-31 23:48:26.358 [info] > conda info --json
2025-05-31 23:48:26.358 [info] Python interpreter path: ./.venv/bin/python
2025-05-31 23:48:26.373 [info] > pyenv which python
2025-05-31 23:48:26.373 [info] cwd: .
2025-05-31 23:48:26.755 [info] Starting Environment refresh
2025-05-31 23:48:26.755 [info] Searching for interpreters in posix paths locator
2025-05-31 23:48:26.756 [info] Searching for pyenv environments
2025-05-31 23:48:26.756 [info] Searching for conda environments
2025-05-31 23:48:26.756 [info] Searching for global virtual environments
2025-05-31 23:48:26.756 [info] Searching for custom virtual environments
2025-05-31 23:48:26.763 [info] > hatch env show --json
2025-05-31 23:48:26.763 [info] cwd: .
2025-05-31 23:48:26.764 [info] pyenv is not installed
2025-05-31 23:48:26.764 [info] Finished searching for pyenv environments: 9 milliseconds
2025-05-31 23:48:26.765 [info] Finished searching for custom virtual envs: 9 milliseconds
2025-05-31 23:48:26.772 [info] Finished searching for global virtual envs: 16 milliseconds
2025-05-31 23:48:26.782 [info] Found: /bin/python --> /bin/python3.13
2025-05-31 23:48:26.783 [info] Found: /bin/python3 --> /bin/python3.13
2025-05-31 23:48:26.783 [info] Found: /bin/python3.13 --> /bin/python3.13
2025-05-31 23:48:26.791 [info] > ./.venv/bin/python -I ~/.vscode-oss/extensions/ms-python.python-2025.4.0-universal/python_files/get_output_via_markers.py ~/.vscode-oss/extensions/ms-python.python-2025.4.0-universal/python_files/interpreterInfo.py
2025-05-31 23:48:26.825 [info] Found: /sbin/python --> /sbin/python3.13
2025-05-31 23:48:26.825 [info] Found: /sbin/python3 --> /sbin/python3.13
2025-05-31 23:48:26.825 [info] Found: /sbin/python3.13 --> /sbin/python3.13
2025-05-31 23:48:26.832 [info] Found: /usr/bin/python --> /usr/bin/python3.13
2025-05-31 23:48:26.832 [info] Found: /usr/bin/python3 --> /usr/bin/python3.13
2025-05-31 23:48:26.832 [info] Found: /usr/bin/python3.13 --> /usr/bin/python3.13
2025-05-31 23:48:26.926 [info] Found: /usr/sbin/python --> /usr/sbin/python3.13
2025-05-31 23:48:26.926 [info] Found: /usr/sbin/python3 --> /usr/sbin/python3.13
2025-05-31 23:48:26.927 [info] Found: /usr/sbin/python3.13 --> /usr/sbin/python3.13
2025-05-31 23:48:26.939 [info] > /bin/python -I ~/.vscode-oss/extensions/ms-python.python-2025.4.0-universal/python_files/get_output_via_markers.py ~/.vscode-oss/extensions/ms-python.python-2025.4.0-universal/python_files/interpreterInfo.py
2025-05-31 23:48:26.950 [info] > /sbin/python -I ~/.vscode-oss/extensions/ms-python.python-2025.4.0-universal/python_files/get_output_via_markers.py ~/.vscode-oss/extensions/ms-python.python-2025.4.0-universal/python_files/interpreterInfo.py
2025-05-31 23:48:26.957 [info] Finished searching for interpreters in posix paths locator: 203 milliseconds
2025-05-31 23:48:26.962 [info] Environments refresh paths discovered (event): 208 milliseconds
2025-05-31 23:48:26.962 [info] Environments refresh paths discovered: 208 milliseconds
2025-05-31 23:48:26.974 [info] > /usr/bin/python -I ~/.vscode-oss/extensions/ms-python.python-2025.4.0-universal/python_files/get_output_via_markers.py ~/.vscode-oss/extensions/ms-python.python-2025.4.0-universal/python_files/interpreterInfo.py
2025-05-31 23:48:26.982 [info] > /usr/sbin/python -I ~/.vscode-oss/extensions/ms-python.python-2025.4.0-universal/python_files/get_output_via_markers.py ~/.vscode-oss/extensions/ms-python.python-2025.4.0-universal/python_files/interpreterInfo.py
2025-05-31 23:48:27.008 [info] Environments refresh finished (event): 254 milliseconds
2025-05-31 23:48:27.013 [info] Environment refresh took 260 milliseconds
2025-05-31 23:48:27.073 [info] > . ./.venv/bin/activate && echo 'e8b39361-0157-4923-80e1-22d70d46dee6' && python ~/.vscode-oss/extensions/ms-python.python-2025.4.0-universal/python_files/printEnvVariables.py
2025-05-31 23:48:27.073 [info] shell: bash
2025-05-31 23:48:27.088 [info] > . ./.venv/bin/activate && echo 'e8b39361-0157-4923-80e1-22d70d46dee6' && python ~/.vscode-oss/extensions/ms-python.python-2025.4.0-universal/python_files/printEnvVariables.py
2025-05-31 23:48:27.088 [info] shell: bash
2025-05-31 23:48:27.325 [info] Starting Jedi language server for luben.
