2025-05-31 22:01:07.695 [info] [main] Log level: Info
2025-05-31 22:01:07.695 [info] [main] Validating found git in: "git"
2025-05-31 22:01:07.695 [info] [main] Using git "2.49.0" from "git"
2025-05-31 22:01:07.695 [info] [Model][doInitialScan] Initial repository scan started
2025-05-31 22:01:07.695 [info] > git rev-parse --show-toplevel [332ms]
2025-05-31 22:01:07.695 [info] fatal: not a git repository (or any parent up to mount point /)
Stopping at filesystem boundary (GIT_DISCOVERY_ACROSS_FILESYSTEM not set).
2025-05-31 22:01:07.696 [info] > git rev-parse --show-toplevel [201ms]
2025-05-31 22:01:07.696 [info] fatal: not a git repository (or any parent up to mount point /)
Stopping at filesystem boundary (GIT_DISCOVERY_ACROSS_FILESYSTEM not set).
2025-05-31 22:01:07.696 [info] > git rev-parse --show-toplevel [18ms]
2025-05-31 22:01:07.696 [info] fatal: not a git repository (or any parent up to mount point /)
Stopping at filesystem boundary (GIT_DISCOVERY_ACROSS_FILESYSTEM not set).
2025-05-31 22:01:07.696 [info] [Model][doInitialScan] Initial repository scan completed - repositories (0), closed repositories (0), parent repositories (0), unsafe repositories (0)
2025-05-31 22:01:07.725 [info] > git rev-parse --show-toplevel [10ms]
2025-05-31 22:01:07.725 [info] fatal: not a git repository (or any parent up to mount point /)
Stopping at filesystem boundary (GIT_DISCOVERY_ACROSS_FILESYSTEM not set).
2025-05-31 22:01:07.786 [info] > git rev-parse --show-toplevel [26ms]
2025-05-31 22:01:07.786 [info] fatal: not a git repository (or any parent up to mount point /)
Stopping at filesystem boundary (GIT_DISCOVERY_ACROSS_FILESYSTEM not set).
2025-05-31 22:01:08.743 [info] > git rev-parse --show-toplevel [1ms]
2025-05-31 22:01:08.743 [info] fatal: not a git repository (or any parent up to mount point /)
Stopping at filesystem boundary (GIT_DISCOVERY_ACROSS_FILESYSTEM not set).
2025-05-31 22:01:10.012 [info] > git rev-parse --show-toplevel [1ms]
2025-05-31 22:01:10.012 [info] fatal: not a git repository (or any parent up to mount point /)
Stopping at filesystem boundary (GIT_DISCOVERY_ACROSS_FILESYSTEM not set).
2025-05-31 22:02:38.057 [info] > git rev-parse --show-toplevel [1ms]
2025-05-31 22:02:38.058 [info] fatal: not a git repository (or any parent up to mount point /)
Stopping at filesystem boundary (GIT_DISCOVERY_ACROSS_FILESYSTEM not set).
