make all --print-data-base --no-builtin-variables --no-builtin-rules --question
# GNU Make 4.4.1
# Built for x86_64-pc-linux-gnu
# Copyright (C) 1988-2023 Free Software Foundation, Inc.
# License GPLv3+: GNU GPL version 3 or later <https://gnu.org/licenses/gpl.html>
# This is free software: you are free to change and redistribute it.
# There is NO WARRANTY, to the extent permitted by law.

# Make data base, printed on Wed Aug 14 15:53:46 2024

# Variables

# makefile (from 'Makefile', line 8)
OBJ = $(SRC:.c=.o)
# environment
GDK_BACKEND = x11
# default
ARFLAGS := -rv
# environment
LC_ALL = C
# environment
NO_AT_BRIDGE = 1
# makefile (from 'Makefile', line 7)
SRC = st.c x.c hb.c
# default
FFLAGS := -O1
# environment
VSCODE_CRASH_REPORTER_PROCESS_TYPE = extensionHost
# environment
VSCODE_CWD = /home/dimgerasimou
# makefile (from 'config.mk', line 20)
LIBS = -L$(X11LIB) -lm -lrt -lX11 -lutil -lXft -lXrender `$(PKG_CONFIG) --libs fontconfig`  `$(PKG_CONFIG) --libs freetype2`  `$(PKG_CONFIG) --libs harfbuzz`
# default
MAKE_COMMAND := make
# automatic
@D = $(patsubst %/,%,$(dir $@))
# makefile (from 'config.mk', line 27)
STCFLAGS = $(INCS) $(STCPPFLAGS) $(CPPFLAGS) $(CFLAGS)
# environment
VSCODE_HANDLES_UNCAUGHT_ERRORS = true
# default
.VARIABLES := 
# environment
PWD = /home/dimgerasimou/.local/src/st
# automatic
%D = $(patsubst %/,%,$(dir $%))
# environment
MAIL = /var/spool/mail/dimgerasimou
# makefile (from 'config.mk', line 13)
PKG_CONFIG = pkg-config
# environment
OLDPWD = /home/dimgerasimou
# automatic
^D = $(patsubst %/,%,$(dir $^))
# automatic
%F = $(notdir $%)
# environment
VSCODE_CODE_CACHE_PATH = /home/dimgerasimou/.config/VSCodium/CachedData/1ff04139c0ffdd7ef85760b15566fe2de88da2ec
# environment
XDG_SESSION_PATH = /org/freedesktop/DisplayManager/Session1
# environment
LANG = C
# environment
XAUTHORITY = /tmp/xauth_dQsZoY
# default
.LOADED := 
# default
.INCLUDE_DIRS := /usr/local/include /usr/include
# makefile
MAKEFLAGS = pqrR
# makefile
CURDIR := /home/dimgerasimou/.local/src/st
# environment
VSCODE_L10N_BUNDLE_LOCATION = 
# automatic
*D = $(patsubst %/,%,$(dir $*))
# makefile (from 'config.mk', line 2)
VERSION = 0.9.2
# environment
MFLAGS = -pqrR
# default
.SHELLFLAGS := -ec
# automatic
+D = $(patsubst %/,%,$(dir $+))
# environment
XDG_SESSION_DESKTOP = DWM
# makefile (from 'config.mk', line 1)
MAKEFILE_LIST := Makefile config.mk
# automatic
@F = $(notdir $@)
# environment
VSCODE_PID = 33378
# environment
XDG_SESSION_TYPE = x11
# automatic
?D = $(patsubst %/,%,$(dir $?))
# automatic
*F = $(notdir $*)
# environment
QT_QPA_PLATFORMTHEME = qt6ct
# environment
CHROME_DESKTOP = codium-url-handler.desktop
# environment
DBUS_SESSION_BUS_ADDRESS = unix:path=/run/user/1000/bus
# automatic
<D = $(patsubst %/,%,$(dir $<))
# environment
VSCODE_NLS_CONFIG = {"userLocale":"en-us","osLocale":"en-us","resolvedLanguage":"en","defaultMessagesFile":"/opt/vscodium-bin/resources/app/out/nls.messages.json","locale":"en","availableLanguages":{}}
# default
MAKE_HOST := x86_64-pc-linux-gnu
# makefile
SHELL = /bin/sh
# default
MAKECMDGOALS := all
# environment
SHLVL = 1
# environment
MAKELEVEL := 0
# default
MAKE = $(MAKE_COMMAND)
# default
FC := fort77
# environment
PATH = /usr/local/sbin:/usr/local/bin:/usr/bin:/usr/bin/site_perl:/usr/bin/vendor_perl:/usr/bin/core_perl
# default
MAKEFILES := 
# environment
MOTD_SHOWN = pam
# automatic
^F = $(notdir $^)
# makefile (from 'config.mk', line 7)
PREFIX = /usr/local
# makefile (from 'config.mk', line 16)
INCS = -I$(X11INC)  `$(PKG_CONFIG) --cflags fontconfig`  `$(PKG_CONFIG) --cflags freetype2`  `$(PKG_CONFIG) --cflags harfbuzz`
# automatic
?F = $(notdir $?)
# environment
XDG_SEAT = seat0
# environment
XDG_CURRENT_DESKTOP = DWM
# automatic
+F = $(notdir $+)
# environment
XDG_SEAT_PATH = /org/freedesktop/DisplayManager/Seat0
# environment
DESKTOP_SESSION = dwm
# environment
ORIGINAL_XDG_CURRENT_DESKTOP = DWM
# 'override' directive
GNUMAKEFLAGS := 
# environment
LOGNAME = dimgerasimou
# makefile (from 'config.mk', line 10)
X11INC = /usr/X11R6/include
# environment
XDG_VTNR = 2
# makefile
.DEFAULT_GOAL := all
# environment
DISPLAY = :0
# environment
GTK_MODULES = canberra-gtk-module
# environment
USER = dimgerasimou
# default
MAKE_VERSION := 4.4.1
# default
SCCSGETFLAGS := -s
# environment
DEBUGINFOD_URLS = https://debuginfod.archlinux.org 
# environment
_ = /usr/bin/make
# environment
XDG_RUNTIME_DIR = /run/user/1000
# default
CFLAGS := -O1
# makefile (from 'config.mk', line 26)
STCPPFLAGS = -DVERSION=\"$(VERSION)\" -D_XOPEN_SOURCE=600
# environment
XDG_SESSION_CLASS = user
# environment
VSCODE_AMD_ENTRYPOINT = vs/workbench/api/node/extensionHostProcess
# environment
HOME = /home/dimgerasimou
# makefile (from 'config.mk', line 8)
MANPREFIX = $(PREFIX)/share/man
# makefile (from 'config.mk', line 28)
STLDFLAGS = $(LIBS) $(LDFLAGS)
# environment
ELECTRON_RUN_AS_NODE = 1
# environment
VSCODE_IPC_HOOK = /run/user/1000/vscode-0324d0fd-1.92-main.sock
# environment
XDG_SESSION_ID = 2
# default
.RECIPEPREFIX := 
# automatic
<F = $(notdir $<)
# default
SUFFIXES := 
# makefile (from 'config.mk', line 11)
X11LIB = /usr/X11R6/lib
# environment
VSCODE_CLI = 1
# environment
ELECTRON_NO_ATTACH_CONSOLE = 1
# default
.FEATURES := target-specific order-only second-expansion else-if shortest-stem undefine oneshell nocomment grouped-target extra-prereqs notintermediate shell-export archives jobserver jobserver-fifo output-sync check-symlink guile load
# default
CC := c99
# variable set hash-table stats:
# Load=99/1024=10%, Rehash=0, Collisions=11/135=8%

# Pattern-specific Variable Values

# No pattern-specific variable values.

# Directories

# . (device 66308, inode 397419): 24 files, no impossibilities.

# 24 files, no impossibilities in 1 directories.

# Implicit Rules

# No implicit rules.

# Files

dist: clean
#  Phony target (prerequisite of .PHONY).
#  Implicit rule search has not been done.
#  File does not exist.
#  File has not been updated.
#  recipe to execute (from 'Makefile', line 28):
	mkdir -p st-$(VERSION)
	cp -R FAQ LEGACY TODO LICENSE Makefile README config.mk\
		config.def.h st.info st.1 arg.h st.h win.h $(SRC)\
		st-$(VERSION)
	tar -cf - st-$(VERSION) | gzip > st-$(VERSION).tar.gz
	rm -rf st-$(VERSION)

.c.o:
#  Implicit rule search has not been done.
#  Modification time never checked.
#  File has not been updated.
#  recipe to execute (from 'Makefile', line 13):
	$(CC) $(STCFLAGS) -c $<

# Not a target:
arg.h:
#  Implicit rule search has been done.
#  File is secondary (prerequisite of .SECONDARY).
#  Last modified 2024-08-13 04:12:25.100001343
#  File has been updated.
#  Successfully updated.

hb.o: st.h config.h config.mk
#  Implicit rule search has been done.
#  File is secondary (prerequisite of .SECONDARY).
#  Last modified 2024-08-14 05:41:46.573341206
#  File has been updated.
#  Successfully updated.

# Not a target:
st.h:
#  Implicit rule search has been done.
#  File is secondary (prerequisite of .SECONDARY).
#  Last modified 2024-08-14 05:07:11.733340044
#  File has been updated.
#  Successfully updated.

# Not a target:
Makefile:
#  Implicit rule search has been done.
#  File is secondary (prerequisite of .SECONDARY).
#  Last modified 2024-08-14 05:07:07.51334004
#  File has been updated.
#  Successfully updated.

st.o: config.h st.h win.h config.h config.mk
#  Implicit rule search has been done.
#  File is secondary (prerequisite of .SECONDARY).
#  Last modified 2024-08-14 05:41:46.230007873
#  File has been updated.
#  Successfully updated.

x.o: arg.h config.h st.h win.h hb.h config.h config.mk
#  Implicit rule search has been done.
#  File is secondary (prerequisite of .SECONDARY).
#  Last modified 2024-08-14 05:41:46.520007873
#  File has been updated.
#  Successfully updated.

uninstall:
#  Phony target (prerequisite of .PHONY).
#  Implicit rule search has not been done.
#  File does not exist.
#  File has not been updated.
#  recipe to execute (from 'Makefile', line 46):
	rm -f $(DESTDIR)$(PREFIX)/bin/st
	rm -f $(DESTDIR)$(MANPREFIX)/man1/st.1

clean:
#  Phony target (prerequisite of .PHONY).
#  Implicit rule search has not been done.
#  File does not exist.
#  File has not been updated.
#  recipe to execute (from 'Makefile', line 25):
	rm -f st $(OBJ) st-$(VERSION).tar.gz

# Not a target:
hb.h:
#  Implicit rule search has been done.
#  File is secondary (prerequisite of .SECONDARY).
#  Last modified 2024-08-13 04:12:25.100001343
#  File has been updated.
#  Successfully updated.

# Not a target:
.DEFAULT:
#  Implicit rule search has not been done.
#  Modification time never checked.
#  File has not been updated.

all: st
#  Phony target (prerequisite of .PHONY).
#  Command line target.
#  Implicit rule search has not been done.
#  File does not exist.
#  File has been updated.
#  Successfully updated.

# Not a target:
config.mk:
#  Implicit rule search has been done.
#  File is secondary (prerequisite of .SECONDARY).
#  Last modified 2024-08-14 01:09:07.296668606
#  File has been updated.
#  Successfully updated.

st: st.o x.o hb.o
#  Implicit rule search has not been done.
#  File is secondary (prerequisite of .SECONDARY).
#  Last modified 2024-08-14 05:41:46.596674539
#  File has been updated.
#  Successfully updated.
#  recipe to execute (from 'Makefile', line 22):
	$(CC) -o $@ $(OBJ) $(STLDFLAGS)

# Not a target:
config.h:
#  Implicit rule search has been done.
#  File is secondary (prerequisite of .SECONDARY).
#  Last modified 2024-08-14 05:41:42.636674535
#  File has been updated.
#  Successfully updated.

.POSIX:
#  Implicit rule search has not been done.
#  Modification time never checked.
#  File has not been updated.

install: st
#  Phony target (prerequisite of .PHONY).
#  Implicit rule search has not been done.
#  File does not exist.
#  File has not been updated.
#  recipe to execute (from 'Makefile', line 36):
	mkdir -p $(DESTDIR)$(PREFIX)/bin
	cp -f st $(DESTDIR)$(PREFIX)/bin
	chmod 755 $(DESTDIR)$(PREFIX)/bin/st
	mkdir -p $(DESTDIR)$(MANPREFIX)/man1
	sed "s/VERSION/$(VERSION)/g" < st.1 > $(DESTDIR)$(MANPREFIX)/man1/st.1
	chmod 644 $(DESTDIR)$(MANPREFIX)/man1/st.1
	tic -sx st.info
	@echo Please see the README file regarding the terminfo entry of st.

# Not a target:
win.h:
#  Implicit rule search has been done.
#  File is secondary (prerequisite of .SECONDARY).
#  Last modified 2024-08-13 04:12:25.100001343
#  File has been updated.
#  Successfully updated.

.PHONY: all clean dist install uninstall
#  Implicit rule search has not been done.
#  Modification time never checked.
#  File has not been updated.

# files hash-table stats:
# Load=21/1024=2%, Rehash=0, Collisions=0/60=0%
# VPATH Search Paths

# No 'vpath' search paths.

# No general ('VPATH' variable) search path.

# strcache buffers: 1 (0) / strings = 37 / storage = 271 B / avg = 7 B
# current buf: size = 8162 B / used = 271 B / count = 37 / avg = 7 B

# strcache performance: lookups = 87 / hit rate = 57%
# hash-table stats:
# Load=37/8192=0%, Rehash=0, Collisions=0/87=0%
# Finished Make data base on Wed Aug 14 15:53:46 2024

 
