2025-05-20 20:41:03.912 [info] [main] Log level: Info
2025-05-20 20:41:03.912 [info] [main] Validating found git in: "git"
2025-05-20 20:41:03.912 [info] [main] Using git "2.49.0" from "git"
2025-05-20 20:41:03.912 [info] [Model][doInitialScan] Initial repository scan started
2025-05-20 20:41:03.912 [info] > git rev-parse --show-toplevel [2ms]
2025-05-20 20:41:03.912 [info] fatal: not a git repository (or any parent up to mount point /)
Stopping at filesystem boundary (GIT_DISCOVERY_ACROSS_FILESYSTEM not set).
2025-05-20 20:41:03.912 [info] [Model][doInitialScan] Initial repository scan completed - repositories (0), closed repositories (0), parent repositories (0), unsafe repositories (0)
2025-05-20 20:41:05.504 [info] > git rev-parse --show-toplevel [1ms]
2025-05-20 20:41:05.504 [info] fatal: not a git repository (or any parent up to mount point /)
Stopping at filesystem boundary (GIT_DISCOVERY_ACROSS_FILESYSTEM not set).
2025-05-20 20:41:39.435 [info] > git rev-parse --show-toplevel [1ms]
2025-05-20 20:41:39.435 [info] fatal: not a git repository (or any parent up to mount point /)
Stopping at filesystem boundary (GIT_DISCOVERY_ACROSS_FILESYSTEM not set).
2025-05-20 20:41:55.675 [info] > git rev-parse --show-toplevel [1ms]
2025-05-20 20:41:55.675 [info] fatal: not a git repository (or any parent up to mount point /)
Stopping at filesystem boundary (GIT_DISCOVERY_ACROSS_FILESYSTEM not set).
2025-05-20 20:42:12.564 [info] > git rev-parse --show-toplevel [2ms]
2025-05-20 20:42:12.564 [info] fatal: not a git repository (or any parent up to mount point /)
Stopping at filesystem boundary (GIT_DISCOVERY_ACROSS_FILESYSTEM not set).
2025-05-20 20:44:44.169 [info] > git rev-parse --show-toplevel [4ms]
2025-05-20 20:44:44.169 [info] fatal: not a git repository (or any parent up to mount point /)
Stopping at filesystem boundary (GIT_DISCOVERY_ACROSS_FILESYSTEM not set).
