2025-05-31 22:01:07.415 [info] Telemetry level is off
2025-05-31 22:01:07.415 [info] Experiments are disabled, only manually opted experiments are active.
2025-05-31 22:01:07.415 [warning] Dir "/home/dimgerasimou/Numerical_Analysis/.pixi/envs" is not watchable (directory does not exist)
2025-05-31 22:01:07.415 [info] Python interpreter path: ./.venv/bin/python
2025-05-31 22:01:07.415 [info] > conda info --json
2025-05-31 22:01:07.423 [info] > pyenv which python
2025-05-31 22:01:07.423 [info] cwd: .
2025-05-31 22:01:08.119 [info] Starting Environment refresh
2025-05-31 22:01:08.120 [info] Searching for interpreters in posix paths locator
2025-05-31 22:01:08.121 [info] Searching for pyenv environments
2025-05-31 22:01:08.121 [info] Searching for conda environments
2025-05-31 22:01:08.121 [info] Searching for global virtual environments
2025-05-31 22:01:08.121 [info] Searching for custom virtual environments
2025-05-31 22:01:08.128 [info] > hatch env show --json
2025-05-31 22:01:08.128 [info] cwd: .
2025-05-31 22:01:08.132 [info] pyenv is not installed
2025-05-31 22:01:08.132 [info] Finished searching for pyenv environments: 12 milliseconds
2025-05-31 22:01:08.132 [info] Finished searching for custom virtual envs: 12 milliseconds
2025-05-31 22:01:08.138 [info] Finished searching for global virtual envs: 18 milliseconds
2025-05-31 22:01:08.248 [info] Found: /bin/python --> /bin/python3.13
2025-05-31 22:01:08.249 [info] Found: /bin/python3 --> /bin/python3.13
2025-05-31 22:01:08.250 [info] Found: /bin/python3.13 --> /bin/python3.13
2025-05-31 22:01:08.261 [info] > ./.venv/bin/python -I ~/.vscode-oss/extensions/ms-python.python-2025.4.0-universal/python_files/get_output_via_markers.py ~/.vscode-oss/extensions/ms-python.python-2025.4.0-universal/python_files/interpreterInfo.py
2025-05-31 22:01:08.280 [info] Found: /sbin/python --> /sbin/python3.13
2025-05-31 22:01:08.281 [info] Found: /sbin/python3 --> /sbin/python3.13
2025-05-31 22:01:08.281 [info] Found: /sbin/python3.13 --> /sbin/python3.13
2025-05-31 22:01:08.287 [info] Found: /usr/bin/python --> /usr/bin/python3.13
2025-05-31 22:01:08.287 [info] Found: /usr/bin/python3 --> /usr/bin/python3.13
2025-05-31 22:01:08.287 [info] Found: /usr/bin/python3.13 --> /usr/bin/python3.13
2025-05-31 22:01:08.313 [info] Found: /usr/sbin/python --> /usr/sbin/python3.13
2025-05-31 22:01:08.313 [info] Found: /usr/sbin/python3 --> /usr/sbin/python3.13
2025-05-31 22:01:08.313 [info] Found: /usr/sbin/python3.13 --> /usr/sbin/python3.13
2025-05-31 22:01:08.330 [info] > /bin/python -I ~/.vscode-oss/extensions/ms-python.python-2025.4.0-universal/python_files/get_output_via_markers.py ~/.vscode-oss/extensions/ms-python.python-2025.4.0-universal/python_files/interpreterInfo.py
2025-05-31 22:01:08.346 [info] > /sbin/python -I ~/.vscode-oss/extensions/ms-python.python-2025.4.0-universal/python_files/get_output_via_markers.py ~/.vscode-oss/extensions/ms-python.python-2025.4.0-universal/python_files/interpreterInfo.py
2025-05-31 22:01:08.405 [info] > . ./.venv/bin/activate && echo 'e8b39361-0157-4923-80e1-22d70d46dee6' && python ~/.vscode-oss/extensions/ms-python.python-2025.4.0-universal/python_files/printEnvVariables.py
2025-05-31 22:01:08.405 [info] shell: bash
2025-05-31 22:01:08.412 [info] > . ./.venv/bin/activate && echo 'e8b39361-0157-4923-80e1-22d70d46dee6' && python ~/.vscode-oss/extensions/ms-python.python-2025.4.0-universal/python_files/printEnvVariables.py
2025-05-31 22:01:08.412 [info] shell: bash
2025-05-31 22:01:08.479 [info] Finished searching for interpreters in posix paths locator: 353 milliseconds
2025-05-31 22:01:08.479 [info] > /usr/bin/python -I ~/.vscode-oss/extensions/ms-python.python-2025.4.0-universal/python_files/get_output_via_markers.py ~/.vscode-oss/extensions/ms-python.python-2025.4.0-universal/python_files/interpreterInfo.py
2025-05-31 22:01:08.494 [info] > /usr/sbin/python -I ~/.vscode-oss/extensions/ms-python.python-2025.4.0-universal/python_files/get_output_via_markers.py ~/.vscode-oss/extensions/ms-python.python-2025.4.0-universal/python_files/interpreterInfo.py
2025-05-31 22:01:08.494 [info] Environments refresh paths discovered (event): 375 milliseconds
2025-05-31 22:01:08.494 [info] Environments refresh paths discovered: 375 milliseconds
2025-05-31 22:01:08.532 [info] Environments refresh finished (event): 413 milliseconds
2025-05-31 22:01:08.542 [info] Environment refresh took 424 milliseconds
2025-05-31 22:01:08.676 [info] Starting Jedi language server for Numerical_Analysis.
