make all --print-data-base --no-builtin-variables --no-builtin-rules --question
# GNU Make 4.4.1
# Built for x86_64-pc-linux-gnu
# Copyright (C) 1988-2023 Free Software Foundation, Inc.
# License GPLv3+: GNU GPL version 3 or later <https://gnu.org/licenses/gpl.html>
# This is free software: you are free to change and redistribute it.
# There is NO WARRANTY, to the extent permitted by law.

# Make data base, printed on Wed Apr 23 00:32:04 2025

# Variables

# environment
GDK_BACKEND = x11
# environment
LC_ALL = C
# environment
NO_AT_BRIDGE = 1
# environment
VSCODE_CRASH_REPORTER_PROCESS_TYPE = extensionHost
# environment
VSCODE_CWD = /home/dimgerasimou
# default
MAKE_COMMAND := make
# automatic
@D = $(patsubst %/,%,$(dir $@))
# environment
VSCODE_HANDLES_UNCAUGHT_ERRORS = true
# default
.VARIABLES := 
# environment
PWD = /home/dimgerasimou/.local/src/dwmasyncblocks
# automatic
%D = $(patsubst %/,%,$(dir $%))
# environment
MAIL = /var/spool/mail/dimgerasimou
# environment
OLDPWD = /home/dimgerasimou
# automatic
^D = $(patsubst %/,%,$(dir $^))
# automatic
%F = $(notdir $%)
# environment
VSCODE_CODE_CACHE_PATH = /home/dimgerasimou/.config/VSCodium/CachedData/1f9bbd5db96ffb6200c7732948af7aeb7d0773ae
# environment
XDG_SESSION_PATH = /org/freedesktop/DisplayManager/Session1
# environment
LANG = C
# environment
XAUTHORITY = /tmp/xauth_HhJIRB
# default
.LOADED := 
# default
.INCLUDE_DIRS := /usr/local/include /usr/include
# makefile
MAKEFLAGS = pqrR
# makefile
CURDIR := /home/dimgerasimou/.local/src/dwmasyncblocks
# environment
VSCODE_L10N_BUNDLE_LOCATION = 
# automatic
*D = $(patsubst %/,%,$(dir $*))
# environment
MFLAGS = -pqrR
# default
.SHELLFLAGS := -c
# automatic
+D = $(patsubst %/,%,$(dir $+))
# environment
XDG_SESSION_DESKTOP = DWM
# makefile (from 'Makefile', line 1)
MAKEFILE_LIST := Makefile
# automatic
@F = $(notdir $@)
# environment
VSCODE_PID = 12774
# environment
XDG_SESSION_TYPE = x11
# automatic
?D = $(patsubst %/,%,$(dir $?))
# environment
FREETYPE_PROPERTIES = truetype:interpreter-version=40
# automatic
*F = $(notdir $*)
# environment
QT_QPA_PLATFORMTHEME = qt6ct
# environment
CHROME_DESKTOP = codium.desktop
# environment
DBUS_SESSION_BUS_ADDRESS = unix:path=/run/user/1000/bus
# automatic
<D = $(patsubst %/,%,$(dir $<))
# environment
VSCODE_NLS_CONFIG = {"userLocale":"en-us","osLocale":"en-us","resolvedLanguage":"en","defaultMessagesFile":"/opt/vscodium-bin/resources/app/out/nls.messages.json","locale":"en-us","availableLanguages":{}}
# default
MAKE_HOST := x86_64-pc-linux-gnu
# makefile
SHELL = /bin/sh
# default
MAKECMDGOALS := all
# environment
SHLVL = 1
# environment
 
MAKELEVEL := 0
# default
MAKE = $(MAKE_COMMAND)
# environment
PATH = /usr/local/sbin:/usr/local/bin:/usr/bin:/usr/lib/jvm/default/bin:/usr/bin/site_perl:/usr/bin/vendor_perl:/usr/bin/core_perl:/usr/lib/rustup/bin
# default
MAKEFILES := 
# environment
MOTD_SHOWN = pam
# automatic
^F = $(notdir $^)
# makefile (from 'Makefile', line 4)
PREFIX := /usr/local
# automatic
?F = $(notdir $?)
# environment
XDG_SEAT = seat0
# environment
XDG_CURRENT_DESKTOP = DWM
# automatic
+F = $(notdir $+)
# environment
XDG_SEAT_PATH = /org/freedesktop/DisplayManager/Seat0
# environment
DESKTOP_SESSION = dwm
# environment
ORIGINAL_XDG_CURRENT_DESKTOP = DWM
# 'override' directive
GNUMAKEFLAGS := 
# environment
LOGNAME = dimgerasimou
# environment
XDG_VTNR = 1
# makefile
.DEFAULT_GOAL := all
# environment
DISPLAY = :0
# environment
GTK_MODULES = canberra-gtk-module
# environment
USER = dimgerasimou
# default
MAKE_VERSION := 4.4.1
# makefile (from 'Makefile', line 8)
LDFLAGS := -lX11
# environment
DEBUGINFOD_URLS = https://debuginfod.archlinux.org 
# environment
_ = /usr/bin/make
# environment
XDG_RUNTIME_DIR = /run/user/1000
# makefile (from 'Makefile', line 7)
CFLAGS := -pedantic -Wall -Wno-deprecated-declarations -Os
# environment
XDG_SESSION_CLASS = user
# environment
HOME = /home/dimgerasimou
# makefile (from 'Makefile', line 5)
MANPREFIX = ${PREFIX}/share/man
# environment
ELECTRON_RUN_AS_NODE = 1
# environment
VSCODE_IPC_HOOK = /run/user/1000/vscode-0324d0fd-1.99-main.sock
# environment
XDG_SESSION_ID = 6
# default
.RECIPEPREFIX := 
# automatic
<F = $(notdir $<)
# default
SUFFIXES := 
# environment
VSCODE_CLI = 1
# environment
ELECTRON_NO_ATTACH_CONSOLE = 1
# default
.FEATURES := target-specific order-only second-expansion else-if shortest-stem undefine oneshell nocomment grouped-target extra-prereqs notintermediate shell-export archives jobserver jobserver-fifo output-sync check-symlink guile load
# makefile (from 'Makefile', line 6)
CC := cc
# environment
VSCODE_ESM_ENTRYPOINT = vs/workbench/api/node/extensionHostProcess
# variable set hash-table stats:
# Load=86/1024=8%, Rehash=0, Collisions=3/121=2%

# Pattern-specific Variable Values

# No pattern-specific variable values.

# Directories

# . (device 66313, inode 262455): 17 files, no impossibilities.

# 17 files, no impossibilities in 1 directories.

# Implicit Rules

# No implicit rules.

# Files

dwmblocks: main.c config.h
#  Implicit rule search has not been done.
#  Modification time never checked.
#  File has not been updated.
#  recipe to execute (from 'Makefile', line 19):
	@echo making dwmblocks
	@${CC} -o dwmblocks main.c ${CFLAGS} ${LDFLAGS}

# Not a target:
Makefile:
#  Implicit rule search has been done.
#  File is secondary (prerequisite of .SECONDARY).
#  Last modified 2025-04-23 00:31:52.582733502
#  File has been updated.
#  Successfully updated.

uninstall:
#  Phony target (prerequisite of .PHONY).
#  Implicit rule search has not been done.
#  File does not exist.
#  File has not been updated.
#  recipe to execute (from 'Makefile', line 50):
	@echo removing executable file from ${DESTDIR}${PREFIX}/bin
	@rm -f ${DESTDIR}${PREFIX}/bin/dwmblocks
	@rm -f ${DESTDIR}${PREFIX}/bin/dwmblocksctl
	@echo removing manual page from ${DESTDIR}${MANPREFIX}/man1
	@rm -f ${DESTDIR}${MANPREFIX}/man1/dwmblocks.1
	@rm -f ${DESTDIR}${MANPREFIX}/man1/dwmblocksctl.1

clean:
#  Phony target (prerequisite of .PHONY).
#  Implicit rule search has not been done.
#  File does not exist.
#  File has not been updated.
#  recipe to execute (from 'Makefile', line 30):
	@echo cleaning
	@rm -f *.o *.gch dwmblocks dwmblocksctl

dwmblocksctl: dwmblocksctl.c config.h
#  Implicit rule search has not been done.
#  Modification time never checked.
#  File has not been updated.
#  recipe to execute (from 'Makefile', line 23):
	@echo making dwmblocksctl
	@${CC} -o dwmblocksctl dwmblocksctl.c ${CFLAGS}

# Not a target:
.DEFAULT:
#  Implicit rule search has not been done.
#  Modification time never checked.
#  File has not been updated.

all: options dwmblocks dwmblocksctl
#  Phony target (prerequisite of .PHONY).
#  Command line target.
#  Implicit rule search has not been done.
#  File does not exist.
#  File has been updated.
#  Needs to be updated (-q is set).
# variable set hash-table stats:
# Load=0/32=0%, Rehash=0, Collisions=0/6=0%

# Not a target:
main.c:
#  Implicit rule search has not been done.
#  Modification time never checked.
#  File has not been updated.

# Not a target:
dwmblocksctl.c:
#  Implicit rule search has not been done.
#  Modification time never checked.
#  File has not been updated.

config.h:
#  Implicit rule search has not been done.
#  Modification time never checked.
#  File has not been updated.
#  recipe to execute (from 'Makefile', line 27):
	@cp config.def.h config.h

install: dwmblocks dwmblocksctl
#  Phony target (prerequisite of .PHONY).
#  Implicit rule search has not been done.
#  File does not exist.
#  File has not been updated.
#  recipe to execute (from 'Makefile', line 34):
	@echo installing executable file to ${DESTDIR}${PREFIX}/bin
	@mkdir -p ${DESTDIR}${PREFIX}/bin
	@cp -f dwmblocks ${DESTDIR}${PREFIX}/bin
	@chmod 755 ${DESTDIR}${PREFIX}/bin/dwmblocks
	@cp -f dwmblocksctl ${DESTDIR}${PREFIX}/bin
	@chmod 755 ${DESTDIR}${PREFIX}/bin/dwmblocksctl
	@echo installing manual page to ${DESTDIR}${MANPREFIX}/man1
	@mkdir -p ${DESTDIR}${MANPREFIX}/man1
	@cp -f dwmblocks.1 ${DESTDIR}${MANPREFIX}/man1/dwmblocks.1 
	@chmod 644 ${DESTDIR}${MANPREFIX}/man1/dwmblocks.1
	@cp -f dwmblocksctl.1 ${DESTDIR}${MANPREFIX}/man1/dwmblocksctl.1 
	@chmod 644 ${DESTDIR}${MANPREFIX}/man1/dwmblocksctl.1

# Not a target:
.SUFFIXES:
#  Implicit rule search has not been done.
#  Modification time never checked.
#  File has not been updated.

.PHONY: all options clean install uninstall
#  Implicit rule search has not been done.
#  Modification time never checked.
#  File has not been updated.

options:
#  Phony target (prerequisite of .PHONY).
#  Implicit rule search has not been done.
#  Implicit/static pattern stem: ''
#  File does not exist.
#  File has been updated.
#  Needs to be updated (-q is set).
# automatic
# @ := options
# automatic
# * := 
# automatic
# < := 
# automatic
# + := 
# automatic
# % := 
# automatic
# ^ := 
# automatic
# ? := 
# automatic
# | := 
# variable set hash-table stats:
# Load=8/32=25%, Rehash=0, Collisions=2/14=14%
#  recipe to execute (from 'Makefile', line 13):
	@echo dwmblocks build options:
	@echo "CFLAGS  = ${CFLAGS}"
	@echo "LDFLAGS = ${LDFLAGS}"
	@echo "CC      = ${CC}"

# files hash-table stats:
# Load=14/1024=1%, Rehash=0, Collisions=0/45=0%
# VPATH Search Paths

# No 'vpath' search paths.

# No general ('VPATH' variable) search path.

# strcache buffers: 1 (0) / strings = 28 / storage = 271 B / avg = 9 B
# current buf: size = 8162 B / used = 271 B / count = 28 / avg = 9 B

# strcache performance: lookups = 59 / hit rate = 52%
# hash-table stats:
# Load=28/8192=0%, Rehash=0, Collisions=0/59=0%
# Finished Make data base on Wed Apr 23 00:32:04 2025

 
