2025-05-31 23:48:26.368 [info] [main] Log level: Info
2025-05-31 23:48:26.368 [info] [main] Validating found git in: "git"
2025-05-31 23:48:26.368 [info] [main] Using git "2.49.0" from "git"
2025-05-31 23:48:26.368 [info] [Model][doInitialScan] Initial repository scan started
2025-05-31 23:48:26.368 [info] > git rev-parse --show-toplevel [47ms]
2025-05-31 23:48:26.368 [info] fatal: not a git repository (or any parent up to mount point /)
Stopping at filesystem boundary (GIT_DISCOVERY_ACROSS_FILESYSTEM not set).
2025-05-31 23:48:26.368 [info] > git rev-parse --show-toplevel [149ms]
2025-05-31 23:48:26.368 [info] fatal: not a git repository (or any parent up to mount point /)
Stopping at filesystem boundary (GIT_DISCOVERY_ACROSS_FILESYSTEM not set).
2025-05-31 23:48:26.408 [info] > git rev-parse --show-toplevel [26ms]
2025-05-31 23:48:26.408 [info] fatal: not a git repository (or any parent up to mount point /)
Stopping at filesystem boundary (GIT_DISCOVERY_ACROSS_FILESYSTEM not set).
2025-05-31 23:48:26.408 [info] [Model][doInitialScan] Initial repository scan completed - repositories (0), closed repositories (0), parent repositories (0), unsafe repositories (0)
2025-05-31 23:48:26.449 [info] > git rev-parse --show-toplevel [4ms]
2025-05-31 23:48:26.449 [info] fatal: not a git repository (or any parent up to mount point /)
Stopping at filesystem boundary (GIT_DISCOVERY_ACROSS_FILESYSTEM not set).
2025-05-31 23:48:26.681 [info] > git rev-parse --show-toplevel [18ms]
2025-05-31 23:48:26.681 [info] fatal: not a git repository (or any parent up to mount point /)
Stopping at filesystem boundary (GIT_DISCOVERY_ACROSS_FILESYSTEM not set).
2025-05-31 23:48:26.770 [info] > git rev-parse --show-toplevel [65ms]
2025-05-31 23:48:26.770 [info] fatal: not a git repository (or any parent up to mount point /)
Stopping at filesystem boundary (GIT_DISCOVERY_ACROSS_FILESYSTEM not set).
2025-05-31 23:48:28.934 [info] > git rev-parse --show-toplevel [1ms]
2025-05-31 23:48:28.934 [info] fatal: not a git repository (or any parent up to mount point /)
Stopping at filesystem boundary (GIT_DISCOVERY_ACROSS_FILESYSTEM not set).
