2025-05-27 00:01:15.308 [info] [main] Log level: Info
2025-05-27 00:01:15.308 [info] [main] Validating found git in: "git"
2025-05-27 00:01:15.308 [info] [main] Using git "2.49.0" from "git"
2025-05-27 00:01:15.308 [info] [Model][doInitialScan] Initial repository scan started
2025-05-27 00:01:15.308 [info] > git rev-parse --show-toplevel [235ms]
2025-05-27 00:01:15.308 [info] fatal: not a git repository (or any parent up to mount point /)
Stopping at filesystem boundary (GIT_DISCOVERY_ACROSS_FILESYSTEM not set).
2025-05-27 00:01:15.308 [info] > git rev-parse --show-toplevel [116ms]
2025-05-27 00:01:15.308 [info] fatal: not a git repository (or any parent up to mount point /)
Stopping at filesystem boundary (GIT_DISCOVERY_ACROSS_FILESYSTEM not set).
2025-05-27 00:01:15.318 [info] > git rev-parse --show-toplevel [37ms]
2025-05-27 00:01:15.318 [info] fatal: not a git repository (or any parent up to mount point /)
Stopping at filesystem boundary (GIT_DISCOVERY_ACROSS_FILESYSTEM not set).
2025-05-27 00:01:15.363 [info] > git rev-parse --show-toplevel [10ms]
2025-05-27 00:01:15.363 [info] fatal: not a git repository (or any parent up to mount point /)
Stopping at filesystem boundary (GIT_DISCOVERY_ACROSS_FILESYSTEM not set).
2025-05-27 00:01:15.402 [info] > git rev-parse --show-toplevel [8ms]
2025-05-27 00:01:15.402 [info] fatal: not a git repository (or any parent up to mount point /)
Stopping at filesystem boundary (GIT_DISCOVERY_ACROSS_FILESYSTEM not set).
2025-05-27 00:01:15.418 [info] > git rev-parse --show-toplevel [2ms]
2025-05-27 00:01:15.418 [info] fatal: not a git repository (or any parent up to mount point /)
Stopping at filesystem boundary (GIT_DISCOVERY_ACROSS_FILESYSTEM not set).
2025-05-27 00:01:15.418 [info] [Model][doInitialScan] Initial repository scan completed - repositories (0), closed repositories (0), parent repositories (0), unsafe repositories (0)
2025-05-27 00:01:16.024 [info] > git rev-parse --show-toplevel [1ms]
2025-05-27 00:01:16.024 [info] fatal: not a git repository (or any parent up to mount point /)
Stopping at filesystem boundary (GIT_DISCOVERY_ACROSS_FILESYSTEM not set).
