2025-05-20 20:41:03.313 [info] ComputeTargetPlatform: linux-x64
2025-05-20 20:41:03.319 [info] Marked extension as removed vadimcn.vscode-lldb-1.10.0
2025-05-20 20:41:03.319 [info] Marked extension as removed vadimcn.vscode-lldb-1.11.0
2025-05-20 20:41:03.320 [info] Marked extension as removed vadimcn.vscode-lldb-1.11.1
2025-05-20 20:41:03.362 [info] Deleted marked for removal extension from disk catppuccin.catppuccin-vsc-icons /home/dimgerasimou/.vscode-oss/extensions/catppuccin.catppuccin-vsc-icons-1.20.0-universal
2025-05-20 20:41:05.457 [info] ComputeTargetPlatform: linux-x64
2025-05-20 20:41:28.364 [info] Getting Manifest... ms-python.python
2025-05-20 20:41:29.484 [info] Installing extension: ms-python.python {"isMachineScoped":false,"installPreReleaseVersion":false,"pinned":false,"profileLocation":{"$mid":1,"external":"vscode-userdata:/home/dimgerasimou/.vscode-oss/extensions/extensions.json","path":"/home/dimgerasimou/.vscode-oss/extensions/extensions.json","scheme":"vscode-userdata"},"isApplicationScoped":false,"productVersion":{"version":"1.100.23258","date":"2025-05-15T18:24:48.143Z"}}
2025-05-20 20:41:29.735 [info] Getting Manifest... ms-python.debugpy
2025-05-20 20:41:30.047 [info] Installing extension: ms-python.debugpy {"isMachineScoped":false,"installPreReleaseVersion":false,"pinned":false,"profileLocation":{"$mid":1,"external":"vscode-userdata:/home/dimgerasimou/.vscode-oss/extensions/extensions.json","path":"/home/dimgerasimou/.vscode-oss/extensions/extensions.json","scheme":"vscode-userdata"},"isApplicationScoped":false,"productVersion":{"version":"1.100.23258","date":"2025-05-15T18:24:48.143Z"},"installGivenVersion":false,"context":{"dependecyOrPackExtensionInstall":true}}
2025-05-20 20:41:32.452 [info] Extracted extension to file:///home/dimgerasimou/.vscode-oss/extensions/ms-python.python-2025.4.0-universal: ms-python.python
2025-05-20 20:41:32.499 [info] Renamed to /home/dimgerasimou/.vscode-oss/extensions/ms-python.python-2025.4.0-universal
2025-05-20 20:41:39.351 [info] Extracted extension to file:///home/dimgerasimou/.vscode-oss/extensions/ms-python.debugpy-2025.6.0-linux-x64: ms-python.debugpy
2025-05-20 20:41:39.362 [info] Renamed to /home/dimgerasimou/.vscode-oss/extensions/ms-python.debugpy-2025.6.0-linux-x64
2025-05-20 20:41:39.375 [info] Extension installed successfully: ms-python.python vscode-userdata:/home/dimgerasimou/.vscode-oss/extensions/extensions.json
2025-05-20 20:41:39.375 [info] Extension installed successfully: ms-python.debugpy vscode-userdata:/home/dimgerasimou/.vscode-oss/extensions/extensions.json
2025-05-20 20:41:46.763 [info] Getting Manifest... ms-toolsai.jupyter
2025-05-20 20:41:47.092 [info] Installing extension: ms-toolsai.jupyter {"isMachineScoped":false,"installPreReleaseVersion":false,"pinned":false,"profileLocation":{"$mid":1,"external":"vscode-userdata:/home/dimgerasimou/.vscode-oss/extensions/extensions.json","path":"/home/dimgerasimou/.vscode-oss/extensions/extensions.json","scheme":"vscode-userdata"},"isApplicationScoped":false,"productVersion":{"version":"1.100.23258","date":"2025-05-15T18:24:48.143Z"}}
2025-05-20 20:41:47.256 [info] Getting Manifest... ms-toolsai.jupyter-renderers
2025-05-20 20:41:47.521 [info] Getting Manifest... ms-toolsai.jupyter-keymap
2025-05-20 20:41:47.830 [info] Getting Manifest... ms-toolsai.vscode-jupyter-cell-tags
2025-05-20 20:41:48.138 [info] Getting Manifest... ms-toolsai.vscode-jupyter-slideshow
2025-05-20 20:41:48.448 [info] Installing extension: ms-toolsai.jupyter-renderers {"isMachineScoped":false,"installPreReleaseVersion":false,"pinned":false,"profileLocation":{"$mid":1,"external":"vscode-userdata:/home/dimgerasimou/.vscode-oss/extensions/extensions.json","path":"/home/dimgerasimou/.vscode-oss/extensions/extensions.json","scheme":"vscode-userdata"},"isApplicationScoped":false,"productVersion":{"version":"1.100.23258","date":"2025-05-15T18:24:48.143Z"},"installGivenVersion":false,"context":{"dependecyOrPackExtensionInstall":true}}
2025-05-20 20:41:48.449 [info] Installing extension: ms-toolsai.jupyter-keymap {"isMachineScoped":false,"installPreReleaseVersion":false,"pinned":false,"profileLocation":{"$mid":1,"external":"vscode-userdata:/home/dimgerasimou/.vscode-oss/extensions/extensions.json","path":"/home/dimgerasimou/.vscode-oss/extensions/extensions.json","scheme":"vscode-userdata"},"isApplicationScoped":false,"productVersion":{"version":"1.100.23258","date":"2025-05-15T18:24:48.143Z"},"installGivenVersion":false,"context":{"dependecyOrPackExtensionInstall":true}}
2025-05-20 20:41:48.449 [info] Installing extension: ms-toolsai.vscode-jupyter-cell-tags {"isMachineScoped":false,"installPreReleaseVersion":false,"pinned":false,"profileLocation":{"$mid":1,"external":"vscode-userdata:/home/dimgerasimou/.vscode-oss/extensions/extensions.json","path":"/home/dimgerasimou/.vscode-oss/extensions/extensions.json","scheme":"vscode-userdata"},"isApplicationScoped":false,"productVersion":{"version":"1.100.23258","date":"2025-05-15T18:24:48.143Z"},"installGivenVersion":false,"context":{"dependecyOrPackExtensionInstall":true}}
2025-05-20 20:41:48.449 [info] Installing extension: ms-toolsai.vscode-jupyter-slideshow {"isMachineScoped":false,"installPreReleaseVersion":false,"pinned":false,"profileLocation":{"$mid":1,"external":"vscode-userdata:/home/dimgerasimou/.vscode-oss/extensions/extensions.json","path":"/home/dimgerasimou/.vscode-oss/extensions/extensions.json","scheme":"vscode-userdata"},"isApplicationScoped":false,"productVersion":{"version":"1.100.23258","date":"2025-05-15T18:24:48.143Z"},"installGivenVersion":false,"context":{"dependecyOrPackExtensionInstall":true}}
2025-05-20 20:41:49.152 [info] Extracted extension to file:///home/dimgerasimou/.vscode-oss/extensions/ms-toolsai.jupyter-keymap-1.1.2-universal: ms-toolsai.jupyter-keymap
2025-05-20 20:41:49.156 [info] Renamed to /home/dimgerasimou/.vscode-oss/extensions/ms-toolsai.jupyter-keymap-1.1.2-universal
2025-05-20 20:41:49.411 [info] Extracted extension to file:///home/dimgerasimou/.vscode-oss/extensions/ms-toolsai.vscode-jupyter-slideshow-0.1.6-universal: ms-toolsai.vscode-jupyter-slideshow
2025-05-20 20:41:49.415 [info] Renamed to /home/dimgerasimou/.vscode-oss/extensions/ms-toolsai.vscode-jupyter-slideshow-0.1.6-universal
2025-05-20 20:41:50.203 [info] Extracted extension to file:///home/dimgerasimou/.vscode-oss/extensions/ms-toolsai.jupyter-renderers-1.1.0-universal: ms-toolsai.jupyter-renderers
2025-05-20 20:41:50.209 [info] Renamed to /home/dimgerasimou/.vscode-oss/extensions/ms-toolsai.jupyter-renderers-1.1.0-universal
2025-05-20 20:41:50.317 [info] Extracted extension to file:///home/dimgerasimou/.vscode-oss/extensions/ms-toolsai.vscode-jupyter-cell-tags-0.1.9-universal: ms-toolsai.vscode-jupyter-cell-tags
2025-05-20 20:41:50.321 [info] Renamed to /home/dimgerasimou/.vscode-oss/extensions/ms-toolsai.vscode-jupyter-cell-tags-0.1.9-universal
2025-05-20 20:41:55.574 [info] Extracted extension to file:///home/dimgerasimou/.vscode-oss/extensions/ms-toolsai.jupyter-2025.4.0-universal: ms-toolsai.jupyter
2025-05-20 20:41:55.597 [info] Renamed to /home/dimgerasimou/.vscode-oss/extensions/ms-toolsai.jupyter-2025.4.0-universal
2025-05-20 20:41:55.632 [info] Extension installed successfully: ms-toolsai.jupyter-keymap vscode-userdata:/home/dimgerasimou/.vscode-oss/extensions/extensions.json
2025-05-20 20:41:55.632 [info] Extension installed successfully: ms-toolsai.vscode-jupyter-slideshow vscode-userdata:/home/dimgerasimou/.vscode-oss/extensions/extensions.json
2025-05-20 20:41:55.632 [info] Extension installed successfully: ms-toolsai.jupyter-renderers vscode-userdata:/home/dimgerasimou/.vscode-oss/extensions/extensions.json
2025-05-20 20:41:55.632 [info] Extension installed successfully: ms-toolsai.vscode-jupyter-cell-tags vscode-userdata:/home/dimgerasimou/.vscode-oss/extensions/extensions.json
2025-05-20 20:41:55.632 [info] Extension installed successfully: ms-toolsai.jupyter vscode-userdata:/home/dimgerasimou/.vscode-oss/extensions/extensions.json
2025-05-20 20:41:58.862 [info] Getting Manifest... luma.jupyter
2025-05-20 20:41:59.100 [info] Installing extension: luma.jupyter {"isMachineScoped":false,"installPreReleaseVersion":false,"pinned":false,"profileLocation":{"$mid":1,"external":"vscode-userdata:/home/dimgerasimou/.vscode-oss/extensions/extensions.json","path":"/home/dimgerasimou/.vscode-oss/extensions/extensions.json","scheme":"vscode-userdata"},"isApplicationScoped":false,"productVersion":{"version":"1.100.23258","date":"2025-05-15T18:24:48.143Z"}}
2025-05-20 20:41:59.326 [info] Getting Manifest... ms-toolsai.jupyter-renderers
2025-05-20 20:41:59.606 [info] Getting Manifest... ms-toolsai.jupyter-keymap
2025-05-20 20:42:12.427 [info] Extracted extension to file:///home/dimgerasimou/.vscode-oss/extensions/luma.jupyter-2022.3.108-universal: luma.jupyter
2025-05-20 20:42:12.443 [info] Renamed to /home/dimgerasimou/.vscode-oss/extensions/luma.jupyter-2022.3.108-universal
2025-05-20 20:42:12.462 [info] Extension installed successfully: luma.jupyter vscode-userdata:/home/dimgerasimou/.vscode-oss/extensions/extensions.json
